[2025-06-26T14:10:05.845+0000] {local_task_job_runner.py:120} INFO - ::group::Pre task execution logs
[2025-06-26T14:10:05.904+0000] {taskinstance.py:2076} INFO - Dependencies all met for dep_context=non-requeueable deps ti=<TaskInstance: loan_credit_ml.load_data scheduled__2025-01-01T03:00:00+00:00 [queued]>
[2025-06-26T14:10:05.919+0000] {taskinstance.py:2076} INFO - Dependencies all met for dep_context=requeueable deps ti=<TaskInstance: loan_credit_ml.load_data scheduled__2025-01-01T03:00:00+00:00 [queued]>
[2025-06-26T14:10:05.921+0000] {taskinstance.py:2306} INFO - Starting attempt 1 of 2
[2025-06-26T14:10:05.940+0000] {taskinstance.py:2330} INFO - Executing <Task(PythonOperator): load_data> on 2025-01-01 03:00:00+00:00
[2025-06-26T14:10:05.953+0000] {standard_task_runner.py:90} INFO - Running: ['***', 'tasks', 'run', 'loan_credit_ml', 'load_data', 'scheduled__2025-01-01T03:00:00+00:00', '--job-id', '16', '--raw', '--subdir', 'DAGS_FOLDER/loan_ml_pipeline_dag.py', '--cfg-path', '/tmp/tmpx4iahop3']
[2025-06-26T14:10:05.956+0000] {standard_task_runner.py:91} INFO - Job 16: Subtask load_data
[2025-06-26T14:10:05.958+0000] {logging_mixin.py:188} WARNING - /home/***/.local/lib/python3.12/site-packages/***/task/task_runner/standard_task_runner.py:61 DeprecationWarning: This process (pid=825) is multi-threaded, use of fork() may lead to deadlocks in the child.
[2025-06-26T14:10:05.959+0000] {standard_task_runner.py:63} INFO - Started process 835 to run task
[2025-06-26T14:10:06.019+0000] {task_command.py:426} INFO - Running <TaskInstance: loan_credit_ml.load_data scheduled__2025-01-01T03:00:00+00:00 [running]> on host ab9233100691
[2025-06-26T14:10:06.142+0000] {taskinstance.py:2648} INFO - Exporting env vars: AIRFLOW_CTX_DAG_OWNER='data-team' AIRFLOW_CTX_DAG_ID='loan_credit_ml' AIRFLOW_CTX_TASK_ID='load_data' AIRFLOW_CTX_EXECUTION_DATE='2025-01-01T03:00:00+00:00' AIRFLOW_CTX_TRY_NUMBER='1' AIRFLOW_CTX_DAG_RUN_ID='scheduled__2025-01-01T03:00:00+00:00'
[2025-06-26T14:10:06.144+0000] {taskinstance.py:430} INFO - ::endgroup::
[2025-06-26T14:10:09.496+0000] {logging_mixin.py:188} INFO - [✓] Dataset 2023-01-01 → 2025-01-01: 12,500 rows, 73 features.
[2025-06-26T14:10:09.505+0000] {python.py:237} INFO - Done. Returned value was: None
[2025-06-26T14:10:09.507+0000] {taskinstance.py:441} INFO - ::group::Post task execution logs
[2025-06-26T14:10:09.522+0000] {taskinstance.py:1206} INFO - Marking task as SUCCESS. dag_id=loan_credit_ml, task_id=load_data, run_id=scheduled__2025-01-01T03:00:00+00:00, execution_date=20250101T030000, start_date=20250626T141005, end_date=20250626T141009
[2025-06-26T14:10:09.592+0000] {local_task_job_runner.py:240} INFO - Task exited with return code 0
[2025-06-26T14:10:09.624+0000] {taskinstance.py:3503} INFO - 1 downstream tasks scheduled from follow-on schedule check
[2025-06-26T14:10:09.631+0000] {local_task_job_runner.py:222} INFO - ::endgroup::
[2025-06-26T14:25:39.189+0000] {local_task_job_runner.py:120} INFO - ::group::Pre task execution logs
[2025-06-26T14:25:39.236+0000] {taskinstance.py:2076} INFO - Dependencies all met for dep_context=non-requeueable deps ti=<TaskInstance: loan_credit_ml.load_data scheduled__2025-01-01T03:00:00+00:00 [queued]>
[2025-06-26T14:25:39.252+0000] {taskinstance.py:2076} INFO - Dependencies all met for dep_context=requeueable deps ti=<TaskInstance: loan_credit_ml.load_data scheduled__2025-01-01T03:00:00+00:00 [queued]>
[2025-06-26T14:25:39.253+0000] {taskinstance.py:2306} INFO - Starting attempt 1 of 2
[2025-06-26T14:25:39.273+0000] {taskinstance.py:2330} INFO - Executing <Task(PythonOperator): load_data> on 2025-01-01 03:00:00+00:00
[2025-06-26T14:25:39.290+0000] {standard_task_runner.py:90} INFO - Running: ['***', 'tasks', 'run', 'loan_credit_ml', 'load_data', 'scheduled__2025-01-01T03:00:00+00:00', '--job-id', '16', '--raw', '--subdir', 'DAGS_FOLDER/loan_ml_pipeline_dag.py', '--cfg-path', '/tmp/tmpusvbqcnh']
[2025-06-26T14:25:39.295+0000] {standard_task_runner.py:91} INFO - Job 16: Subtask load_data
[2025-06-26T14:25:39.301+0000] {logging_mixin.py:188} WARNING - /home/***/.local/lib/python3.12/site-packages/***/task/task_runner/standard_task_runner.py:61 DeprecationWarning: This process (pid=825) is multi-threaded, use of fork() may lead to deadlocks in the child.
[2025-06-26T14:25:39.303+0000] {standard_task_runner.py:63} INFO - Started process 835 to run task
[2025-06-26T14:25:39.380+0000] {task_command.py:426} INFO - Running <TaskInstance: loan_credit_ml.load_data scheduled__2025-01-01T03:00:00+00:00 [running]> on host 0192db86dfc6
[2025-06-26T14:25:39.521+0000] {taskinstance.py:2648} INFO - Exporting env vars: AIRFLOW_CTX_DAG_OWNER='data-team' AIRFLOW_CTX_DAG_ID='loan_credit_ml' AIRFLOW_CTX_TASK_ID='load_data' AIRFLOW_CTX_EXECUTION_DATE='2025-01-01T03:00:00+00:00' AIRFLOW_CTX_TRY_NUMBER='1' AIRFLOW_CTX_DAG_RUN_ID='scheduled__2025-01-01T03:00:00+00:00'
[2025-06-26T14:25:39.522+0000] {taskinstance.py:430} INFO - ::endgroup::
[2025-06-26T14:25:45.815+0000] {logging_mixin.py:188} INFO - [✓] Dataset 2023-01-01 → 2025-01-01: 12,500 rows, 73 features.
[2025-06-26T14:25:45.826+0000] {python.py:237} INFO - Done. Returned value was: None
[2025-06-26T14:25:45.827+0000] {taskinstance.py:441} INFO - ::group::Post task execution logs
[2025-06-26T14:25:45.847+0000] {taskinstance.py:1206} INFO - Marking task as SUCCESS. dag_id=loan_credit_ml, task_id=load_data, run_id=scheduled__2025-01-01T03:00:00+00:00, execution_date=20250101T030000, start_date=20250626T142539, end_date=20250626T142545
[2025-06-26T14:25:45.939+0000] {local_task_job_runner.py:240} INFO - Task exited with return code 0
[2025-06-26T14:25:46.005+0000] {taskinstance.py:3503} INFO - 1 downstream tasks scheduled from follow-on schedule check
[2025-06-26T14:25:46.010+0000] {local_task_job_runner.py:222} INFO - ::endgroup::
