[2025-06-27T08:38:42.951+0000] {processor.py:161} INFO - Started process (PID=174) to work on /opt/airflow/dags/loan_ml_pipeline_dag.py
[2025-06-27T08:38:42.953+0000] {processor.py:830} INFO - Processing file /opt/airflow/dags/loan_ml_pipeline_dag.py for tasks to queue
[2025-06-27T08:38:42.960+0000] {logging_mixin.py:188} INFO - [2025-06-27T08:38:42.959+0000] {dagbag.py:545} INFO - Filling up the DagBag from /opt/airflow/dags/loan_ml_pipeline_dag.py
[2025-06-27T08:38:43.842+0000] {logging_mixin.py:188} INFO - DATA_MART_ROOT → /opt/airflow/data_mart
[2025-06-27T08:38:46.790+0000] {processor.py:840} INFO - DAG(s) 'loan_credit_ml' retrieved from /opt/airflow/dags/loan_ml_pipeline_dag.py
[2025-06-27T08:38:46.934+0000] {logging_mixin.py:188} INFO - [2025-06-27T08:38:46.932+0000] {dag.py:3096} INFO - Sync 1 DAGs
[2025-06-27T08:38:47.145+0000] {processor.py:183} INFO - Processing /opt/airflow/dags/loan_ml_pipeline_dag.py took 4.207 seconds
[2025-06-27T08:39:17.630+0000] {processor.py:161} INFO - Started process (PID=188) to work on /opt/airflow/dags/loan_ml_pipeline_dag.py
[2025-06-27T08:39:17.642+0000] {processor.py:830} INFO - Processing file /opt/airflow/dags/loan_ml_pipeline_dag.py for tasks to queue
[2025-06-27T08:39:17.662+0000] {logging_mixin.py:188} INFO - [2025-06-27T08:39:17.659+0000] {dagbag.py:545} INFO - Filling up the DagBag from /opt/airflow/dags/loan_ml_pipeline_dag.py
[2025-06-27T08:39:18.902+0000] {logging_mixin.py:188} INFO - DATA_MART_ROOT → /opt/airflow/data_mart
[2025-06-27T08:39:24.380+0000] {processor.py:840} INFO - DAG(s) 'loan_credit_ml' retrieved from /opt/airflow/dags/loan_ml_pipeline_dag.py
[2025-06-27T08:39:24.846+0000] {logging_mixin.py:188} INFO - [2025-06-27T08:39:24.844+0000] {dag.py:3096} INFO - Sync 1 DAGs
[2025-06-27T08:39:25.075+0000] {processor.py:183} INFO - Processing /opt/airflow/dags/loan_ml_pipeline_dag.py took 7.512 seconds
[2025-06-27T08:39:55.409+0000] {processor.py:161} INFO - Started process (PID=202) to work on /opt/airflow/dags/loan_ml_pipeline_dag.py
[2025-06-27T08:39:55.411+0000] {processor.py:830} INFO - Processing file /opt/airflow/dags/loan_ml_pipeline_dag.py for tasks to queue
[2025-06-27T08:39:55.414+0000] {logging_mixin.py:188} INFO - [2025-06-27T08:39:55.413+0000] {dagbag.py:545} INFO - Filling up the DagBag from /opt/airflow/dags/loan_ml_pipeline_dag.py
[2025-06-27T08:39:55.877+0000] {logging_mixin.py:188} INFO - DATA_MART_ROOT → /opt/airflow/data_mart
[2025-06-27T08:39:57.086+0000] {processor.py:840} INFO - DAG(s) 'loan_credit_ml' retrieved from /opt/airflow/dags/loan_ml_pipeline_dag.py
[2025-06-27T08:39:57.127+0000] {logging_mixin.py:188} INFO - [2025-06-27T08:39:57.127+0000] {dag.py:3096} INFO - Sync 1 DAGs
[2025-06-27T08:39:57.190+0000] {processor.py:183} INFO - Processing /opt/airflow/dags/loan_ml_pipeline_dag.py took 1.787 seconds
[2025-06-27T08:40:27.487+0000] {processor.py:161} INFO - Started process (PID=216) to work on /opt/airflow/dags/loan_ml_pipeline_dag.py
[2025-06-27T08:40:27.490+0000] {processor.py:830} INFO - Processing file /opt/airflow/dags/loan_ml_pipeline_dag.py for tasks to queue
[2025-06-27T08:40:27.492+0000] {logging_mixin.py:188} INFO - [2025-06-27T08:40:27.492+0000] {dagbag.py:545} INFO - Filling up the DagBag from /opt/airflow/dags/loan_ml_pipeline_dag.py
[2025-06-27T08:40:27.969+0000] {logging_mixin.py:188} INFO - DATA_MART_ROOT → /opt/airflow/data_mart
[2025-06-27T08:40:29.152+0000] {processor.py:840} INFO - DAG(s) 'loan_credit_ml' retrieved from /opt/airflow/dags/loan_ml_pipeline_dag.py
[2025-06-27T08:40:29.186+0000] {logging_mixin.py:188} INFO - [2025-06-27T08:40:29.185+0000] {dag.py:3096} INFO - Sync 1 DAGs
[2025-06-27T08:40:29.254+0000] {processor.py:183} INFO - Processing /opt/airflow/dags/loan_ml_pipeline_dag.py took 1.773 seconds
[2025-06-27T08:40:59.964+0000] {processor.py:161} INFO - Started process (PID=230) to work on /opt/airflow/dags/loan_ml_pipeline_dag.py
[2025-06-27T08:40:59.969+0000] {processor.py:830} INFO - Processing file /opt/airflow/dags/loan_ml_pipeline_dag.py for tasks to queue
[2025-06-27T08:40:59.989+0000] {logging_mixin.py:188} INFO - [2025-06-27T08:40:59.986+0000] {dagbag.py:545} INFO - Filling up the DagBag from /opt/airflow/dags/loan_ml_pipeline_dag.py
[2025-06-27T08:41:01.214+0000] {logging_mixin.py:188} INFO - DATA_MART_ROOT → /opt/airflow/data_mart
[2025-06-27T08:41:03.862+0000] {processor.py:840} INFO - DAG(s) 'loan_credit_ml' retrieved from /opt/airflow/dags/loan_ml_pipeline_dag.py
[2025-06-27T08:41:03.937+0000] {logging_mixin.py:188} INFO - [2025-06-27T08:41:03.936+0000] {dag.py:3096} INFO - Sync 1 DAGs
[2025-06-27T08:41:04.006+0000] {processor.py:183} INFO - Processing /opt/airflow/dags/loan_ml_pipeline_dag.py took 4.087 seconds
[2025-06-27T08:41:34.221+0000] {processor.py:161} INFO - Started process (PID=244) to work on /opt/airflow/dags/loan_ml_pipeline_dag.py
[2025-06-27T08:41:34.223+0000] {processor.py:830} INFO - Processing file /opt/airflow/dags/loan_ml_pipeline_dag.py for tasks to queue
[2025-06-27T08:41:34.226+0000] {logging_mixin.py:188} INFO - [2025-06-27T08:41:34.225+0000] {dagbag.py:545} INFO - Filling up the DagBag from /opt/airflow/dags/loan_ml_pipeline_dag.py
[2025-06-27T08:41:34.721+0000] {logging_mixin.py:188} INFO - DATA_MART_ROOT → /opt/airflow/data_mart
[2025-06-27T08:41:36.163+0000] {processor.py:840} INFO - DAG(s) 'loan_credit_ml' retrieved from /opt/airflow/dags/loan_ml_pipeline_dag.py
[2025-06-27T08:41:36.209+0000] {logging_mixin.py:188} INFO - [2025-06-27T08:41:36.208+0000] {dag.py:3096} INFO - Sync 1 DAGs
[2025-06-27T08:41:36.273+0000] {processor.py:183} INFO - Processing /opt/airflow/dags/loan_ml_pipeline_dag.py took 2.061 seconds
[2025-06-27T08:42:07.111+0000] {processor.py:161} INFO - Started process (PID=258) to work on /opt/airflow/dags/loan_ml_pipeline_dag.py
[2025-06-27T08:42:07.116+0000] {processor.py:830} INFO - Processing file /opt/airflow/dags/loan_ml_pipeline_dag.py for tasks to queue
[2025-06-27T08:42:07.129+0000] {logging_mixin.py:188} INFO - [2025-06-27T08:42:07.127+0000] {dagbag.py:545} INFO - Filling up the DagBag from /opt/airflow/dags/loan_ml_pipeline_dag.py
[2025-06-27T08:42:08.709+0000] {logging_mixin.py:188} INFO - DATA_MART_ROOT → /opt/airflow/data_mart
[2025-06-27T08:42:11.822+0000] {processor.py:840} INFO - DAG(s) 'loan_credit_ml' retrieved from /opt/airflow/dags/loan_ml_pipeline_dag.py
[2025-06-27T08:42:11.938+0000] {logging_mixin.py:188} INFO - [2025-06-27T08:42:11.937+0000] {dag.py:3096} INFO - Sync 1 DAGs
[2025-06-27T08:42:12.018+0000] {processor.py:183} INFO - Processing /opt/airflow/dags/loan_ml_pipeline_dag.py took 4.927 seconds
[2025-06-27T08:42:42.426+0000] {processor.py:161} INFO - Started process (PID=272) to work on /opt/airflow/dags/loan_ml_pipeline_dag.py
[2025-06-27T08:42:42.430+0000] {processor.py:830} INFO - Processing file /opt/airflow/dags/loan_ml_pipeline_dag.py for tasks to queue
[2025-06-27T08:42:42.438+0000] {logging_mixin.py:188} INFO - [2025-06-27T08:42:42.437+0000] {dagbag.py:545} INFO - Filling up the DagBag from /opt/airflow/dags/loan_ml_pipeline_dag.py
[2025-06-27T08:42:43.445+0000] {logging_mixin.py:188} INFO - DATA_MART_ROOT → /opt/airflow/data_mart
[2025-06-27T08:42:46.133+0000] {processor.py:840} INFO - DAG(s) 'loan_credit_ml' retrieved from /opt/airflow/dags/loan_ml_pipeline_dag.py
[2025-06-27T08:42:46.199+0000] {logging_mixin.py:188} INFO - [2025-06-27T08:42:46.199+0000] {dag.py:3096} INFO - Sync 1 DAGs
[2025-06-27T08:42:46.264+0000] {processor.py:183} INFO - Processing /opt/airflow/dags/loan_ml_pipeline_dag.py took 3.859 seconds
[2025-06-27T08:43:16.834+0000] {processor.py:161} INFO - Started process (PID=286) to work on /opt/airflow/dags/loan_ml_pipeline_dag.py
[2025-06-27T08:43:16.837+0000] {processor.py:830} INFO - Processing file /opt/airflow/dags/loan_ml_pipeline_dag.py for tasks to queue
[2025-06-27T08:43:16.854+0000] {logging_mixin.py:188} INFO - [2025-06-27T08:43:16.851+0000] {dagbag.py:545} INFO - Filling up the DagBag from /opt/airflow/dags/loan_ml_pipeline_dag.py
[2025-06-27T08:43:17.591+0000] {logging_mixin.py:188} INFO - DATA_MART_ROOT → /opt/airflow/data_mart
[2025-06-27T08:43:19.696+0000] {processor.py:840} INFO - DAG(s) 'loan_credit_ml' retrieved from /opt/airflow/dags/loan_ml_pipeline_dag.py
[2025-06-27T08:43:19.764+0000] {logging_mixin.py:188} INFO - [2025-06-27T08:43:19.764+0000] {dag.py:3096} INFO - Sync 1 DAGs
[2025-06-27T08:43:19.829+0000] {processor.py:183} INFO - Processing /opt/airflow/dags/loan_ml_pipeline_dag.py took 3.035 seconds
[2025-06-27T08:43:50.302+0000] {processor.py:161} INFO - Started process (PID=300) to work on /opt/airflow/dags/loan_ml_pipeline_dag.py
[2025-06-27T08:43:50.305+0000] {processor.py:830} INFO - Processing file /opt/airflow/dags/loan_ml_pipeline_dag.py for tasks to queue
[2025-06-27T08:43:50.310+0000] {logging_mixin.py:188} INFO - [2025-06-27T08:43:50.310+0000] {dagbag.py:545} INFO - Filling up the DagBag from /opt/airflow/dags/loan_ml_pipeline_dag.py
[2025-06-27T08:43:51.588+0000] {logging_mixin.py:188} INFO - DATA_MART_ROOT → /opt/airflow/data_mart
[2025-06-27T08:43:53.105+0000] {processor.py:840} INFO - DAG(s) 'loan_credit_ml' retrieved from /opt/airflow/dags/loan_ml_pipeline_dag.py
[2025-06-27T08:43:53.162+0000] {logging_mixin.py:188} INFO - [2025-06-27T08:43:53.161+0000] {dag.py:3096} INFO - Sync 1 DAGs
[2025-06-27T08:43:53.244+0000] {processor.py:183} INFO - Processing /opt/airflow/dags/loan_ml_pipeline_dag.py took 2.961 seconds
[2025-06-27T08:44:23.575+0000] {processor.py:161} INFO - Started process (PID=314) to work on /opt/airflow/dags/loan_ml_pipeline_dag.py
[2025-06-27T08:44:23.577+0000] {processor.py:830} INFO - Processing file /opt/airflow/dags/loan_ml_pipeline_dag.py for tasks to queue
[2025-06-27T08:44:23.580+0000] {logging_mixin.py:188} INFO - [2025-06-27T08:44:23.580+0000] {dagbag.py:545} INFO - Filling up the DagBag from /opt/airflow/dags/loan_ml_pipeline_dag.py
[2025-06-27T08:44:24.062+0000] {logging_mixin.py:188} INFO - DATA_MART_ROOT → /opt/airflow/data_mart
[2025-06-27T08:44:25.099+0000] {processor.py:840} INFO - DAG(s) 'loan_credit_ml' retrieved from /opt/airflow/dags/loan_ml_pipeline_dag.py
[2025-06-27T08:44:25.140+0000] {logging_mixin.py:188} INFO - [2025-06-27T08:44:25.140+0000] {dag.py:3096} INFO - Sync 1 DAGs
[2025-06-27T08:44:25.196+0000] {processor.py:183} INFO - Processing /opt/airflow/dags/loan_ml_pipeline_dag.py took 1.631 seconds
[2025-06-27T08:44:55.562+0000] {processor.py:161} INFO - Started process (PID=328) to work on /opt/airflow/dags/loan_ml_pipeline_dag.py
[2025-06-27T08:44:55.570+0000] {processor.py:830} INFO - Processing file /opt/airflow/dags/loan_ml_pipeline_dag.py for tasks to queue
[2025-06-27T08:44:55.581+0000] {logging_mixin.py:188} INFO - [2025-06-27T08:44:55.580+0000] {dagbag.py:545} INFO - Filling up the DagBag from /opt/airflow/dags/loan_ml_pipeline_dag.py
[2025-06-27T08:44:56.260+0000] {logging_mixin.py:188} INFO - DATA_MART_ROOT → /opt/airflow/data_mart
[2025-06-27T08:44:58.019+0000] {processor.py:840} INFO - DAG(s) 'loan_credit_ml' retrieved from /opt/airflow/dags/loan_ml_pipeline_dag.py
[2025-06-27T08:44:58.065+0000] {logging_mixin.py:188} INFO - [2025-06-27T08:44:58.064+0000] {dag.py:3096} INFO - Sync 1 DAGs
[2025-06-27T08:44:58.145+0000] {processor.py:183} INFO - Processing /opt/airflow/dags/loan_ml_pipeline_dag.py took 2.612 seconds
[2025-06-27T08:45:28.717+0000] {processor.py:161} INFO - Started process (PID=342) to work on /opt/airflow/dags/loan_ml_pipeline_dag.py
[2025-06-27T08:45:28.725+0000] {processor.py:830} INFO - Processing file /opt/airflow/dags/loan_ml_pipeline_dag.py for tasks to queue
[2025-06-27T08:45:28.745+0000] {logging_mixin.py:188} INFO - [2025-06-27T08:45:28.742+0000] {dagbag.py:545} INFO - Filling up the DagBag from /opt/airflow/dags/loan_ml_pipeline_dag.py
[2025-06-27T08:45:29.749+0000] {logging_mixin.py:188} INFO - DATA_MART_ROOT → /opt/airflow/data_mart
[2025-06-27T08:45:31.589+0000] {processor.py:840} INFO - DAG(s) 'loan_credit_ml' retrieved from /opt/airflow/dags/loan_ml_pipeline_dag.py
[2025-06-27T08:45:31.657+0000] {logging_mixin.py:188} INFO - [2025-06-27T08:45:31.657+0000] {dag.py:3096} INFO - Sync 1 DAGs
[2025-06-27T08:45:31.726+0000] {processor.py:183} INFO - Processing /opt/airflow/dags/loan_ml_pipeline_dag.py took 3.067 seconds
[2025-06-27T08:46:01.927+0000] {processor.py:161} INFO - Started process (PID=356) to work on /opt/airflow/dags/loan_ml_pipeline_dag.py
[2025-06-27T08:46:01.930+0000] {processor.py:830} INFO - Processing file /opt/airflow/dags/loan_ml_pipeline_dag.py for tasks to queue
[2025-06-27T08:46:01.936+0000] {logging_mixin.py:188} INFO - [2025-06-27T08:46:01.934+0000] {dagbag.py:545} INFO - Filling up the DagBag from /opt/airflow/dags/loan_ml_pipeline_dag.py
[2025-06-27T08:46:02.990+0000] {logging_mixin.py:188} INFO - DATA_MART_ROOT → /opt/airflow/data_mart
[2025-06-27T08:46:04.079+0000] {processor.py:840} INFO - DAG(s) 'loan_credit_ml' retrieved from /opt/airflow/dags/loan_ml_pipeline_dag.py
[2025-06-27T08:46:04.113+0000] {logging_mixin.py:188} INFO - [2025-06-27T08:46:04.112+0000] {dag.py:3096} INFO - Sync 1 DAGs
[2025-06-27T08:46:04.173+0000] {processor.py:183} INFO - Processing /opt/airflow/dags/loan_ml_pipeline_dag.py took 2.261 seconds
[2025-06-27T08:46:34.274+0000] {processor.py:161} INFO - Started process (PID=370) to work on /opt/airflow/dags/loan_ml_pipeline_dag.py
[2025-06-27T08:46:34.276+0000] {processor.py:830} INFO - Processing file /opt/airflow/dags/loan_ml_pipeline_dag.py for tasks to queue
[2025-06-27T08:46:34.279+0000] {logging_mixin.py:188} INFO - [2025-06-27T08:46:34.279+0000] {dagbag.py:545} INFO - Filling up the DagBag from /opt/airflow/dags/loan_ml_pipeline_dag.py
[2025-06-27T08:46:34.875+0000] {logging_mixin.py:188} INFO - DATA_MART_ROOT → /opt/airflow/data_mart
[2025-06-27T08:46:35.829+0000] {processor.py:840} INFO - DAG(s) 'loan_credit_ml' retrieved from /opt/airflow/dags/loan_ml_pipeline_dag.py
[2025-06-27T08:46:35.869+0000] {logging_mixin.py:188} INFO - [2025-06-27T08:46:35.868+0000] {dag.py:3096} INFO - Sync 1 DAGs
[2025-06-27T08:46:35.929+0000] {processor.py:183} INFO - Processing /opt/airflow/dags/loan_ml_pipeline_dag.py took 1.669 seconds
[2025-06-27T08:47:06.258+0000] {processor.py:161} INFO - Started process (PID=384) to work on /opt/airflow/dags/loan_ml_pipeline_dag.py
[2025-06-27T08:47:06.262+0000] {processor.py:830} INFO - Processing file /opt/airflow/dags/loan_ml_pipeline_dag.py for tasks to queue
[2025-06-27T08:47:06.266+0000] {logging_mixin.py:188} INFO - [2025-06-27T08:47:06.265+0000] {dagbag.py:545} INFO - Filling up the DagBag from /opt/airflow/dags/loan_ml_pipeline_dag.py
[2025-06-27T08:47:06.941+0000] {logging_mixin.py:188} INFO - DATA_MART_ROOT → /opt/airflow/data_mart
[2025-06-27T08:47:07.991+0000] {processor.py:840} INFO - DAG(s) 'loan_credit_ml' retrieved from /opt/airflow/dags/loan_ml_pipeline_dag.py
[2025-06-27T08:47:08.026+0000] {logging_mixin.py:188} INFO - [2025-06-27T08:47:08.026+0000] {dag.py:3096} INFO - Sync 1 DAGs
[2025-06-27T08:47:08.080+0000] {processor.py:183} INFO - Processing /opt/airflow/dags/loan_ml_pipeline_dag.py took 1.846 seconds
[2025-06-27T08:47:38.503+0000] {processor.py:161} INFO - Started process (PID=398) to work on /opt/airflow/dags/loan_ml_pipeline_dag.py
[2025-06-27T08:47:38.510+0000] {processor.py:830} INFO - Processing file /opt/airflow/dags/loan_ml_pipeline_dag.py for tasks to queue
[2025-06-27T08:47:38.523+0000] {logging_mixin.py:188} INFO - [2025-06-27T08:47:38.522+0000] {dagbag.py:545} INFO - Filling up the DagBag from /opt/airflow/dags/loan_ml_pipeline_dag.py
[2025-06-27T08:47:39.154+0000] {logging_mixin.py:188} INFO - DATA_MART_ROOT → /opt/airflow/data_mart
[2025-06-27T08:47:40.395+0000] {processor.py:840} INFO - DAG(s) 'loan_credit_ml' retrieved from /opt/airflow/dags/loan_ml_pipeline_dag.py
[2025-06-27T08:47:40.454+0000] {logging_mixin.py:188} INFO - [2025-06-27T08:47:40.453+0000] {dag.py:3096} INFO - Sync 1 DAGs
[2025-06-27T08:47:40.541+0000] {processor.py:183} INFO - Processing /opt/airflow/dags/loan_ml_pipeline_dag.py took 2.072 seconds
[2025-06-27T08:48:10.752+0000] {processor.py:161} INFO - Started process (PID=412) to work on /opt/airflow/dags/loan_ml_pipeline_dag.py
[2025-06-27T08:48:10.755+0000] {processor.py:830} INFO - Processing file /opt/airflow/dags/loan_ml_pipeline_dag.py for tasks to queue
[2025-06-27T08:48:10.763+0000] {logging_mixin.py:188} INFO - [2025-06-27T08:48:10.762+0000] {dagbag.py:545} INFO - Filling up the DagBag from /opt/airflow/dags/loan_ml_pipeline_dag.py
[2025-06-27T08:48:12.012+0000] {logging_mixin.py:188} INFO - DATA_MART_ROOT → /opt/airflow/data_mart
[2025-06-27T08:48:13.006+0000] {processor.py:840} INFO - DAG(s) 'loan_credit_ml' retrieved from /opt/airflow/dags/loan_ml_pipeline_dag.py
[2025-06-27T08:48:13.044+0000] {logging_mixin.py:188} INFO - [2025-06-27T08:48:13.043+0000] {dag.py:3096} INFO - Sync 1 DAGs
[2025-06-27T08:48:13.107+0000] {processor.py:183} INFO - Processing /opt/airflow/dags/loan_ml_pipeline_dag.py took 2.364 seconds
[2025-06-27T08:48:43.320+0000] {processor.py:161} INFO - Started process (PID=426) to work on /opt/airflow/dags/loan_ml_pipeline_dag.py
[2025-06-27T08:48:43.322+0000] {processor.py:830} INFO - Processing file /opt/airflow/dags/loan_ml_pipeline_dag.py for tasks to queue
[2025-06-27T08:48:43.327+0000] {logging_mixin.py:188} INFO - [2025-06-27T08:48:43.326+0000] {dagbag.py:545} INFO - Filling up the DagBag from /opt/airflow/dags/loan_ml_pipeline_dag.py
[2025-06-27T08:48:44.142+0000] {logging_mixin.py:188} INFO - DATA_MART_ROOT → /opt/airflow/data_mart
[2025-06-27T08:48:45.110+0000] {processor.py:840} INFO - DAG(s) 'loan_credit_ml' retrieved from /opt/airflow/dags/loan_ml_pipeline_dag.py
[2025-06-27T08:48:45.159+0000] {logging_mixin.py:188} INFO - [2025-06-27T08:48:45.159+0000] {dag.py:3096} INFO - Sync 1 DAGs
[2025-06-27T08:48:45.228+0000] {processor.py:183} INFO - Processing /opt/airflow/dags/loan_ml_pipeline_dag.py took 1.949 seconds
[2025-06-27T08:49:15.570+0000] {processor.py:161} INFO - Started process (PID=440) to work on /opt/airflow/dags/loan_ml_pipeline_dag.py
[2025-06-27T08:49:15.572+0000] {processor.py:830} INFO - Processing file /opt/airflow/dags/loan_ml_pipeline_dag.py for tasks to queue
[2025-06-27T08:49:15.577+0000] {logging_mixin.py:188} INFO - [2025-06-27T08:49:15.576+0000] {dagbag.py:545} INFO - Filling up the DagBag from /opt/airflow/dags/loan_ml_pipeline_dag.py
[2025-06-27T08:49:16.253+0000] {logging_mixin.py:188} INFO - DATA_MART_ROOT → /opt/airflow/data_mart
[2025-06-27T08:49:17.993+0000] {processor.py:840} INFO - DAG(s) 'loan_credit_ml' retrieved from /opt/airflow/dags/loan_ml_pipeline_dag.py
[2025-06-27T08:49:18.133+0000] {logging_mixin.py:188} INFO - [2025-06-27T08:49:18.131+0000] {dag.py:3096} INFO - Sync 1 DAGs
[2025-06-27T08:49:18.289+0000] {processor.py:183} INFO - Processing /opt/airflow/dags/loan_ml_pipeline_dag.py took 2.737 seconds
[2025-06-27T08:49:48.754+0000] {processor.py:161} INFO - Started process (PID=454) to work on /opt/airflow/dags/loan_ml_pipeline_dag.py
[2025-06-27T08:49:48.757+0000] {processor.py:830} INFO - Processing file /opt/airflow/dags/loan_ml_pipeline_dag.py for tasks to queue
[2025-06-27T08:49:48.761+0000] {logging_mixin.py:188} INFO - [2025-06-27T08:49:48.760+0000] {dagbag.py:545} INFO - Filling up the DagBag from /opt/airflow/dags/loan_ml_pipeline_dag.py
[2025-06-27T08:49:49.619+0000] {logging_mixin.py:188} INFO - DATA_MART_ROOT → /opt/airflow/data_mart
[2025-06-27T08:49:50.718+0000] {processor.py:840} INFO - DAG(s) 'loan_credit_ml' retrieved from /opt/airflow/dags/loan_ml_pipeline_dag.py
[2025-06-27T08:49:50.792+0000] {logging_mixin.py:188} INFO - [2025-06-27T08:49:50.791+0000] {dag.py:3096} INFO - Sync 1 DAGs
[2025-06-27T08:49:50.857+0000] {processor.py:183} INFO - Processing /opt/airflow/dags/loan_ml_pipeline_dag.py took 2.115 seconds
[2025-06-27T08:50:21.195+0000] {processor.py:161} INFO - Started process (PID=468) to work on /opt/airflow/dags/loan_ml_pipeline_dag.py
[2025-06-27T08:50:21.201+0000] {processor.py:830} INFO - Processing file /opt/airflow/dags/loan_ml_pipeline_dag.py for tasks to queue
[2025-06-27T08:50:21.212+0000] {logging_mixin.py:188} INFO - [2025-06-27T08:50:21.210+0000] {dagbag.py:545} INFO - Filling up the DagBag from /opt/airflow/dags/loan_ml_pipeline_dag.py
[2025-06-27T08:50:21.881+0000] {logging_mixin.py:188} INFO - DATA_MART_ROOT → /opt/airflow/data_mart
[2025-06-27T08:50:22.846+0000] {processor.py:840} INFO - DAG(s) 'loan_credit_ml' retrieved from /opt/airflow/dags/loan_ml_pipeline_dag.py
[2025-06-27T08:50:22.891+0000] {logging_mixin.py:188} INFO - [2025-06-27T08:50:22.891+0000] {dag.py:3096} INFO - Sync 1 DAGs
[2025-06-27T08:50:22.963+0000] {processor.py:183} INFO - Processing /opt/airflow/dags/loan_ml_pipeline_dag.py took 1.787 seconds
[2025-06-27T08:50:53.876+0000] {processor.py:161} INFO - Started process (PID=482) to work on /opt/airflow/dags/loan_ml_pipeline_dag.py
[2025-06-27T08:50:53.967+0000] {processor.py:830} INFO - Processing file /opt/airflow/dags/loan_ml_pipeline_dag.py for tasks to queue
[2025-06-27T08:50:53.982+0000] {logging_mixin.py:188} INFO - [2025-06-27T08:50:53.981+0000] {dagbag.py:545} INFO - Filling up the DagBag from /opt/airflow/dags/loan_ml_pipeline_dag.py
[2025-06-27T08:51:02.872+0000] {logging_mixin.py:188} INFO - DATA_MART_ROOT → /opt/airflow/data_mart
[2025-06-27T08:51:07.008+0000] {processor.py:840} INFO - DAG(s) 'loan_credit_ml' retrieved from /opt/airflow/dags/loan_ml_pipeline_dag.py
[2025-06-27T08:51:07.152+0000] {logging_mixin.py:188} INFO - [2025-06-27T08:51:07.151+0000] {dag.py:3096} INFO - Sync 1 DAGs
[2025-06-27T08:51:07.245+0000] {processor.py:183} INFO - Processing /opt/airflow/dags/loan_ml_pipeline_dag.py took 13.537 seconds
[2025-06-27T08:51:37.530+0000] {processor.py:161} INFO - Started process (PID=496) to work on /opt/airflow/dags/loan_ml_pipeline_dag.py
[2025-06-27T08:51:37.537+0000] {processor.py:830} INFO - Processing file /opt/airflow/dags/loan_ml_pipeline_dag.py for tasks to queue
[2025-06-27T08:51:37.548+0000] {logging_mixin.py:188} INFO - [2025-06-27T08:51:37.547+0000] {dagbag.py:545} INFO - Filling up the DagBag from /opt/airflow/dags/loan_ml_pipeline_dag.py
[2025-06-27T08:51:38.667+0000] {logging_mixin.py:188} INFO - DATA_MART_ROOT → /opt/airflow/data_mart
[2025-06-27T08:51:41.833+0000] {processor.py:840} INFO - DAG(s) 'loan_credit_ml' retrieved from /opt/airflow/dags/loan_ml_pipeline_dag.py
[2025-06-27T08:51:41.949+0000] {logging_mixin.py:188} INFO - [2025-06-27T08:51:41.949+0000] {dag.py:3096} INFO - Sync 1 DAGs
[2025-06-27T08:51:42.032+0000] {processor.py:183} INFO - Processing /opt/airflow/dags/loan_ml_pipeline_dag.py took 4.532 seconds
[2025-06-27T08:52:12.379+0000] {processor.py:161} INFO - Started process (PID=510) to work on /opt/airflow/dags/loan_ml_pipeline_dag.py
[2025-06-27T08:52:12.382+0000] {processor.py:830} INFO - Processing file /opt/airflow/dags/loan_ml_pipeline_dag.py for tasks to queue
[2025-06-27T08:52:12.391+0000] {logging_mixin.py:188} INFO - [2025-06-27T08:52:12.389+0000] {dagbag.py:545} INFO - Filling up the DagBag from /opt/airflow/dags/loan_ml_pipeline_dag.py
[2025-06-27T08:52:13.124+0000] {logging_mixin.py:188} INFO - DATA_MART_ROOT → /opt/airflow/data_mart
[2025-06-27T08:52:14.205+0000] {processor.py:840} INFO - DAG(s) 'loan_credit_ml' retrieved from /opt/airflow/dags/loan_ml_pipeline_dag.py
[2025-06-27T08:52:14.250+0000] {logging_mixin.py:188} INFO - [2025-06-27T08:52:14.249+0000] {dag.py:3096} INFO - Sync 1 DAGs
[2025-06-27T08:52:14.305+0000] {processor.py:183} INFO - Processing /opt/airflow/dags/loan_ml_pipeline_dag.py took 1.940 seconds
[2025-06-27T08:52:44.987+0000] {processor.py:161} INFO - Started process (PID=524) to work on /opt/airflow/dags/loan_ml_pipeline_dag.py
[2025-06-27T08:52:45.000+0000] {processor.py:830} INFO - Processing file /opt/airflow/dags/loan_ml_pipeline_dag.py for tasks to queue
[2025-06-27T08:52:45.026+0000] {logging_mixin.py:188} INFO - [2025-06-27T08:52:45.023+0000] {dagbag.py:545} INFO - Filling up the DagBag from /opt/airflow/dags/loan_ml_pipeline_dag.py
[2025-06-27T08:52:46.303+0000] {logging_mixin.py:188} INFO - DATA_MART_ROOT → /opt/airflow/data_mart
[2025-06-27T08:52:49.175+0000] {processor.py:840} INFO - DAG(s) 'loan_credit_ml' retrieved from /opt/airflow/dags/loan_ml_pipeline_dag.py
[2025-06-27T08:52:49.244+0000] {logging_mixin.py:188} INFO - [2025-06-27T08:52:49.244+0000] {dag.py:3096} INFO - Sync 1 DAGs
[2025-06-27T08:52:49.327+0000] {processor.py:183} INFO - Processing /opt/airflow/dags/loan_ml_pipeline_dag.py took 4.433 seconds
[2025-06-27T08:53:19.495+0000] {processor.py:161} INFO - Started process (PID=538) to work on /opt/airflow/dags/loan_ml_pipeline_dag.py
[2025-06-27T08:53:19.499+0000] {processor.py:830} INFO - Processing file /opt/airflow/dags/loan_ml_pipeline_dag.py for tasks to queue
[2025-06-27T08:53:19.507+0000] {logging_mixin.py:188} INFO - [2025-06-27T08:53:19.506+0000] {dagbag.py:545} INFO - Filling up the DagBag from /opt/airflow/dags/loan_ml_pipeline_dag.py
[2025-06-27T08:53:20.309+0000] {logging_mixin.py:188} INFO - DATA_MART_ROOT → /opt/airflow/data_mart
[2025-06-27T08:53:21.308+0000] {processor.py:840} INFO - DAG(s) 'loan_credit_ml' retrieved from /opt/airflow/dags/loan_ml_pipeline_dag.py
[2025-06-27T08:53:21.354+0000] {logging_mixin.py:188} INFO - [2025-06-27T08:53:21.353+0000] {dag.py:3096} INFO - Sync 1 DAGs
[2025-06-27T08:53:21.418+0000] {processor.py:183} INFO - Processing /opt/airflow/dags/loan_ml_pipeline_dag.py took 1.940 seconds
[2025-06-27T08:53:51.862+0000] {processor.py:161} INFO - Started process (PID=552) to work on /opt/airflow/dags/loan_ml_pipeline_dag.py
[2025-06-27T08:53:51.864+0000] {processor.py:830} INFO - Processing file /opt/airflow/dags/loan_ml_pipeline_dag.py for tasks to queue
[2025-06-27T08:53:51.866+0000] {logging_mixin.py:188} INFO - [2025-06-27T08:53:51.866+0000] {dagbag.py:545} INFO - Filling up the DagBag from /opt/airflow/dags/loan_ml_pipeline_dag.py
[2025-06-27T08:53:53.017+0000] {logging_mixin.py:188} INFO - DATA_MART_ROOT → /opt/airflow/data_mart
[2025-06-27T08:53:54.654+0000] {processor.py:840} INFO - DAG(s) 'loan_credit_ml' retrieved from /opt/airflow/dags/loan_ml_pipeline_dag.py
[2025-06-27T08:53:54.706+0000] {logging_mixin.py:188} INFO - [2025-06-27T08:53:54.705+0000] {dag.py:3096} INFO - Sync 1 DAGs
[2025-06-27T08:53:54.788+0000] {processor.py:183} INFO - Processing /opt/airflow/dags/loan_ml_pipeline_dag.py took 2.935 seconds
[2025-06-27T08:54:25.301+0000] {processor.py:161} INFO - Started process (PID=566) to work on /opt/airflow/dags/loan_ml_pipeline_dag.py
[2025-06-27T08:54:25.305+0000] {processor.py:830} INFO - Processing file /opt/airflow/dags/loan_ml_pipeline_dag.py for tasks to queue
[2025-06-27T08:54:25.312+0000] {logging_mixin.py:188} INFO - [2025-06-27T08:54:25.311+0000] {dagbag.py:545} INFO - Filling up the DagBag from /opt/airflow/dags/loan_ml_pipeline_dag.py
[2025-06-27T08:54:26.882+0000] {logging_mixin.py:188} INFO - DATA_MART_ROOT → /opt/airflow/data_mart
[2025-06-27T08:54:28.703+0000] {processor.py:840} INFO - DAG(s) 'loan_credit_ml' retrieved from /opt/airflow/dags/loan_ml_pipeline_dag.py
[2025-06-27T08:54:28.759+0000] {logging_mixin.py:188} INFO - [2025-06-27T08:54:28.758+0000] {dag.py:3096} INFO - Sync 1 DAGs
[2025-06-27T08:54:28.833+0000] {processor.py:183} INFO - Processing /opt/airflow/dags/loan_ml_pipeline_dag.py took 3.553 seconds
[2025-06-27T08:54:59.213+0000] {processor.py:161} INFO - Started process (PID=580) to work on /opt/airflow/dags/loan_ml_pipeline_dag.py
[2025-06-27T08:54:59.217+0000] {processor.py:830} INFO - Processing file /opt/airflow/dags/loan_ml_pipeline_dag.py for tasks to queue
[2025-06-27T08:54:59.221+0000] {logging_mixin.py:188} INFO - [2025-06-27T08:54:59.220+0000] {dagbag.py:545} INFO - Filling up the DagBag from /opt/airflow/dags/loan_ml_pipeline_dag.py
[2025-06-27T08:55:00.507+0000] {logging_mixin.py:188} INFO - DATA_MART_ROOT → /opt/airflow/data_mart
[2025-06-27T08:55:01.917+0000] {processor.py:840} INFO - DAG(s) 'loan_credit_ml' retrieved from /opt/airflow/dags/loan_ml_pipeline_dag.py
[2025-06-27T08:55:02.011+0000] {logging_mixin.py:188} INFO - [2025-06-27T08:55:02.010+0000] {dag.py:3096} INFO - Sync 1 DAGs
[2025-06-27T08:55:02.176+0000] {processor.py:183} INFO - Processing /opt/airflow/dags/loan_ml_pipeline_dag.py took 2.972 seconds
[2025-06-27T08:55:32.531+0000] {processor.py:161} INFO - Started process (PID=594) to work on /opt/airflow/dags/loan_ml_pipeline_dag.py
[2025-06-27T08:55:32.533+0000] {processor.py:830} INFO - Processing file /opt/airflow/dags/loan_ml_pipeline_dag.py for tasks to queue
[2025-06-27T08:55:32.536+0000] {logging_mixin.py:188} INFO - [2025-06-27T08:55:32.535+0000] {dagbag.py:545} INFO - Filling up the DagBag from /opt/airflow/dags/loan_ml_pipeline_dag.py
[2025-06-27T08:55:33.294+0000] {logging_mixin.py:188} INFO - DATA_MART_ROOT → /opt/airflow/data_mart
[2025-06-27T08:55:34.781+0000] {processor.py:840} INFO - DAG(s) 'loan_credit_ml' retrieved from /opt/airflow/dags/loan_ml_pipeline_dag.py
[2025-06-27T08:55:34.836+0000] {logging_mixin.py:188} INFO - [2025-06-27T08:55:34.836+0000] {dag.py:3096} INFO - Sync 1 DAGs
[2025-06-27T08:55:34.920+0000] {processor.py:183} INFO - Processing /opt/airflow/dags/loan_ml_pipeline_dag.py took 2.404 seconds
[2025-06-27T08:56:05.272+0000] {processor.py:161} INFO - Started process (PID=608) to work on /opt/airflow/dags/loan_ml_pipeline_dag.py
[2025-06-27T08:56:05.275+0000] {processor.py:830} INFO - Processing file /opt/airflow/dags/loan_ml_pipeline_dag.py for tasks to queue
[2025-06-27T08:56:05.280+0000] {logging_mixin.py:188} INFO - [2025-06-27T08:56:05.279+0000] {dagbag.py:545} INFO - Filling up the DagBag from /opt/airflow/dags/loan_ml_pipeline_dag.py
[2025-06-27T08:56:07.503+0000] {logging_mixin.py:188} INFO - DATA_MART_ROOT → /opt/airflow/data_mart
[2025-06-27T08:56:08.929+0000] {processor.py:840} INFO - DAG(s) 'loan_credit_ml' retrieved from /opt/airflow/dags/loan_ml_pipeline_dag.py
[2025-06-27T08:56:08.983+0000] {logging_mixin.py:188} INFO - [2025-06-27T08:56:08.982+0000] {dag.py:3096} INFO - Sync 1 DAGs
[2025-06-27T08:56:09.061+0000] {processor.py:183} INFO - Processing /opt/airflow/dags/loan_ml_pipeline_dag.py took 3.826 seconds
[2025-06-27T08:56:39.393+0000] {processor.py:161} INFO - Started process (PID=622) to work on /opt/airflow/dags/loan_ml_pipeline_dag.py
[2025-06-27T08:56:39.397+0000] {processor.py:830} INFO - Processing file /opt/airflow/dags/loan_ml_pipeline_dag.py for tasks to queue
[2025-06-27T08:56:39.406+0000] {logging_mixin.py:188} INFO - [2025-06-27T08:56:39.405+0000] {dagbag.py:545} INFO - Filling up the DagBag from /opt/airflow/dags/loan_ml_pipeline_dag.py
[2025-06-27T08:56:40.139+0000] {logging_mixin.py:188} INFO - DATA_MART_ROOT → /opt/airflow/data_mart
[2025-06-27T08:56:40.981+0000] {processor.py:840} INFO - DAG(s) 'loan_credit_ml' retrieved from /opt/airflow/dags/loan_ml_pipeline_dag.py
[2025-06-27T08:56:41.028+0000] {logging_mixin.py:188} INFO - [2025-06-27T08:56:41.027+0000] {dag.py:3096} INFO - Sync 1 DAGs
[2025-06-27T08:56:41.091+0000] {processor.py:183} INFO - Processing /opt/airflow/dags/loan_ml_pipeline_dag.py took 1.709 seconds
[2025-06-27T08:57:11.438+0000] {processor.py:161} INFO - Started process (PID=636) to work on /opt/airflow/dags/loan_ml_pipeline_dag.py
[2025-06-27T08:57:11.445+0000] {processor.py:830} INFO - Processing file /opt/airflow/dags/loan_ml_pipeline_dag.py for tasks to queue
[2025-06-27T08:57:11.458+0000] {logging_mixin.py:188} INFO - [2025-06-27T08:57:11.456+0000] {dagbag.py:545} INFO - Filling up the DagBag from /opt/airflow/dags/loan_ml_pipeline_dag.py
[2025-06-27T08:57:12.495+0000] {logging_mixin.py:188} INFO - DATA_MART_ROOT → /opt/airflow/data_mart
[2025-06-27T08:57:15.392+0000] {processor.py:840} INFO - DAG(s) 'loan_credit_ml' retrieved from /opt/airflow/dags/loan_ml_pipeline_dag.py
[2025-06-27T08:57:15.546+0000] {logging_mixin.py:188} INFO - [2025-06-27T08:57:15.537+0000] {dag.py:3096} INFO - Sync 1 DAGs
[2025-06-27T08:57:15.777+0000] {processor.py:183} INFO - Processing /opt/airflow/dags/loan_ml_pipeline_dag.py took 4.385 seconds
[2025-06-27T08:57:46.222+0000] {processor.py:161} INFO - Started process (PID=650) to work on /opt/airflow/dags/loan_ml_pipeline_dag.py
[2025-06-27T08:57:46.224+0000] {processor.py:830} INFO - Processing file /opt/airflow/dags/loan_ml_pipeline_dag.py for tasks to queue
[2025-06-27T08:57:46.229+0000] {logging_mixin.py:188} INFO - [2025-06-27T08:57:46.228+0000] {dagbag.py:545} INFO - Filling up the DagBag from /opt/airflow/dags/loan_ml_pipeline_dag.py
[2025-06-27T08:57:47.783+0000] {logging_mixin.py:188} INFO - DATA_MART_ROOT → /opt/airflow/data_mart
[2025-06-27T08:57:48.958+0000] {processor.py:840} INFO - DAG(s) 'loan_credit_ml' retrieved from /opt/airflow/dags/loan_ml_pipeline_dag.py
[2025-06-27T08:57:48.996+0000] {logging_mixin.py:188} INFO - [2025-06-27T08:57:48.995+0000] {dag.py:3096} INFO - Sync 1 DAGs
[2025-06-27T08:57:49.064+0000] {processor.py:183} INFO - Processing /opt/airflow/dags/loan_ml_pipeline_dag.py took 2.855 seconds
[2025-06-27T08:58:19.396+0000] {processor.py:161} INFO - Started process (PID=664) to work on /opt/airflow/dags/loan_ml_pipeline_dag.py
[2025-06-27T08:58:19.398+0000] {processor.py:830} INFO - Processing file /opt/airflow/dags/loan_ml_pipeline_dag.py for tasks to queue
[2025-06-27T08:58:19.402+0000] {logging_mixin.py:188} INFO - [2025-06-27T08:58:19.401+0000] {dagbag.py:545} INFO - Filling up the DagBag from /opt/airflow/dags/loan_ml_pipeline_dag.py
[2025-06-27T08:58:20.174+0000] {logging_mixin.py:188} INFO - DATA_MART_ROOT → /opt/airflow/data_mart
[2025-06-27T08:58:21.665+0000] {processor.py:840} INFO - DAG(s) 'loan_credit_ml' retrieved from /opt/airflow/dags/loan_ml_pipeline_dag.py
[2025-06-27T08:58:21.736+0000] {logging_mixin.py:188} INFO - [2025-06-27T08:58:21.735+0000] {dag.py:3096} INFO - Sync 1 DAGs
[2025-06-27T08:58:21.827+0000] {processor.py:183} INFO - Processing /opt/airflow/dags/loan_ml_pipeline_dag.py took 2.440 seconds
[2025-06-27T08:58:52.476+0000] {processor.py:161} INFO - Started process (PID=678) to work on /opt/airflow/dags/loan_ml_pipeline_dag.py
[2025-06-27T08:58:52.482+0000] {processor.py:830} INFO - Processing file /opt/airflow/dags/loan_ml_pipeline_dag.py for tasks to queue
[2025-06-27T08:58:52.502+0000] {logging_mixin.py:188} INFO - [2025-06-27T08:58:52.500+0000] {dagbag.py:545} INFO - Filling up the DagBag from /opt/airflow/dags/loan_ml_pipeline_dag.py
[2025-06-27T08:58:54.173+0000] {logging_mixin.py:188} INFO - DATA_MART_ROOT → /opt/airflow/data_mart
[2025-06-27T08:58:55.361+0000] {processor.py:840} INFO - DAG(s) 'loan_credit_ml' retrieved from /opt/airflow/dags/loan_ml_pipeline_dag.py
[2025-06-27T08:58:55.411+0000] {logging_mixin.py:188} INFO - [2025-06-27T08:58:55.411+0000] {dag.py:3096} INFO - Sync 1 DAGs
[2025-06-27T08:58:55.497+0000] {processor.py:183} INFO - Processing /opt/airflow/dags/loan_ml_pipeline_dag.py took 3.049 seconds
[2025-06-27T08:59:25.799+0000] {processor.py:161} INFO - Started process (PID=692) to work on /opt/airflow/dags/loan_ml_pipeline_dag.py
[2025-06-27T08:59:25.801+0000] {processor.py:830} INFO - Processing file /opt/airflow/dags/loan_ml_pipeline_dag.py for tasks to queue
[2025-06-27T08:59:25.803+0000] {logging_mixin.py:188} INFO - [2025-06-27T08:59:25.803+0000] {dagbag.py:545} INFO - Filling up the DagBag from /opt/airflow/dags/loan_ml_pipeline_dag.py
[2025-06-27T08:59:26.653+0000] {logging_mixin.py:188} INFO - DATA_MART_ROOT → /opt/airflow/data_mart
[2025-06-27T08:59:28.236+0000] {processor.py:840} INFO - DAG(s) 'loan_credit_ml' retrieved from /opt/airflow/dags/loan_ml_pipeline_dag.py
[2025-06-27T08:59:28.425+0000] {logging_mixin.py:188} INFO - [2025-06-27T08:59:28.424+0000] {dag.py:3096} INFO - Sync 1 DAGs
[2025-06-27T08:59:28.593+0000] {processor.py:183} INFO - Processing /opt/airflow/dags/loan_ml_pipeline_dag.py took 2.805 seconds
[2025-06-27T08:59:58.995+0000] {processor.py:161} INFO - Started process (PID=706) to work on /opt/airflow/dags/loan_ml_pipeline_dag.py
[2025-06-27T08:59:58.997+0000] {processor.py:830} INFO - Processing file /opt/airflow/dags/loan_ml_pipeline_dag.py for tasks to queue
[2025-06-27T08:59:59.004+0000] {logging_mixin.py:188} INFO - [2025-06-27T08:59:59.002+0000] {dagbag.py:545} INFO - Filling up the DagBag from /opt/airflow/dags/loan_ml_pipeline_dag.py
[2025-06-27T08:59:59.700+0000] {logging_mixin.py:188} INFO - DATA_MART_ROOT → /opt/airflow/data_mart
[2025-06-27T09:00:00.985+0000] {processor.py:840} INFO - DAG(s) 'loan_credit_ml' retrieved from /opt/airflow/dags/loan_ml_pipeline_dag.py
[2025-06-27T09:00:01.028+0000] {logging_mixin.py:188} INFO - [2025-06-27T09:00:01.028+0000] {dag.py:3096} INFO - Sync 1 DAGs
[2025-06-27T09:00:01.100+0000] {processor.py:183} INFO - Processing /opt/airflow/dags/loan_ml_pipeline_dag.py took 2.120 seconds
[2025-06-27T09:00:31.523+0000] {processor.py:161} INFO - Started process (PID=720) to work on /opt/airflow/dags/loan_ml_pipeline_dag.py
[2025-06-27T09:00:31.525+0000] {processor.py:830} INFO - Processing file /opt/airflow/dags/loan_ml_pipeline_dag.py for tasks to queue
[2025-06-27T09:00:31.529+0000] {logging_mixin.py:188} INFO - [2025-06-27T09:00:31.529+0000] {dagbag.py:545} INFO - Filling up the DagBag from /opt/airflow/dags/loan_ml_pipeline_dag.py
[2025-06-27T09:00:32.306+0000] {logging_mixin.py:188} INFO - DATA_MART_ROOT → /opt/airflow/data_mart
[2025-06-27T09:00:33.499+0000] {processor.py:840} INFO - DAG(s) 'loan_credit_ml' retrieved from /opt/airflow/dags/loan_ml_pipeline_dag.py
[2025-06-27T09:00:33.570+0000] {logging_mixin.py:188} INFO - [2025-06-27T09:00:33.569+0000] {dag.py:3096} INFO - Sync 1 DAGs
[2025-06-27T09:00:33.638+0000] {processor.py:183} INFO - Processing /opt/airflow/dags/loan_ml_pipeline_dag.py took 2.130 seconds
[2025-06-27T09:01:03.832+0000] {processor.py:161} INFO - Started process (PID=734) to work on /opt/airflow/dags/loan_ml_pipeline_dag.py
[2025-06-27T09:01:03.834+0000] {processor.py:830} INFO - Processing file /opt/airflow/dags/loan_ml_pipeline_dag.py for tasks to queue
[2025-06-27T09:01:03.838+0000] {logging_mixin.py:188} INFO - [2025-06-27T09:01:03.837+0000] {dagbag.py:545} INFO - Filling up the DagBag from /opt/airflow/dags/loan_ml_pipeline_dag.py
[2025-06-27T09:01:04.616+0000] {logging_mixin.py:188} INFO - DATA_MART_ROOT → /opt/airflow/data_mart
[2025-06-27T09:01:05.693+0000] {processor.py:840} INFO - DAG(s) 'loan_credit_ml' retrieved from /opt/airflow/dags/loan_ml_pipeline_dag.py
[2025-06-27T09:01:05.742+0000] {logging_mixin.py:188} INFO - [2025-06-27T09:01:05.741+0000] {dag.py:3096} INFO - Sync 1 DAGs
[2025-06-27T09:01:05.803+0000] {processor.py:183} INFO - Processing /opt/airflow/dags/loan_ml_pipeline_dag.py took 1.980 seconds
[2025-06-27T09:01:36.102+0000] {processor.py:161} INFO - Started process (PID=748) to work on /opt/airflow/dags/loan_ml_pipeline_dag.py
[2025-06-27T09:01:36.104+0000] {processor.py:830} INFO - Processing file /opt/airflow/dags/loan_ml_pipeline_dag.py for tasks to queue
[2025-06-27T09:01:36.108+0000] {logging_mixin.py:188} INFO - [2025-06-27T09:01:36.108+0000] {dagbag.py:545} INFO - Filling up the DagBag from /opt/airflow/dags/loan_ml_pipeline_dag.py
[2025-06-27T09:01:36.853+0000] {logging_mixin.py:188} INFO - DATA_MART_ROOT → /opt/airflow/data_mart
[2025-06-27T09:01:37.847+0000] {processor.py:840} INFO - DAG(s) 'loan_credit_ml' retrieved from /opt/airflow/dags/loan_ml_pipeline_dag.py
[2025-06-27T09:01:37.968+0000] {logging_mixin.py:188} INFO - [2025-06-27T09:01:37.968+0000] {dag.py:3096} INFO - Sync 1 DAGs
[2025-06-27T09:01:38.116+0000] {processor.py:183} INFO - Processing /opt/airflow/dags/loan_ml_pipeline_dag.py took 2.029 seconds
[2025-06-27T09:02:08.470+0000] {processor.py:161} INFO - Started process (PID=762) to work on /opt/airflow/dags/loan_ml_pipeline_dag.py
[2025-06-27T09:02:08.472+0000] {processor.py:830} INFO - Processing file /opt/airflow/dags/loan_ml_pipeline_dag.py for tasks to queue
[2025-06-27T09:02:08.476+0000] {logging_mixin.py:188} INFO - [2025-06-27T09:02:08.476+0000] {dagbag.py:545} INFO - Filling up the DagBag from /opt/airflow/dags/loan_ml_pipeline_dag.py
[2025-06-27T09:02:09.197+0000] {logging_mixin.py:188} INFO - DATA_MART_ROOT → /opt/airflow/data_mart
[2025-06-27T09:02:10.015+0000] {processor.py:840} INFO - DAG(s) 'loan_credit_ml' retrieved from /opt/airflow/dags/loan_ml_pipeline_dag.py
[2025-06-27T09:02:10.054+0000] {logging_mixin.py:188} INFO - [2025-06-27T09:02:10.054+0000] {dag.py:3096} INFO - Sync 1 DAGs
[2025-06-27T09:02:10.109+0000] {processor.py:183} INFO - Processing /opt/airflow/dags/loan_ml_pipeline_dag.py took 1.671 seconds
[2025-06-27T09:02:40.434+0000] {processor.py:161} INFO - Started process (PID=776) to work on /opt/airflow/dags/loan_ml_pipeline_dag.py
[2025-06-27T09:02:40.436+0000] {processor.py:830} INFO - Processing file /opt/airflow/dags/loan_ml_pipeline_dag.py for tasks to queue
[2025-06-27T09:02:40.440+0000] {logging_mixin.py:188} INFO - [2025-06-27T09:02:40.439+0000] {dagbag.py:545} INFO - Filling up the DagBag from /opt/airflow/dags/loan_ml_pipeline_dag.py
[2025-06-27T09:02:41.141+0000] {logging_mixin.py:188} INFO - DATA_MART_ROOT → /opt/airflow/data_mart
[2025-06-27T09:02:42.325+0000] {processor.py:840} INFO - DAG(s) 'loan_credit_ml' retrieved from /opt/airflow/dags/loan_ml_pipeline_dag.py
[2025-06-27T09:02:42.365+0000] {logging_mixin.py:188} INFO - [2025-06-27T09:02:42.365+0000] {dag.py:3096} INFO - Sync 1 DAGs
[2025-06-27T09:02:42.423+0000] {processor.py:183} INFO - Processing /opt/airflow/dags/loan_ml_pipeline_dag.py took 1.996 seconds
[2025-06-27T09:03:12.824+0000] {processor.py:161} INFO - Started process (PID=790) to work on /opt/airflow/dags/loan_ml_pipeline_dag.py
[2025-06-27T09:03:12.825+0000] {processor.py:830} INFO - Processing file /opt/airflow/dags/loan_ml_pipeline_dag.py for tasks to queue
[2025-06-27T09:03:12.829+0000] {logging_mixin.py:188} INFO - [2025-06-27T09:03:12.828+0000] {dagbag.py:545} INFO - Filling up the DagBag from /opt/airflow/dags/loan_ml_pipeline_dag.py
[2025-06-27T09:03:13.557+0000] {logging_mixin.py:188} INFO - DATA_MART_ROOT → /opt/airflow/data_mart
[2025-06-27T09:03:14.813+0000] {processor.py:840} INFO - DAG(s) 'loan_credit_ml' retrieved from /opt/airflow/dags/loan_ml_pipeline_dag.py
[2025-06-27T09:03:14.849+0000] {logging_mixin.py:188} INFO - [2025-06-27T09:03:14.848+0000] {dag.py:3096} INFO - Sync 1 DAGs
[2025-06-27T09:03:14.903+0000] {processor.py:183} INFO - Processing /opt/airflow/dags/loan_ml_pipeline_dag.py took 2.089 seconds
[2025-06-27T09:03:45.224+0000] {processor.py:161} INFO - Started process (PID=804) to work on /opt/airflow/dags/loan_ml_pipeline_dag.py
[2025-06-27T09:03:45.225+0000] {processor.py:830} INFO - Processing file /opt/airflow/dags/loan_ml_pipeline_dag.py for tasks to queue
[2025-06-27T09:03:45.229+0000] {logging_mixin.py:188} INFO - [2025-06-27T09:03:45.228+0000] {dagbag.py:545} INFO - Filling up the DagBag from /opt/airflow/dags/loan_ml_pipeline_dag.py
[2025-06-27T09:03:45.897+0000] {logging_mixin.py:188} INFO - DATA_MART_ROOT → /opt/airflow/data_mart
[2025-06-27T09:03:46.974+0000] {processor.py:840} INFO - DAG(s) 'loan_credit_ml' retrieved from /opt/airflow/dags/loan_ml_pipeline_dag.py
[2025-06-27T09:03:47.015+0000] {logging_mixin.py:188} INFO - [2025-06-27T09:03:47.014+0000] {dag.py:3096} INFO - Sync 1 DAGs
[2025-06-27T09:03:47.087+0000] {processor.py:183} INFO - Processing /opt/airflow/dags/loan_ml_pipeline_dag.py took 1.872 seconds
[2025-06-27T09:04:17.446+0000] {processor.py:161} INFO - Started process (PID=818) to work on /opt/airflow/dags/loan_ml_pipeline_dag.py
[2025-06-27T09:04:17.448+0000] {processor.py:830} INFO - Processing file /opt/airflow/dags/loan_ml_pipeline_dag.py for tasks to queue
[2025-06-27T09:04:17.451+0000] {logging_mixin.py:188} INFO - [2025-06-27T09:04:17.450+0000] {dagbag.py:545} INFO - Filling up the DagBag from /opt/airflow/dags/loan_ml_pipeline_dag.py
[2025-06-27T09:04:18.176+0000] {logging_mixin.py:188} INFO - DATA_MART_ROOT → /opt/airflow/data_mart
[2025-06-27T09:04:19.120+0000] {processor.py:840} INFO - DAG(s) 'loan_credit_ml' retrieved from /opt/airflow/dags/loan_ml_pipeline_dag.py
[2025-06-27T09:04:19.157+0000] {logging_mixin.py:188} INFO - [2025-06-27T09:04:19.156+0000] {dag.py:3096} INFO - Sync 1 DAGs
[2025-06-27T09:04:19.220+0000] {processor.py:183} INFO - Processing /opt/airflow/dags/loan_ml_pipeline_dag.py took 1.780 seconds
[2025-06-27T09:04:49.608+0000] {processor.py:161} INFO - Started process (PID=832) to work on /opt/airflow/dags/loan_ml_pipeline_dag.py
[2025-06-27T09:04:49.613+0000] {processor.py:830} INFO - Processing file /opt/airflow/dags/loan_ml_pipeline_dag.py for tasks to queue
[2025-06-27T09:04:49.618+0000] {logging_mixin.py:188} INFO - [2025-06-27T09:04:49.618+0000] {dagbag.py:545} INFO - Filling up the DagBag from /opt/airflow/dags/loan_ml_pipeline_dag.py
[2025-06-27T09:04:50.497+0000] {logging_mixin.py:188} INFO - DATA_MART_ROOT → /opt/airflow/data_mart
[2025-06-27T09:04:51.485+0000] {processor.py:840} INFO - DAG(s) 'loan_credit_ml' retrieved from /opt/airflow/dags/loan_ml_pipeline_dag.py
[2025-06-27T09:04:51.538+0000] {logging_mixin.py:188} INFO - [2025-06-27T09:04:51.538+0000] {dag.py:3096} INFO - Sync 1 DAGs
[2025-06-27T09:04:51.594+0000] {processor.py:183} INFO - Processing /opt/airflow/dags/loan_ml_pipeline_dag.py took 2.003 seconds
[2025-06-27T09:05:21.919+0000] {processor.py:161} INFO - Started process (PID=846) to work on /opt/airflow/dags/loan_ml_pipeline_dag.py
[2025-06-27T09:05:21.926+0000] {processor.py:830} INFO - Processing file /opt/airflow/dags/loan_ml_pipeline_dag.py for tasks to queue
[2025-06-27T09:05:21.932+0000] {logging_mixin.py:188} INFO - [2025-06-27T09:05:21.931+0000] {dagbag.py:545} INFO - Filling up the DagBag from /opt/airflow/dags/loan_ml_pipeline_dag.py
[2025-06-27T09:05:23.144+0000] {logging_mixin.py:188} INFO - DATA_MART_ROOT → /opt/airflow/data_mart
[2025-06-27T09:05:24.090+0000] {processor.py:840} INFO - DAG(s) 'loan_credit_ml' retrieved from /opt/airflow/dags/loan_ml_pipeline_dag.py
[2025-06-27T09:05:24.131+0000] {logging_mixin.py:188} INFO - [2025-06-27T09:05:24.131+0000] {dag.py:3096} INFO - Sync 1 DAGs
[2025-06-27T09:05:24.187+0000] {processor.py:183} INFO - Processing /opt/airflow/dags/loan_ml_pipeline_dag.py took 2.295 seconds
[2025-06-27T09:05:54.486+0000] {processor.py:161} INFO - Started process (PID=860) to work on /opt/airflow/dags/loan_ml_pipeline_dag.py
[2025-06-27T09:05:54.488+0000] {processor.py:830} INFO - Processing file /opt/airflow/dags/loan_ml_pipeline_dag.py for tasks to queue
[2025-06-27T09:05:54.492+0000] {logging_mixin.py:188} INFO - [2025-06-27T09:05:54.491+0000] {dagbag.py:545} INFO - Filling up the DagBag from /opt/airflow/dags/loan_ml_pipeline_dag.py
[2025-06-27T09:05:55.198+0000] {logging_mixin.py:188} INFO - DATA_MART_ROOT → /opt/airflow/data_mart
[2025-06-27T09:05:56.187+0000] {processor.py:840} INFO - DAG(s) 'loan_credit_ml' retrieved from /opt/airflow/dags/loan_ml_pipeline_dag.py
[2025-06-27T09:05:56.222+0000] {logging_mixin.py:188} INFO - [2025-06-27T09:05:56.221+0000] {dag.py:3096} INFO - Sync 1 DAGs
[2025-06-27T09:05:56.343+0000] {processor.py:183} INFO - Processing /opt/airflow/dags/loan_ml_pipeline_dag.py took 1.869 seconds
[2025-06-27T09:06:26.714+0000] {processor.py:161} INFO - Started process (PID=874) to work on /opt/airflow/dags/loan_ml_pipeline_dag.py
[2025-06-27T09:06:26.717+0000] {processor.py:830} INFO - Processing file /opt/airflow/dags/loan_ml_pipeline_dag.py for tasks to queue
[2025-06-27T09:06:26.724+0000] {logging_mixin.py:188} INFO - [2025-06-27T09:06:26.723+0000] {dagbag.py:545} INFO - Filling up the DagBag from /opt/airflow/dags/loan_ml_pipeline_dag.py
[2025-06-27T09:06:27.380+0000] {logging_mixin.py:188} INFO - DATA_MART_ROOT → /opt/airflow/data_mart
[2025-06-27T09:06:28.584+0000] {processor.py:840} INFO - DAG(s) 'loan_credit_ml' retrieved from /opt/airflow/dags/loan_ml_pipeline_dag.py
[2025-06-27T09:06:28.648+0000] {logging_mixin.py:188} INFO - [2025-06-27T09:06:28.645+0000] {dag.py:3096} INFO - Sync 1 DAGs
[2025-06-27T09:06:28.750+0000] {processor.py:183} INFO - Processing /opt/airflow/dags/loan_ml_pipeline_dag.py took 2.044 seconds
[2025-06-27T09:06:58.982+0000] {processor.py:161} INFO - Started process (PID=888) to work on /opt/airflow/dags/loan_ml_pipeline_dag.py
[2025-06-27T09:06:58.984+0000] {processor.py:830} INFO - Processing file /opt/airflow/dags/loan_ml_pipeline_dag.py for tasks to queue
[2025-06-27T09:06:58.987+0000] {logging_mixin.py:188} INFO - [2025-06-27T09:06:58.986+0000] {dagbag.py:545} INFO - Filling up the DagBag from /opt/airflow/dags/loan_ml_pipeline_dag.py
[2025-06-27T09:06:59.646+0000] {logging_mixin.py:188} INFO - DATA_MART_ROOT → /opt/airflow/data_mart
[2025-06-27T09:07:00.748+0000] {processor.py:840} INFO - DAG(s) 'loan_credit_ml' retrieved from /opt/airflow/dags/loan_ml_pipeline_dag.py
[2025-06-27T09:07:00.797+0000] {logging_mixin.py:188} INFO - [2025-06-27T09:07:00.797+0000] {dag.py:3096} INFO - Sync 1 DAGs
[2025-06-27T09:07:00.886+0000] {processor.py:183} INFO - Processing /opt/airflow/dags/loan_ml_pipeline_dag.py took 1.911 seconds
[2025-06-27T09:07:31.306+0000] {processor.py:161} INFO - Started process (PID=902) to work on /opt/airflow/dags/loan_ml_pipeline_dag.py
[2025-06-27T09:07:31.313+0000] {processor.py:830} INFO - Processing file /opt/airflow/dags/loan_ml_pipeline_dag.py for tasks to queue
[2025-06-27T09:07:31.326+0000] {logging_mixin.py:188} INFO - [2025-06-27T09:07:31.325+0000] {dagbag.py:545} INFO - Filling up the DagBag from /opt/airflow/dags/loan_ml_pipeline_dag.py
[2025-06-27T09:07:32.543+0000] {logging_mixin.py:188} INFO - DATA_MART_ROOT → /opt/airflow/data_mart
[2025-06-27T09:07:33.577+0000] {processor.py:840} INFO - DAG(s) 'loan_credit_ml' retrieved from /opt/airflow/dags/loan_ml_pipeline_dag.py
[2025-06-27T09:07:33.619+0000] {logging_mixin.py:188} INFO - [2025-06-27T09:07:33.618+0000] {dag.py:3096} INFO - Sync 1 DAGs
[2025-06-27T09:07:33.681+0000] {processor.py:183} INFO - Processing /opt/airflow/dags/loan_ml_pipeline_dag.py took 2.422 seconds
[2025-06-27T09:08:03.976+0000] {processor.py:161} INFO - Started process (PID=916) to work on /opt/airflow/dags/loan_ml_pipeline_dag.py
[2025-06-27T09:08:03.979+0000] {processor.py:830} INFO - Processing file /opt/airflow/dags/loan_ml_pipeline_dag.py for tasks to queue
[2025-06-27T09:08:03.982+0000] {logging_mixin.py:188} INFO - [2025-06-27T09:08:03.981+0000] {dagbag.py:545} INFO - Filling up the DagBag from /opt/airflow/dags/loan_ml_pipeline_dag.py
[2025-06-27T09:08:04.906+0000] {logging_mixin.py:188} INFO - DATA_MART_ROOT → /opt/airflow/data_mart
[2025-06-27T09:08:06.404+0000] {processor.py:840} INFO - DAG(s) 'loan_credit_ml' retrieved from /opt/airflow/dags/loan_ml_pipeline_dag.py
[2025-06-27T09:08:06.460+0000] {logging_mixin.py:188} INFO - [2025-06-27T09:08:06.459+0000] {dag.py:3096} INFO - Sync 1 DAGs
[2025-06-27T09:08:06.549+0000] {processor.py:183} INFO - Processing /opt/airflow/dags/loan_ml_pipeline_dag.py took 2.584 seconds
[2025-06-27T09:08:37.179+0000] {processor.py:161} INFO - Started process (PID=930) to work on /opt/airflow/dags/loan_ml_pipeline_dag.py
[2025-06-27T09:08:37.182+0000] {processor.py:830} INFO - Processing file /opt/airflow/dags/loan_ml_pipeline_dag.py for tasks to queue
[2025-06-27T09:08:37.196+0000] {logging_mixin.py:188} INFO - [2025-06-27T09:08:37.193+0000] {dagbag.py:545} INFO - Filling up the DagBag from /opt/airflow/dags/loan_ml_pipeline_dag.py
[2025-06-27T09:08:39.105+0000] {logging_mixin.py:188} INFO - DATA_MART_ROOT → /opt/airflow/data_mart
[2025-06-27T09:08:40.410+0000] {processor.py:840} INFO - DAG(s) 'loan_credit_ml' retrieved from /opt/airflow/dags/loan_ml_pipeline_dag.py
[2025-06-27T09:08:40.481+0000] {logging_mixin.py:188} INFO - [2025-06-27T09:08:40.480+0000] {dag.py:3096} INFO - Sync 1 DAGs
[2025-06-27T09:08:40.699+0000] {processor.py:183} INFO - Processing /opt/airflow/dags/loan_ml_pipeline_dag.py took 3.564 seconds
[2025-06-27T09:09:11.201+0000] {processor.py:161} INFO - Started process (PID=944) to work on /opt/airflow/dags/loan_ml_pipeline_dag.py
[2025-06-27T09:09:11.203+0000] {processor.py:830} INFO - Processing file /opt/airflow/dags/loan_ml_pipeline_dag.py for tasks to queue
[2025-06-27T09:09:11.207+0000] {logging_mixin.py:188} INFO - [2025-06-27T09:09:11.206+0000] {dagbag.py:545} INFO - Filling up the DagBag from /opt/airflow/dags/loan_ml_pipeline_dag.py
[2025-06-27T09:09:11.900+0000] {logging_mixin.py:188} INFO - DATA_MART_ROOT → /opt/airflow/data_mart
[2025-06-27T09:09:12.811+0000] {processor.py:840} INFO - DAG(s) 'loan_credit_ml' retrieved from /opt/airflow/dags/loan_ml_pipeline_dag.py
[2025-06-27T09:09:12.858+0000] {logging_mixin.py:188} INFO - [2025-06-27T09:09:12.858+0000] {dag.py:3096} INFO - Sync 1 DAGs
[2025-06-27T09:09:12.927+0000] {processor.py:183} INFO - Processing /opt/airflow/dags/loan_ml_pipeline_dag.py took 1.738 seconds
[2025-06-27T09:09:43.328+0000] {processor.py:161} INFO - Started process (PID=958) to work on /opt/airflow/dags/loan_ml_pipeline_dag.py
[2025-06-27T09:09:43.330+0000] {processor.py:830} INFO - Processing file /opt/airflow/dags/loan_ml_pipeline_dag.py for tasks to queue
[2025-06-27T09:09:43.349+0000] {logging_mixin.py:188} INFO - [2025-06-27T09:09:43.347+0000] {dagbag.py:545} INFO - Filling up the DagBag from /opt/airflow/dags/loan_ml_pipeline_dag.py
[2025-06-27T09:09:44.075+0000] {logging_mixin.py:188} INFO - DATA_MART_ROOT → /opt/airflow/data_mart
[2025-06-27T09:09:45.390+0000] {processor.py:840} INFO - DAG(s) 'loan_credit_ml' retrieved from /opt/airflow/dags/loan_ml_pipeline_dag.py
[2025-06-27T09:09:45.440+0000] {logging_mixin.py:188} INFO - [2025-06-27T09:09:45.439+0000] {dag.py:3096} INFO - Sync 1 DAGs
[2025-06-27T09:09:45.506+0000] {processor.py:183} INFO - Processing /opt/airflow/dags/loan_ml_pipeline_dag.py took 2.185 seconds
[2025-06-27T09:10:15.606+0000] {processor.py:161} INFO - Started process (PID=972) to work on /opt/airflow/dags/loan_ml_pipeline_dag.py
[2025-06-27T09:10:15.608+0000] {processor.py:830} INFO - Processing file /opt/airflow/dags/loan_ml_pipeline_dag.py for tasks to queue
[2025-06-27T09:10:15.611+0000] {logging_mixin.py:188} INFO - [2025-06-27T09:10:15.610+0000] {dagbag.py:545} INFO - Filling up the DagBag from /opt/airflow/dags/loan_ml_pipeline_dag.py
[2025-06-27T09:10:16.200+0000] {logging_mixin.py:188} INFO - DATA_MART_ROOT → /opt/airflow/data_mart
[2025-06-27T09:10:17.073+0000] {processor.py:840} INFO - DAG(s) 'loan_credit_ml' retrieved from /opt/airflow/dags/loan_ml_pipeline_dag.py
[2025-06-27T09:10:17.111+0000] {logging_mixin.py:188} INFO - [2025-06-27T09:10:17.110+0000] {dag.py:3096} INFO - Sync 1 DAGs
[2025-06-27T09:10:17.170+0000] {processor.py:183} INFO - Processing /opt/airflow/dags/loan_ml_pipeline_dag.py took 1.573 seconds
[2025-06-27T09:10:47.585+0000] {processor.py:161} INFO - Started process (PID=986) to work on /opt/airflow/dags/loan_ml_pipeline_dag.py
[2025-06-27T09:10:47.588+0000] {processor.py:830} INFO - Processing file /opt/airflow/dags/loan_ml_pipeline_dag.py for tasks to queue
[2025-06-27T09:10:47.594+0000] {logging_mixin.py:188} INFO - [2025-06-27T09:10:47.592+0000] {dagbag.py:545} INFO - Filling up the DagBag from /opt/airflow/dags/loan_ml_pipeline_dag.py
[2025-06-27T09:10:48.326+0000] {logging_mixin.py:188} INFO - DATA_MART_ROOT → /opt/airflow/data_mart
[2025-06-27T09:10:49.321+0000] {processor.py:840} INFO - DAG(s) 'loan_credit_ml' retrieved from /opt/airflow/dags/loan_ml_pipeline_dag.py
[2025-06-27T09:10:49.362+0000] {logging_mixin.py:188} INFO - [2025-06-27T09:10:49.361+0000] {dag.py:3096} INFO - Sync 1 DAGs
[2025-06-27T09:10:49.422+0000] {processor.py:183} INFO - Processing /opt/airflow/dags/loan_ml_pipeline_dag.py took 1.852 seconds
[2025-06-27T09:11:19.702+0000] {processor.py:161} INFO - Started process (PID=1000) to work on /opt/airflow/dags/loan_ml_pipeline_dag.py
[2025-06-27T09:11:19.709+0000] {processor.py:830} INFO - Processing file /opt/airflow/dags/loan_ml_pipeline_dag.py for tasks to queue
[2025-06-27T09:11:19.719+0000] {logging_mixin.py:188} INFO - [2025-06-27T09:11:19.717+0000] {dagbag.py:545} INFO - Filling up the DagBag from /opt/airflow/dags/loan_ml_pipeline_dag.py
[2025-06-27T09:11:20.465+0000] {logging_mixin.py:188} INFO - DATA_MART_ROOT → /opt/airflow/data_mart
[2025-06-27T09:11:21.382+0000] {processor.py:840} INFO - DAG(s) 'loan_credit_ml' retrieved from /opt/airflow/dags/loan_ml_pipeline_dag.py
[2025-06-27T09:11:21.427+0000] {logging_mixin.py:188} INFO - [2025-06-27T09:11:21.426+0000] {dag.py:3096} INFO - Sync 1 DAGs
[2025-06-27T09:11:21.485+0000] {processor.py:183} INFO - Processing /opt/airflow/dags/loan_ml_pipeline_dag.py took 1.792 seconds
[2025-06-27T09:11:51.590+0000] {processor.py:161} INFO - Started process (PID=1014) to work on /opt/airflow/dags/loan_ml_pipeline_dag.py
[2025-06-27T09:11:51.593+0000] {processor.py:830} INFO - Processing file /opt/airflow/dags/loan_ml_pipeline_dag.py for tasks to queue
[2025-06-27T09:11:51.597+0000] {logging_mixin.py:188} INFO - [2025-06-27T09:11:51.596+0000] {dagbag.py:545} INFO - Filling up the DagBag from /opt/airflow/dags/loan_ml_pipeline_dag.py
[2025-06-27T09:11:52.384+0000] {logging_mixin.py:188} INFO - DATA_MART_ROOT → /opt/airflow/data_mart
[2025-06-27T09:11:53.296+0000] {processor.py:840} INFO - DAG(s) 'loan_credit_ml' retrieved from /opt/airflow/dags/loan_ml_pipeline_dag.py
[2025-06-27T09:11:53.331+0000] {logging_mixin.py:188} INFO - [2025-06-27T09:11:53.331+0000] {dag.py:3096} INFO - Sync 1 DAGs
[2025-06-27T09:11:53.385+0000] {processor.py:183} INFO - Processing /opt/airflow/dags/loan_ml_pipeline_dag.py took 1.813 seconds
[2025-06-27T09:12:23.701+0000] {processor.py:161} INFO - Started process (PID=1028) to work on /opt/airflow/dags/loan_ml_pipeline_dag.py
[2025-06-27T09:12:23.703+0000] {processor.py:830} INFO - Processing file /opt/airflow/dags/loan_ml_pipeline_dag.py for tasks to queue
[2025-06-27T09:12:23.705+0000] {logging_mixin.py:188} INFO - [2025-06-27T09:12:23.705+0000] {dagbag.py:545} INFO - Filling up the DagBag from /opt/airflow/dags/loan_ml_pipeline_dag.py
[2025-06-27T09:12:24.360+0000] {logging_mixin.py:188} INFO - DATA_MART_ROOT → /opt/airflow/data_mart
[2025-06-27T09:12:25.588+0000] {processor.py:840} INFO - DAG(s) 'loan_credit_ml' retrieved from /opt/airflow/dags/loan_ml_pipeline_dag.py
[2025-06-27T09:12:25.647+0000] {logging_mixin.py:188} INFO - [2025-06-27T09:12:25.646+0000] {dag.py:3096} INFO - Sync 1 DAGs
[2025-06-27T09:12:25.710+0000] {processor.py:183} INFO - Processing /opt/airflow/dags/loan_ml_pipeline_dag.py took 2.019 seconds
[2025-06-27T09:12:55.962+0000] {processor.py:161} INFO - Started process (PID=1042) to work on /opt/airflow/dags/loan_ml_pipeline_dag.py
[2025-06-27T09:12:55.964+0000] {processor.py:830} INFO - Processing file /opt/airflow/dags/loan_ml_pipeline_dag.py for tasks to queue
[2025-06-27T09:12:55.967+0000] {logging_mixin.py:188} INFO - [2025-06-27T09:12:55.966+0000] {dagbag.py:545} INFO - Filling up the DagBag from /opt/airflow/dags/loan_ml_pipeline_dag.py
[2025-06-27T09:12:56.837+0000] {logging_mixin.py:188} INFO - DATA_MART_ROOT → /opt/airflow/data_mart
[2025-06-27T09:12:57.798+0000] {processor.py:840} INFO - DAG(s) 'loan_credit_ml' retrieved from /opt/airflow/dags/loan_ml_pipeline_dag.py
[2025-06-27T09:12:57.839+0000] {logging_mixin.py:188} INFO - [2025-06-27T09:12:57.838+0000] {dag.py:3096} INFO - Sync 1 DAGs
[2025-06-27T09:12:57.910+0000] {processor.py:183} INFO - Processing /opt/airflow/dags/loan_ml_pipeline_dag.py took 1.954 seconds
[2025-06-27T09:13:28.369+0000] {processor.py:161} INFO - Started process (PID=1056) to work on /opt/airflow/dags/loan_ml_pipeline_dag.py
[2025-06-27T09:13:28.372+0000] {processor.py:830} INFO - Processing file /opt/airflow/dags/loan_ml_pipeline_dag.py for tasks to queue
[2025-06-27T09:13:28.376+0000] {logging_mixin.py:188} INFO - [2025-06-27T09:13:28.374+0000] {dagbag.py:545} INFO - Filling up the DagBag from /opt/airflow/dags/loan_ml_pipeline_dag.py
[2025-06-27T09:13:29.079+0000] {logging_mixin.py:188} INFO - DATA_MART_ROOT → /opt/airflow/data_mart
[2025-06-27T09:13:30.044+0000] {processor.py:840} INFO - DAG(s) 'loan_credit_ml' retrieved from /opt/airflow/dags/loan_ml_pipeline_dag.py
[2025-06-27T09:13:30.091+0000] {logging_mixin.py:188} INFO - [2025-06-27T09:13:30.090+0000] {dag.py:3096} INFO - Sync 1 DAGs
[2025-06-27T09:13:30.157+0000] {processor.py:183} INFO - Processing /opt/airflow/dags/loan_ml_pipeline_dag.py took 1.812 seconds
[2025-06-27T09:14:00.537+0000] {processor.py:161} INFO - Started process (PID=1070) to work on /opt/airflow/dags/loan_ml_pipeline_dag.py
[2025-06-27T09:14:00.539+0000] {processor.py:830} INFO - Processing file /opt/airflow/dags/loan_ml_pipeline_dag.py for tasks to queue
[2025-06-27T09:14:00.542+0000] {logging_mixin.py:188} INFO - [2025-06-27T09:14:00.541+0000] {dagbag.py:545} INFO - Filling up the DagBag from /opt/airflow/dags/loan_ml_pipeline_dag.py
[2025-06-27T09:14:01.256+0000] {logging_mixin.py:188} INFO - DATA_MART_ROOT → /opt/airflow/data_mart
[2025-06-27T09:14:02.235+0000] {processor.py:840} INFO - DAG(s) 'loan_credit_ml' retrieved from /opt/airflow/dags/loan_ml_pipeline_dag.py
[2025-06-27T09:14:02.272+0000] {logging_mixin.py:188} INFO - [2025-06-27T09:14:02.272+0000] {dag.py:3096} INFO - Sync 1 DAGs
[2025-06-27T09:14:02.334+0000] {processor.py:183} INFO - Processing /opt/airflow/dags/loan_ml_pipeline_dag.py took 1.805 seconds
[2025-06-27T09:14:32.720+0000] {processor.py:161} INFO - Started process (PID=1084) to work on /opt/airflow/dags/loan_ml_pipeline_dag.py
[2025-06-27T09:14:32.721+0000] {processor.py:830} INFO - Processing file /opt/airflow/dags/loan_ml_pipeline_dag.py for tasks to queue
[2025-06-27T09:14:32.725+0000] {logging_mixin.py:188} INFO - [2025-06-27T09:14:32.724+0000] {dagbag.py:545} INFO - Filling up the DagBag from /opt/airflow/dags/loan_ml_pipeline_dag.py
[2025-06-27T09:14:33.558+0000] {logging_mixin.py:188} INFO - DATA_MART_ROOT → /opt/airflow/data_mart
[2025-06-27T09:14:34.971+0000] {processor.py:840} INFO - DAG(s) 'loan_credit_ml' retrieved from /opt/airflow/dags/loan_ml_pipeline_dag.py
[2025-06-27T09:14:35.084+0000] {logging_mixin.py:188} INFO - [2025-06-27T09:14:35.082+0000] {dag.py:3096} INFO - Sync 1 DAGs
[2025-06-27T09:14:35.709+0000] {processor.py:183} INFO - Processing /opt/airflow/dags/loan_ml_pipeline_dag.py took 3.011 seconds
[2025-06-27T09:15:05.933+0000] {processor.py:161} INFO - Started process (PID=1098) to work on /opt/airflow/dags/loan_ml_pipeline_dag.py
[2025-06-27T09:15:05.935+0000] {processor.py:830} INFO - Processing file /opt/airflow/dags/loan_ml_pipeline_dag.py for tasks to queue
[2025-06-27T09:15:05.938+0000] {logging_mixin.py:188} INFO - [2025-06-27T09:15:05.938+0000] {dagbag.py:545} INFO - Filling up the DagBag from /opt/airflow/dags/loan_ml_pipeline_dag.py
[2025-06-27T09:15:06.742+0000] {logging_mixin.py:188} INFO - DATA_MART_ROOT → /opt/airflow/data_mart
[2025-06-27T09:15:07.895+0000] {processor.py:840} INFO - DAG(s) 'loan_credit_ml' retrieved from /opt/airflow/dags/loan_ml_pipeline_dag.py
[2025-06-27T09:15:07.948+0000] {logging_mixin.py:188} INFO - [2025-06-27T09:15:07.948+0000] {dag.py:3096} INFO - Sync 1 DAGs
[2025-06-27T09:15:08.120+0000] {processor.py:183} INFO - Processing /opt/airflow/dags/loan_ml_pipeline_dag.py took 2.199 seconds
[2025-06-27T09:15:38.228+0000] {processor.py:161} INFO - Started process (PID=1112) to work on /opt/airflow/dags/loan_ml_pipeline_dag.py
[2025-06-27T09:15:38.230+0000] {processor.py:830} INFO - Processing file /opt/airflow/dags/loan_ml_pipeline_dag.py for tasks to queue
[2025-06-27T09:15:38.233+0000] {logging_mixin.py:188} INFO - [2025-06-27T09:15:38.232+0000] {dagbag.py:545} INFO - Filling up the DagBag from /opt/airflow/dags/loan_ml_pipeline_dag.py
[2025-06-27T09:15:39.118+0000] {logging_mixin.py:188} INFO - DATA_MART_ROOT → /opt/airflow/data_mart
[2025-06-27T09:15:39.907+0000] {processor.py:840} INFO - DAG(s) 'loan_credit_ml' retrieved from /opt/airflow/dags/loan_ml_pipeline_dag.py
[2025-06-27T09:15:39.946+0000] {logging_mixin.py:188} INFO - [2025-06-27T09:15:39.945+0000] {dag.py:3096} INFO - Sync 1 DAGs
[2025-06-27T09:15:39.995+0000] {processor.py:183} INFO - Processing /opt/airflow/dags/loan_ml_pipeline_dag.py took 1.774 seconds
[2025-06-27T09:16:10.320+0000] {processor.py:161} INFO - Started process (PID=1126) to work on /opt/airflow/dags/loan_ml_pipeline_dag.py
[2025-06-27T09:16:10.323+0000] {processor.py:830} INFO - Processing file /opt/airflow/dags/loan_ml_pipeline_dag.py for tasks to queue
[2025-06-27T09:16:10.325+0000] {logging_mixin.py:188} INFO - [2025-06-27T09:16:10.325+0000] {dagbag.py:545} INFO - Filling up the DagBag from /opt/airflow/dags/loan_ml_pipeline_dag.py
[2025-06-27T09:16:10.992+0000] {logging_mixin.py:188} INFO - DATA_MART_ROOT → /opt/airflow/data_mart
[2025-06-27T09:16:12.013+0000] {processor.py:840} INFO - DAG(s) 'loan_credit_ml' retrieved from /opt/airflow/dags/loan_ml_pipeline_dag.py
[2025-06-27T09:16:12.064+0000] {logging_mixin.py:188} INFO - [2025-06-27T09:16:12.063+0000] {dag.py:3096} INFO - Sync 1 DAGs
[2025-06-27T09:16:12.124+0000] {processor.py:183} INFO - Processing /opt/airflow/dags/loan_ml_pipeline_dag.py took 1.811 seconds
[2025-06-27T09:16:42.434+0000] {processor.py:161} INFO - Started process (PID=1140) to work on /opt/airflow/dags/loan_ml_pipeline_dag.py
[2025-06-27T09:16:42.435+0000] {processor.py:830} INFO - Processing file /opt/airflow/dags/loan_ml_pipeline_dag.py for tasks to queue
[2025-06-27T09:16:42.439+0000] {logging_mixin.py:188} INFO - [2025-06-27T09:16:42.438+0000] {dagbag.py:545} INFO - Filling up the DagBag from /opt/airflow/dags/loan_ml_pipeline_dag.py
[2025-06-27T09:16:43.094+0000] {logging_mixin.py:188} INFO - DATA_MART_ROOT → /opt/airflow/data_mart
[2025-06-27T09:16:43.921+0000] {processor.py:840} INFO - DAG(s) 'loan_credit_ml' retrieved from /opt/airflow/dags/loan_ml_pipeline_dag.py
[2025-06-27T09:16:43.958+0000] {logging_mixin.py:188} INFO - [2025-06-27T09:16:43.957+0000] {dag.py:3096} INFO - Sync 1 DAGs
[2025-06-27T09:16:44.172+0000] {processor.py:183} INFO - Processing /opt/airflow/dags/loan_ml_pipeline_dag.py took 1.745 seconds
[2025-06-27T09:17:14.485+0000] {processor.py:161} INFO - Started process (PID=1154) to work on /opt/airflow/dags/loan_ml_pipeline_dag.py
[2025-06-27T09:17:14.488+0000] {processor.py:830} INFO - Processing file /opt/airflow/dags/loan_ml_pipeline_dag.py for tasks to queue
[2025-06-27T09:17:14.493+0000] {logging_mixin.py:188} INFO - [2025-06-27T09:17:14.493+0000] {dagbag.py:545} INFO - Filling up the DagBag from /opt/airflow/dags/loan_ml_pipeline_dag.py
[2025-06-27T09:17:15.777+0000] {logging_mixin.py:188} INFO - DATA_MART_ROOT → /opt/airflow/data_mart
[2025-06-27T09:17:16.724+0000] {processor.py:840} INFO - DAG(s) 'loan_credit_ml' retrieved from /opt/airflow/dags/loan_ml_pipeline_dag.py
[2025-06-27T09:17:16.762+0000] {logging_mixin.py:188} INFO - [2025-06-27T09:17:16.762+0000] {dag.py:3096} INFO - Sync 1 DAGs
[2025-06-27T09:17:16.937+0000] {processor.py:183} INFO - Processing /opt/airflow/dags/loan_ml_pipeline_dag.py took 2.461 seconds
[2025-06-27T09:17:47.255+0000] {processor.py:161} INFO - Started process (PID=1168) to work on /opt/airflow/dags/loan_ml_pipeline_dag.py
[2025-06-27T09:17:47.256+0000] {processor.py:830} INFO - Processing file /opt/airflow/dags/loan_ml_pipeline_dag.py for tasks to queue
[2025-06-27T09:17:47.260+0000] {logging_mixin.py:188} INFO - [2025-06-27T09:17:47.259+0000] {dagbag.py:545} INFO - Filling up the DagBag from /opt/airflow/dags/loan_ml_pipeline_dag.py
[2025-06-27T09:17:47.909+0000] {logging_mixin.py:188} INFO - DATA_MART_ROOT → /opt/airflow/data_mart
[2025-06-27T09:17:48.714+0000] {processor.py:840} INFO - DAG(s) 'loan_credit_ml' retrieved from /opt/airflow/dags/loan_ml_pipeline_dag.py
[2025-06-27T09:17:48.748+0000] {logging_mixin.py:188} INFO - [2025-06-27T09:17:48.748+0000] {dag.py:3096} INFO - Sync 1 DAGs
[2025-06-27T09:17:48.799+0000] {processor.py:183} INFO - Processing /opt/airflow/dags/loan_ml_pipeline_dag.py took 1.551 seconds
[2025-06-27T09:18:19.019+0000] {processor.py:161} INFO - Started process (PID=1182) to work on /opt/airflow/dags/loan_ml_pipeline_dag.py
[2025-06-27T09:18:19.021+0000] {processor.py:830} INFO - Processing file /opt/airflow/dags/loan_ml_pipeline_dag.py for tasks to queue
[2025-06-27T09:18:19.024+0000] {logging_mixin.py:188} INFO - [2025-06-27T09:18:19.023+0000] {dagbag.py:545} INFO - Filling up the DagBag from /opt/airflow/dags/loan_ml_pipeline_dag.py
[2025-06-27T09:18:19.729+0000] {logging_mixin.py:188} INFO - DATA_MART_ROOT → /opt/airflow/data_mart
[2025-06-27T09:18:20.621+0000] {processor.py:840} INFO - DAG(s) 'loan_credit_ml' retrieved from /opt/airflow/dags/loan_ml_pipeline_dag.py
[2025-06-27T09:18:20.660+0000] {logging_mixin.py:188} INFO - [2025-06-27T09:18:20.659+0000] {dag.py:3096} INFO - Sync 1 DAGs
[2025-06-27T09:18:20.723+0000] {processor.py:183} INFO - Processing /opt/airflow/dags/loan_ml_pipeline_dag.py took 1.714 seconds
[2025-06-27T09:18:51.176+0000] {processor.py:161} INFO - Started process (PID=1196) to work on /opt/airflow/dags/loan_ml_pipeline_dag.py
[2025-06-27T09:18:51.178+0000] {processor.py:830} INFO - Processing file /opt/airflow/dags/loan_ml_pipeline_dag.py for tasks to queue
[2025-06-27T09:18:51.182+0000] {logging_mixin.py:188} INFO - [2025-06-27T09:18:51.181+0000] {dagbag.py:545} INFO - Filling up the DagBag from /opt/airflow/dags/loan_ml_pipeline_dag.py
[2025-06-27T09:18:51.990+0000] {logging_mixin.py:188} INFO - DATA_MART_ROOT → /opt/airflow/data_mart
[2025-06-27T09:18:53.073+0000] {processor.py:840} INFO - DAG(s) 'loan_credit_ml' retrieved from /opt/airflow/dags/loan_ml_pipeline_dag.py
[2025-06-27T09:18:53.114+0000] {logging_mixin.py:188} INFO - [2025-06-27T09:18:53.113+0000] {dag.py:3096} INFO - Sync 1 DAGs
[2025-06-27T09:18:53.290+0000] {processor.py:183} INFO - Processing /opt/airflow/dags/loan_ml_pipeline_dag.py took 2.122 seconds
[2025-06-27T09:19:23.578+0000] {processor.py:161} INFO - Started process (PID=1210) to work on /opt/airflow/dags/loan_ml_pipeline_dag.py
[2025-06-27T09:19:23.589+0000] {processor.py:830} INFO - Processing file /opt/airflow/dags/loan_ml_pipeline_dag.py for tasks to queue
[2025-06-27T09:19:23.610+0000] {logging_mixin.py:188} INFO - [2025-06-27T09:19:23.605+0000] {dagbag.py:545} INFO - Filling up the DagBag from /opt/airflow/dags/loan_ml_pipeline_dag.py
[2025-06-27T09:19:24.751+0000] {logging_mixin.py:188} INFO - DATA_MART_ROOT → /opt/airflow/data_mart
[2025-06-27T09:19:26.666+0000] {processor.py:840} INFO - DAG(s) 'loan_credit_ml' retrieved from /opt/airflow/dags/loan_ml_pipeline_dag.py
[2025-06-27T09:19:26.722+0000] {logging_mixin.py:188} INFO - [2025-06-27T09:19:26.721+0000] {dag.py:3096} INFO - Sync 1 DAGs
[2025-06-27T09:19:26.933+0000] {processor.py:183} INFO - Processing /opt/airflow/dags/loan_ml_pipeline_dag.py took 3.379 seconds
[2025-06-27T09:19:57.231+0000] {processor.py:161} INFO - Started process (PID=1224) to work on /opt/airflow/dags/loan_ml_pipeline_dag.py
[2025-06-27T09:19:57.233+0000] {processor.py:830} INFO - Processing file /opt/airflow/dags/loan_ml_pipeline_dag.py for tasks to queue
[2025-06-27T09:19:57.236+0000] {logging_mixin.py:188} INFO - [2025-06-27T09:19:57.235+0000] {dagbag.py:545} INFO - Filling up the DagBag from /opt/airflow/dags/loan_ml_pipeline_dag.py
[2025-06-27T09:19:57.797+0000] {logging_mixin.py:188} INFO - DATA_MART_ROOT → /opt/airflow/data_mart
[2025-06-27T09:19:58.632+0000] {processor.py:840} INFO - DAG(s) 'loan_credit_ml' retrieved from /opt/airflow/dags/loan_ml_pipeline_dag.py
[2025-06-27T09:19:58.677+0000] {logging_mixin.py:188} INFO - [2025-06-27T09:19:58.676+0000] {dag.py:3096} INFO - Sync 1 DAGs
[2025-06-27T09:19:58.726+0000] {processor.py:183} INFO - Processing /opt/airflow/dags/loan_ml_pipeline_dag.py took 1.501 seconds
[2025-06-27T09:20:29.115+0000] {processor.py:161} INFO - Started process (PID=1238) to work on /opt/airflow/dags/loan_ml_pipeline_dag.py
[2025-06-27T09:20:29.117+0000] {processor.py:830} INFO - Processing file /opt/airflow/dags/loan_ml_pipeline_dag.py for tasks to queue
[2025-06-27T09:20:29.119+0000] {logging_mixin.py:188} INFO - [2025-06-27T09:20:29.119+0000] {dagbag.py:545} INFO - Filling up the DagBag from /opt/airflow/dags/loan_ml_pipeline_dag.py
[2025-06-27T09:20:29.770+0000] {logging_mixin.py:188} INFO - DATA_MART_ROOT → /opt/airflow/data_mart
[2025-06-27T09:20:30.699+0000] {processor.py:840} INFO - DAG(s) 'loan_credit_ml' retrieved from /opt/airflow/dags/loan_ml_pipeline_dag.py
[2025-06-27T09:20:30.751+0000] {logging_mixin.py:188} INFO - [2025-06-27T09:20:30.750+0000] {dag.py:3096} INFO - Sync 1 DAGs
[2025-06-27T09:20:30.825+0000] {processor.py:183} INFO - Processing /opt/airflow/dags/loan_ml_pipeline_dag.py took 1.725 seconds
[2025-06-27T09:21:01.218+0000] {processor.py:161} INFO - Started process (PID=1252) to work on /opt/airflow/dags/loan_ml_pipeline_dag.py
[2025-06-27T09:21:01.223+0000] {processor.py:830} INFO - Processing file /opt/airflow/dags/loan_ml_pipeline_dag.py for tasks to queue
[2025-06-27T09:21:01.232+0000] {logging_mixin.py:188} INFO - [2025-06-27T09:21:01.231+0000] {dagbag.py:545} INFO - Filling up the DagBag from /opt/airflow/dags/loan_ml_pipeline_dag.py
[2025-06-27T09:21:01.961+0000] {logging_mixin.py:188} INFO - DATA_MART_ROOT → /opt/airflow/data_mart
[2025-06-27T09:21:03.017+0000] {processor.py:840} INFO - DAG(s) 'loan_credit_ml' retrieved from /opt/airflow/dags/loan_ml_pipeline_dag.py
[2025-06-27T09:21:03.052+0000] {logging_mixin.py:188} INFO - [2025-06-27T09:21:03.052+0000] {dag.py:3096} INFO - Sync 1 DAGs
[2025-06-27T09:21:03.244+0000] {processor.py:183} INFO - Processing /opt/airflow/dags/loan_ml_pipeline_dag.py took 2.045 seconds
[2025-06-27T09:21:33.503+0000] {processor.py:161} INFO - Started process (PID=1266) to work on /opt/airflow/dags/loan_ml_pipeline_dag.py
[2025-06-27T09:21:33.505+0000] {processor.py:830} INFO - Processing file /opt/airflow/dags/loan_ml_pipeline_dag.py for tasks to queue
[2025-06-27T09:21:33.509+0000] {logging_mixin.py:188} INFO - [2025-06-27T09:21:33.508+0000] {dagbag.py:545} INFO - Filling up the DagBag from /opt/airflow/dags/loan_ml_pipeline_dag.py
[2025-06-27T09:21:34.126+0000] {logging_mixin.py:188} INFO - DATA_MART_ROOT → /opt/airflow/data_mart
[2025-06-27T09:21:34.991+0000] {processor.py:840} INFO - DAG(s) 'loan_credit_ml' retrieved from /opt/airflow/dags/loan_ml_pipeline_dag.py
[2025-06-27T09:21:35.033+0000] {logging_mixin.py:188} INFO - [2025-06-27T09:21:35.033+0000] {dag.py:3096} INFO - Sync 1 DAGs
[2025-06-27T09:21:35.220+0000] {processor.py:183} INFO - Processing /opt/airflow/dags/loan_ml_pipeline_dag.py took 1.734 seconds
[2025-06-27T09:22:05.661+0000] {processor.py:161} INFO - Started process (PID=1280) to work on /opt/airflow/dags/loan_ml_pipeline_dag.py
[2025-06-27T09:22:05.664+0000] {processor.py:830} INFO - Processing file /opt/airflow/dags/loan_ml_pipeline_dag.py for tasks to queue
[2025-06-27T09:22:05.668+0000] {logging_mixin.py:188} INFO - [2025-06-27T09:22:05.668+0000] {dagbag.py:545} INFO - Filling up the DagBag from /opt/airflow/dags/loan_ml_pipeline_dag.py
[2025-06-27T09:22:06.326+0000] {logging_mixin.py:188} INFO - DATA_MART_ROOT → /opt/airflow/data_mart
[2025-06-27T09:22:07.380+0000] {processor.py:840} INFO - DAG(s) 'loan_credit_ml' retrieved from /opt/airflow/dags/loan_ml_pipeline_dag.py
[2025-06-27T09:22:07.426+0000] {logging_mixin.py:188} INFO - [2025-06-27T09:22:07.425+0000] {dag.py:3096} INFO - Sync 1 DAGs
[2025-06-27T09:22:07.487+0000] {processor.py:183} INFO - Processing /opt/airflow/dags/loan_ml_pipeline_dag.py took 1.837 seconds
[2025-06-27T09:22:37.797+0000] {processor.py:161} INFO - Started process (PID=1294) to work on /opt/airflow/dags/loan_ml_pipeline_dag.py
[2025-06-27T09:22:37.798+0000] {processor.py:830} INFO - Processing file /opt/airflow/dags/loan_ml_pipeline_dag.py for tasks to queue
[2025-06-27T09:22:37.801+0000] {logging_mixin.py:188} INFO - [2025-06-27T09:22:37.800+0000] {dagbag.py:545} INFO - Filling up the DagBag from /opt/airflow/dags/loan_ml_pipeline_dag.py
[2025-06-27T09:22:38.358+0000] {logging_mixin.py:188} INFO - DATA_MART_ROOT → /opt/airflow/data_mart
[2025-06-27T09:22:39.298+0000] {processor.py:840} INFO - DAG(s) 'loan_credit_ml' retrieved from /opt/airflow/dags/loan_ml_pipeline_dag.py
[2025-06-27T09:22:39.339+0000] {logging_mixin.py:188} INFO - [2025-06-27T09:22:39.339+0000] {dag.py:3096} INFO - Sync 1 DAGs
[2025-06-27T09:22:39.395+0000] {processor.py:183} INFO - Processing /opt/airflow/dags/loan_ml_pipeline_dag.py took 1.605 seconds
[2025-06-27T09:23:09.783+0000] {processor.py:161} INFO - Started process (PID=1308) to work on /opt/airflow/dags/loan_ml_pipeline_dag.py
[2025-06-27T09:23:09.785+0000] {processor.py:830} INFO - Processing file /opt/airflow/dags/loan_ml_pipeline_dag.py for tasks to queue
[2025-06-27T09:23:09.789+0000] {logging_mixin.py:188} INFO - [2025-06-27T09:23:09.788+0000] {dagbag.py:545} INFO - Filling up the DagBag from /opt/airflow/dags/loan_ml_pipeline_dag.py
[2025-06-27T09:23:10.426+0000] {logging_mixin.py:188} INFO - DATA_MART_ROOT → /opt/airflow/data_mart
[2025-06-27T09:23:11.285+0000] {processor.py:840} INFO - DAG(s) 'loan_credit_ml' retrieved from /opt/airflow/dags/loan_ml_pipeline_dag.py
[2025-06-27T09:23:11.338+0000] {logging_mixin.py:188} INFO - [2025-06-27T09:23:11.338+0000] {dag.py:3096} INFO - Sync 1 DAGs
[2025-06-27T09:23:11.528+0000] {processor.py:183} INFO - Processing /opt/airflow/dags/loan_ml_pipeline_dag.py took 1.753 seconds
[2025-06-27T09:23:41.716+0000] {processor.py:161} INFO - Started process (PID=1322) to work on /opt/airflow/dags/loan_ml_pipeline_dag.py
[2025-06-27T09:23:41.717+0000] {processor.py:830} INFO - Processing file /opt/airflow/dags/loan_ml_pipeline_dag.py for tasks to queue
[2025-06-27T09:23:41.720+0000] {logging_mixin.py:188} INFO - [2025-06-27T09:23:41.720+0000] {dagbag.py:545} INFO - Filling up the DagBag from /opt/airflow/dags/loan_ml_pipeline_dag.py
[2025-06-27T09:23:42.299+0000] {logging_mixin.py:188} INFO - DATA_MART_ROOT → /opt/airflow/data_mart
[2025-06-27T09:23:42.995+0000] {processor.py:840} INFO - DAG(s) 'loan_credit_ml' retrieved from /opt/airflow/dags/loan_ml_pipeline_dag.py
[2025-06-27T09:23:43.031+0000] {logging_mixin.py:188} INFO - [2025-06-27T09:23:43.030+0000] {dag.py:3096} INFO - Sync 1 DAGs
[2025-06-27T09:23:43.184+0000] {processor.py:183} INFO - Processing /opt/airflow/dags/loan_ml_pipeline_dag.py took 1.477 seconds
[2025-06-27T09:24:13.579+0000] {processor.py:161} INFO - Started process (PID=1336) to work on /opt/airflow/dags/loan_ml_pipeline_dag.py
[2025-06-27T09:24:13.583+0000] {processor.py:830} INFO - Processing file /opt/airflow/dags/loan_ml_pipeline_dag.py for tasks to queue
[2025-06-27T09:24:13.589+0000] {logging_mixin.py:188} INFO - [2025-06-27T09:24:13.588+0000] {dagbag.py:545} INFO - Filling up the DagBag from /opt/airflow/dags/loan_ml_pipeline_dag.py
[2025-06-27T09:24:14.275+0000] {logging_mixin.py:188} INFO - DATA_MART_ROOT → /opt/airflow/data_mart
[2025-06-27T09:24:15.312+0000] {processor.py:840} INFO - DAG(s) 'loan_credit_ml' retrieved from /opt/airflow/dags/loan_ml_pipeline_dag.py
[2025-06-27T09:24:15.366+0000] {logging_mixin.py:188} INFO - [2025-06-27T09:24:15.365+0000] {dag.py:3096} INFO - Sync 1 DAGs
[2025-06-27T09:24:15.558+0000] {processor.py:183} INFO - Processing /opt/airflow/dags/loan_ml_pipeline_dag.py took 1.992 seconds
[2025-06-27T09:24:45.856+0000] {processor.py:161} INFO - Started process (PID=1350) to work on /opt/airflow/dags/loan_ml_pipeline_dag.py
[2025-06-27T09:24:45.858+0000] {processor.py:830} INFO - Processing file /opt/airflow/dags/loan_ml_pipeline_dag.py for tasks to queue
[2025-06-27T09:24:45.863+0000] {logging_mixin.py:188} INFO - [2025-06-27T09:24:45.862+0000] {dagbag.py:545} INFO - Filling up the DagBag from /opt/airflow/dags/loan_ml_pipeline_dag.py
[2025-06-27T09:24:46.515+0000] {logging_mixin.py:188} INFO - DATA_MART_ROOT → /opt/airflow/data_mart
[2025-06-27T09:24:47.240+0000] {processor.py:840} INFO - DAG(s) 'loan_credit_ml' retrieved from /opt/airflow/dags/loan_ml_pipeline_dag.py
[2025-06-27T09:24:47.272+0000] {logging_mixin.py:188} INFO - [2025-06-27T09:24:47.272+0000] {dag.py:3096} INFO - Sync 1 DAGs
[2025-06-27T09:24:47.330+0000] {processor.py:183} INFO - Processing /opt/airflow/dags/loan_ml_pipeline_dag.py took 1.484 seconds
[2025-06-27T09:25:17.634+0000] {processor.py:161} INFO - Started process (PID=1364) to work on /opt/airflow/dags/loan_ml_pipeline_dag.py
[2025-06-27T09:25:17.636+0000] {processor.py:830} INFO - Processing file /opt/airflow/dags/loan_ml_pipeline_dag.py for tasks to queue
[2025-06-27T09:25:17.638+0000] {logging_mixin.py:188} INFO - [2025-06-27T09:25:17.638+0000] {dagbag.py:545} INFO - Filling up the DagBag from /opt/airflow/dags/loan_ml_pipeline_dag.py
[2025-06-27T09:25:18.293+0000] {logging_mixin.py:188} INFO - DATA_MART_ROOT → /opt/airflow/data_mart
[2025-06-27T09:25:19.161+0000] {processor.py:840} INFO - DAG(s) 'loan_credit_ml' retrieved from /opt/airflow/dags/loan_ml_pipeline_dag.py
[2025-06-27T09:25:19.199+0000] {logging_mixin.py:188} INFO - [2025-06-27T09:25:19.198+0000] {dag.py:3096} INFO - Sync 1 DAGs
[2025-06-27T09:25:19.376+0000] {processor.py:183} INFO - Processing /opt/airflow/dags/loan_ml_pipeline_dag.py took 1.749 seconds
[2025-06-27T09:25:49.679+0000] {processor.py:161} INFO - Started process (PID=1378) to work on /opt/airflow/dags/loan_ml_pipeline_dag.py
[2025-06-27T09:25:49.682+0000] {processor.py:830} INFO - Processing file /opt/airflow/dags/loan_ml_pipeline_dag.py for tasks to queue
[2025-06-27T09:25:49.686+0000] {logging_mixin.py:188} INFO - [2025-06-27T09:25:49.685+0000] {dagbag.py:545} INFO - Filling up the DagBag from /opt/airflow/dags/loan_ml_pipeline_dag.py
[2025-06-27T09:25:50.316+0000] {logging_mixin.py:188} INFO - DATA_MART_ROOT → /opt/airflow/data_mart
[2025-06-27T09:25:51.211+0000] {processor.py:840} INFO - DAG(s) 'loan_credit_ml' retrieved from /opt/airflow/dags/loan_ml_pipeline_dag.py
[2025-06-27T09:25:51.259+0000] {logging_mixin.py:188} INFO - [2025-06-27T09:25:51.258+0000] {dag.py:3096} INFO - Sync 1 DAGs
[2025-06-27T09:25:51.448+0000] {processor.py:183} INFO - Processing /opt/airflow/dags/loan_ml_pipeline_dag.py took 1.778 seconds
[2025-06-27T09:26:21.790+0000] {processor.py:161} INFO - Started process (PID=1392) to work on /opt/airflow/dags/loan_ml_pipeline_dag.py
[2025-06-27T09:26:21.792+0000] {processor.py:830} INFO - Processing file /opt/airflow/dags/loan_ml_pipeline_dag.py for tasks to queue
[2025-06-27T09:26:21.797+0000] {logging_mixin.py:188} INFO - [2025-06-27T09:26:21.796+0000] {dagbag.py:545} INFO - Filling up the DagBag from /opt/airflow/dags/loan_ml_pipeline_dag.py
[2025-06-27T09:26:22.868+0000] {logging_mixin.py:188} INFO - DATA_MART_ROOT → /opt/airflow/data_mart
[2025-06-27T09:26:23.777+0000] {processor.py:840} INFO - DAG(s) 'loan_credit_ml' retrieved from /opt/airflow/dags/loan_ml_pipeline_dag.py
[2025-06-27T09:26:23.931+0000] {logging_mixin.py:188} INFO - [2025-06-27T09:26:23.930+0000] {dag.py:3096} INFO - Sync 1 DAGs
[2025-06-27T09:26:23.990+0000] {processor.py:183} INFO - Processing /opt/airflow/dags/loan_ml_pipeline_dag.py took 2.226 seconds
[2025-06-27T09:26:54.534+0000] {processor.py:161} INFO - Started process (PID=1406) to work on /opt/airflow/dags/loan_ml_pipeline_dag.py
[2025-06-27T09:26:54.540+0000] {processor.py:830} INFO - Processing file /opt/airflow/dags/loan_ml_pipeline_dag.py for tasks to queue
[2025-06-27T09:26:54.547+0000] {logging_mixin.py:188} INFO - [2025-06-27T09:26:54.546+0000] {dagbag.py:545} INFO - Filling up the DagBag from /opt/airflow/dags/loan_ml_pipeline_dag.py
[2025-06-27T09:26:57.802+0000] {logging_mixin.py:188} INFO - DATA_MART_ROOT → /opt/airflow/data_mart
[2025-06-27T09:27:03.615+0000] {processor.py:840} INFO - DAG(s) 'loan_credit_ml' retrieved from /opt/airflow/dags/loan_ml_pipeline_dag.py
[2025-06-27T09:27:03.784+0000] {logging_mixin.py:188} INFO - [2025-06-27T09:27:03.783+0000] {dag.py:3096} INFO - Sync 1 DAGs
[2025-06-27T09:27:04.081+0000] {processor.py:183} INFO - Processing /opt/airflow/dags/loan_ml_pipeline_dag.py took 9.572 seconds
[2025-06-27T09:27:34.726+0000] {processor.py:161} INFO - Started process (PID=1420) to work on /opt/airflow/dags/loan_ml_pipeline_dag.py
[2025-06-27T09:27:34.729+0000] {processor.py:830} INFO - Processing file /opt/airflow/dags/loan_ml_pipeline_dag.py for tasks to queue
[2025-06-27T09:27:34.742+0000] {logging_mixin.py:188} INFO - [2025-06-27T09:27:34.740+0000] {dagbag.py:545} INFO - Filling up the DagBag from /opt/airflow/dags/loan_ml_pipeline_dag.py
[2025-06-27T09:27:36.150+0000] {logging_mixin.py:188} INFO - DATA_MART_ROOT → /opt/airflow/data_mart
[2025-06-27T09:27:37.160+0000] {processor.py:840} INFO - DAG(s) 'loan_credit_ml' retrieved from /opt/airflow/dags/loan_ml_pipeline_dag.py
[2025-06-27T09:27:37.196+0000] {logging_mixin.py:188} INFO - [2025-06-27T09:27:37.196+0000] {dag.py:3096} INFO - Sync 1 DAGs
[2025-06-27T09:27:37.437+0000] {processor.py:183} INFO - Processing /opt/airflow/dags/loan_ml_pipeline_dag.py took 2.742 seconds
[2025-06-27T09:28:07.782+0000] {processor.py:161} INFO - Started process (PID=1434) to work on /opt/airflow/dags/loan_ml_pipeline_dag.py
[2025-06-27T09:28:07.784+0000] {processor.py:830} INFO - Processing file /opt/airflow/dags/loan_ml_pipeline_dag.py for tasks to queue
[2025-06-27T09:28:07.787+0000] {logging_mixin.py:188} INFO - [2025-06-27T09:28:07.786+0000] {dagbag.py:545} INFO - Filling up the DagBag from /opt/airflow/dags/loan_ml_pipeline_dag.py
[2025-06-27T09:28:08.538+0000] {logging_mixin.py:188} INFO - DATA_MART_ROOT → /opt/airflow/data_mart
[2025-06-27T09:28:09.469+0000] {processor.py:840} INFO - DAG(s) 'loan_credit_ml' retrieved from /opt/airflow/dags/loan_ml_pipeline_dag.py
[2025-06-27T09:28:09.508+0000] {logging_mixin.py:188} INFO - [2025-06-27T09:28:09.508+0000] {dag.py:3096} INFO - Sync 1 DAGs
[2025-06-27T09:28:09.692+0000] {processor.py:183} INFO - Processing /opt/airflow/dags/loan_ml_pipeline_dag.py took 1.923 seconds
[2025-06-27T09:28:40.090+0000] {processor.py:161} INFO - Started process (PID=1448) to work on /opt/airflow/dags/loan_ml_pipeline_dag.py
[2025-06-27T09:28:40.092+0000] {processor.py:830} INFO - Processing file /opt/airflow/dags/loan_ml_pipeline_dag.py for tasks to queue
[2025-06-27T09:28:40.096+0000] {logging_mixin.py:188} INFO - [2025-06-27T09:28:40.095+0000] {dagbag.py:545} INFO - Filling up the DagBag from /opt/airflow/dags/loan_ml_pipeline_dag.py
[2025-06-27T09:28:40.751+0000] {logging_mixin.py:188} INFO - DATA_MART_ROOT → /opt/airflow/data_mart
[2025-06-27T09:28:41.671+0000] {processor.py:840} INFO - DAG(s) 'loan_credit_ml' retrieved from /opt/airflow/dags/loan_ml_pipeline_dag.py
[2025-06-27T09:28:41.830+0000] {logging_mixin.py:188} INFO - [2025-06-27T09:28:41.830+0000] {dag.py:3096} INFO - Sync 1 DAGs
[2025-06-27T09:28:41.882+0000] {processor.py:183} INFO - Processing /opt/airflow/dags/loan_ml_pipeline_dag.py took 1.802 seconds
[2025-06-27T09:29:12.314+0000] {processor.py:161} INFO - Started process (PID=1462) to work on /opt/airflow/dags/loan_ml_pipeline_dag.py
[2025-06-27T09:29:12.316+0000] {processor.py:830} INFO - Processing file /opt/airflow/dags/loan_ml_pipeline_dag.py for tasks to queue
[2025-06-27T09:29:12.319+0000] {logging_mixin.py:188} INFO - [2025-06-27T09:29:12.318+0000] {dagbag.py:545} INFO - Filling up the DagBag from /opt/airflow/dags/loan_ml_pipeline_dag.py
[2025-06-27T09:29:12.947+0000] {logging_mixin.py:188} INFO - DATA_MART_ROOT → /opt/airflow/data_mart
[2025-06-27T09:29:14.093+0000] {processor.py:840} INFO - DAG(s) 'loan_credit_ml' retrieved from /opt/airflow/dags/loan_ml_pipeline_dag.py
[2025-06-27T09:29:14.131+0000] {logging_mixin.py:188} INFO - [2025-06-27T09:29:14.130+0000] {dag.py:3096} INFO - Sync 1 DAGs
[2025-06-27T09:29:14.200+0000] {processor.py:183} INFO - Processing /opt/airflow/dags/loan_ml_pipeline_dag.py took 1.893 seconds
[2025-06-27T09:29:44.602+0000] {processor.py:161} INFO - Started process (PID=1476) to work on /opt/airflow/dags/loan_ml_pipeline_dag.py
[2025-06-27T09:29:44.603+0000] {processor.py:830} INFO - Processing file /opt/airflow/dags/loan_ml_pipeline_dag.py for tasks to queue
[2025-06-27T09:29:44.605+0000] {logging_mixin.py:188} INFO - [2025-06-27T09:29:44.605+0000] {dagbag.py:545} INFO - Filling up the DagBag from /opt/airflow/dags/loan_ml_pipeline_dag.py
[2025-06-27T09:29:45.160+0000] {logging_mixin.py:188} INFO - DATA_MART_ROOT → /opt/airflow/data_mart
[2025-06-27T09:29:46.155+0000] {processor.py:840} INFO - DAG(s) 'loan_credit_ml' retrieved from /opt/airflow/dags/loan_ml_pipeline_dag.py
[2025-06-27T09:29:46.191+0000] {logging_mixin.py:188} INFO - [2025-06-27T09:29:46.191+0000] {dag.py:3096} INFO - Sync 1 DAGs
[2025-06-27T09:29:46.345+0000] {processor.py:183} INFO - Processing /opt/airflow/dags/loan_ml_pipeline_dag.py took 1.772 seconds
[2025-06-27T09:30:16.679+0000] {processor.py:161} INFO - Started process (PID=1490) to work on /opt/airflow/dags/loan_ml_pipeline_dag.py
[2025-06-27T09:30:16.680+0000] {processor.py:830} INFO - Processing file /opt/airflow/dags/loan_ml_pipeline_dag.py for tasks to queue
[2025-06-27T09:30:16.684+0000] {logging_mixin.py:188} INFO - [2025-06-27T09:30:16.683+0000] {dagbag.py:545} INFO - Filling up the DagBag from /opt/airflow/dags/loan_ml_pipeline_dag.py
[2025-06-27T09:30:17.396+0000] {logging_mixin.py:188} INFO - DATA_MART_ROOT → /opt/airflow/data_mart
[2025-06-27T09:30:18.553+0000] {processor.py:840} INFO - DAG(s) 'loan_credit_ml' retrieved from /opt/airflow/dags/loan_ml_pipeline_dag.py
[2025-06-27T09:30:18.598+0000] {logging_mixin.py:188} INFO - [2025-06-27T09:30:18.597+0000] {dag.py:3096} INFO - Sync 1 DAGs
[2025-06-27T09:30:18.795+0000] {processor.py:183} INFO - Processing /opt/airflow/dags/loan_ml_pipeline_dag.py took 2.142 seconds
[2025-06-27T09:30:48.930+0000] {processor.py:161} INFO - Started process (PID=1504) to work on /opt/airflow/dags/loan_ml_pipeline_dag.py
[2025-06-27T09:30:48.932+0000] {processor.py:830} INFO - Processing file /opt/airflow/dags/loan_ml_pipeline_dag.py for tasks to queue
[2025-06-27T09:30:48.934+0000] {logging_mixin.py:188} INFO - [2025-06-27T09:30:48.933+0000] {dagbag.py:545} INFO - Filling up the DagBag from /opt/airflow/dags/loan_ml_pipeline_dag.py
[2025-06-27T09:30:49.511+0000] {logging_mixin.py:188} INFO - DATA_MART_ROOT → /opt/airflow/data_mart
[2025-06-27T09:30:50.324+0000] {processor.py:840} INFO - DAG(s) 'loan_credit_ml' retrieved from /opt/airflow/dags/loan_ml_pipeline_dag.py
[2025-06-27T09:30:50.503+0000] {logging_mixin.py:188} INFO - [2025-06-27T09:30:50.502+0000] {dag.py:3096} INFO - Sync 1 DAGs
[2025-06-27T09:30:50.601+0000] {processor.py:183} INFO - Processing /opt/airflow/dags/loan_ml_pipeline_dag.py took 1.677 seconds
[2025-06-27T09:31:20.933+0000] {processor.py:161} INFO - Started process (PID=1518) to work on /opt/airflow/dags/loan_ml_pipeline_dag.py
[2025-06-27T09:31:20.934+0000] {processor.py:830} INFO - Processing file /opt/airflow/dags/loan_ml_pipeline_dag.py for tasks to queue
[2025-06-27T09:31:20.938+0000] {logging_mixin.py:188} INFO - [2025-06-27T09:31:20.937+0000] {dagbag.py:545} INFO - Filling up the DagBag from /opt/airflow/dags/loan_ml_pipeline_dag.py
[2025-06-27T09:31:21.616+0000] {logging_mixin.py:188} INFO - DATA_MART_ROOT → /opt/airflow/data_mart
[2025-06-27T09:31:22.440+0000] {processor.py:840} INFO - DAG(s) 'loan_credit_ml' retrieved from /opt/airflow/dags/loan_ml_pipeline_dag.py
[2025-06-27T09:31:22.472+0000] {logging_mixin.py:188} INFO - [2025-06-27T09:31:22.472+0000] {dag.py:3096} INFO - Sync 1 DAGs
[2025-06-27T09:31:22.523+0000] {processor.py:183} INFO - Processing /opt/airflow/dags/loan_ml_pipeline_dag.py took 1.604 seconds
