[2025-06-26T14:06:46.892+0000] {local_task_job_runner.py:120} INFO - ::group::Pre task execution logs
[2025-06-26T14:06:46.925+0000] {taskinstance.py:2076} INFO - Dependencies all met for dep_context=non-requeueable deps ti=<TaskInstance: loan_credit_ml.load_data scheduled__2024-12-01T03:00:00+00:00 [queued]>
[2025-06-26T14:06:46.934+0000] {taskinstance.py:2076} INFO - Dependencies all met for dep_context=requeueable deps ti=<TaskInstance: loan_credit_ml.load_data scheduled__2024-12-01T03:00:00+00:00 [queued]>
[2025-06-26T14:06:46.935+0000] {taskinstance.py:2306} INFO - Starting attempt 1 of 2
[2025-06-26T14:06:46.956+0000] {taskinstance.py:2330} INFO - Executing <Task(PythonOperator): load_data> on 2024-12-01 03:00:00+00:00
[2025-06-26T14:06:46.969+0000] {standard_task_runner.py:90} INFO - Running: ['***', 'tasks', 'run', 'loan_credit_ml', 'load_data', 'scheduled__2024-12-01T03:00:00+00:00', '--job-id', '12', '--raw', '--subdir', 'DAGS_FOLDER/loan_ml_pipeline_dag.py', '--cfg-path', '/tmp/tmp2cw6byiu']
[2025-06-26T14:06:46.971+0000] {standard_task_runner.py:91} INFO - Job 12: Subtask load_data
[2025-06-26T14:06:46.973+0000] {logging_mixin.py:188} WARNING - /home/***/.local/lib/python3.12/site-packages/***/task/task_runner/standard_task_runner.py:61 DeprecationWarning: This process (pid=649) is multi-threaded, use of fork() may lead to deadlocks in the child.
[2025-06-26T14:06:46.974+0000] {standard_task_runner.py:63} INFO - Started process 659 to run task
[2025-06-26T14:06:47.033+0000] {task_command.py:426} INFO - Running <TaskInstance: loan_credit_ml.load_data scheduled__2024-12-01T03:00:00+00:00 [running]> on host ab9233100691
[2025-06-26T14:06:47.136+0000] {taskinstance.py:2648} INFO - Exporting env vars: AIRFLOW_CTX_DAG_OWNER='data-team' AIRFLOW_CTX_DAG_ID='loan_credit_ml' AIRFLOW_CTX_TASK_ID='load_data' AIRFLOW_CTX_EXECUTION_DATE='2024-12-01T03:00:00+00:00' AIRFLOW_CTX_TRY_NUMBER='1' AIRFLOW_CTX_DAG_RUN_ID='scheduled__2024-12-01T03:00:00+00:00'
[2025-06-26T14:06:47.138+0000] {taskinstance.py:430} INFO - ::endgroup::
[2025-06-26T14:06:49.600+0000] {logging_mixin.py:188} INFO - [✓] Dataset 2023-01-01 → 2024-12-01: 11,974 rows, 73 features.
[2025-06-26T14:06:49.606+0000] {python.py:237} INFO - Done. Returned value was: None
[2025-06-26T14:06:49.607+0000] {taskinstance.py:441} INFO - ::group::Post task execution logs
[2025-06-26T14:06:49.619+0000] {taskinstance.py:1206} INFO - Marking task as SUCCESS. dag_id=loan_credit_ml, task_id=load_data, run_id=scheduled__2024-12-01T03:00:00+00:00, execution_date=20241201T030000, start_date=20250626T140646, end_date=20250626T140649
[2025-06-26T14:06:49.686+0000] {local_task_job_runner.py:240} INFO - Task exited with return code 0
[2025-06-26T14:06:49.720+0000] {taskinstance.py:3503} INFO - 1 downstream tasks scheduled from follow-on schedule check
[2025-06-26T14:06:49.727+0000] {local_task_job_runner.py:222} INFO - ::endgroup::
[2025-06-26T14:21:43.957+0000] {local_task_job_runner.py:120} INFO - ::group::Pre task execution logs
[2025-06-26T14:21:43.992+0000] {taskinstance.py:2076} INFO - Dependencies all met for dep_context=non-requeueable deps ti=<TaskInstance: loan_credit_ml.load_data scheduled__2024-12-01T03:00:00+00:00 [queued]>
[2025-06-26T14:21:44.002+0000] {taskinstance.py:2076} INFO - Dependencies all met for dep_context=requeueable deps ti=<TaskInstance: loan_credit_ml.load_data scheduled__2024-12-01T03:00:00+00:00 [queued]>
[2025-06-26T14:21:44.004+0000] {taskinstance.py:2306} INFO - Starting attempt 1 of 2
[2025-06-26T14:21:44.022+0000] {taskinstance.py:2330} INFO - Executing <Task(PythonOperator): load_data> on 2024-12-01 03:00:00+00:00
[2025-06-26T14:21:44.036+0000] {standard_task_runner.py:90} INFO - Running: ['***', 'tasks', 'run', 'loan_credit_ml', 'load_data', 'scheduled__2024-12-01T03:00:00+00:00', '--job-id', '12', '--raw', '--subdir', 'DAGS_FOLDER/loan_ml_pipeline_dag.py', '--cfg-path', '/tmp/tmp2iexxmxw']
[2025-06-26T14:21:44.039+0000] {standard_task_runner.py:91} INFO - Job 12: Subtask load_data
[2025-06-26T14:21:44.040+0000] {logging_mixin.py:188} WARNING - /home/***/.local/lib/python3.12/site-packages/***/task/task_runner/standard_task_runner.py:61 DeprecationWarning: This process (pid=635) is multi-threaded, use of fork() may lead to deadlocks in the child.
[2025-06-26T14:21:44.042+0000] {standard_task_runner.py:63} INFO - Started process 645 to run task
[2025-06-26T14:21:44.105+0000] {task_command.py:426} INFO - Running <TaskInstance: loan_credit_ml.load_data scheduled__2024-12-01T03:00:00+00:00 [running]> on host 0192db86dfc6
[2025-06-26T14:21:44.220+0000] {taskinstance.py:2648} INFO - Exporting env vars: AIRFLOW_CTX_DAG_OWNER='data-team' AIRFLOW_CTX_DAG_ID='loan_credit_ml' AIRFLOW_CTX_TASK_ID='load_data' AIRFLOW_CTX_EXECUTION_DATE='2024-12-01T03:00:00+00:00' AIRFLOW_CTX_TRY_NUMBER='1' AIRFLOW_CTX_DAG_RUN_ID='scheduled__2024-12-01T03:00:00+00:00'
[2025-06-26T14:21:44.222+0000] {taskinstance.py:430} INFO - ::endgroup::
[2025-06-26T14:21:46.803+0000] {logging_mixin.py:188} INFO - [✓] Dataset 2023-01-01 → 2024-12-01: 11,974 rows, 73 features.
[2025-06-26T14:21:46.811+0000] {python.py:237} INFO - Done. Returned value was: None
[2025-06-26T14:21:46.812+0000] {taskinstance.py:441} INFO - ::group::Post task execution logs
[2025-06-26T14:21:46.828+0000] {taskinstance.py:1206} INFO - Marking task as SUCCESS. dag_id=loan_credit_ml, task_id=load_data, run_id=scheduled__2024-12-01T03:00:00+00:00, execution_date=20241201T030000, start_date=20250626T142143, end_date=20250626T142146
[2025-06-26T14:21:46.870+0000] {local_task_job_runner.py:240} INFO - Task exited with return code 0
[2025-06-26T14:21:46.903+0000] {taskinstance.py:3503} INFO - 1 downstream tasks scheduled from follow-on schedule check
[2025-06-26T14:21:46.908+0000] {local_task_job_runner.py:222} INFO - ::endgroup::
