[2025-06-26T14:35:54.007+0000] {local_task_job_runner.py:120} INFO - ::group::Pre task execution logs
[2025-06-26T14:35:54.058+0000] {taskinstance.py:2076} INFO - Dependencies all met for dep_context=non-requeueable deps ti=<TaskInstance: loan_credit_ml.training scheduled__2025-04-01T03:00:00+00:00 [queued]>
[2025-06-26T14:35:54.073+0000] {taskinstance.py:2076} INFO - Dependencies all met for dep_context=requeueable deps ti=<TaskInstance: loan_credit_ml.training scheduled__2025-04-01T03:00:00+00:00 [queued]>
[2025-06-26T14:35:54.075+0000] {taskinstance.py:2306} INFO - Starting attempt 1 of 2
[2025-06-26T14:35:54.100+0000] {taskinstance.py:2330} INFO - Executing <Task(PythonOperator): training> on 2025-04-01 03:00:00+00:00
[2025-06-26T14:35:54.125+0000] {standard_task_runner.py:90} INFO - Running: ['***', 'tasks', 'run', 'loan_credit_ml', 'training', 'scheduled__2025-04-01T03:00:00+00:00', '--job-id', '29', '--raw', '--subdir', 'DAGS_FOLDER/loan_ml_pipeline_dag.py', '--cfg-path', '/tmp/tmpoteysec_']
[2025-06-26T14:35:54.129+0000] {standard_task_runner.py:91} INFO - Job 29: Subtask training
[2025-06-26T14:35:54.132+0000] {logging_mixin.py:188} WARNING - /home/***/.local/lib/python3.12/site-packages/***/task/task_runner/standard_task_runner.py:61 DeprecationWarning: This process (pid=1383) is multi-threaded, use of fork() may lead to deadlocks in the child.
[2025-06-26T14:35:54.133+0000] {standard_task_runner.py:63} INFO - Started process 1393 to run task
[2025-06-26T14:35:54.202+0000] {task_command.py:426} INFO - Running <TaskInstance: loan_credit_ml.training scheduled__2025-04-01T03:00:00+00:00 [running]> on host 0192db86dfc6
[2025-06-26T14:35:54.337+0000] {taskinstance.py:2648} INFO - Exporting env vars: AIRFLOW_CTX_DAG_OWNER='data-team' AIRFLOW_CTX_DAG_ID='loan_credit_ml' AIRFLOW_CTX_TASK_ID='training' AIRFLOW_CTX_EXECUTION_DATE='2025-04-01T03:00:00+00:00' AIRFLOW_CTX_TRY_NUMBER='1' AIRFLOW_CTX_DAG_RUN_ID='scheduled__2025-04-01T03:00:00+00:00'
[2025-06-26T14:35:54.339+0000] {taskinstance.py:430} INFO - ::endgroup::
[2025-06-26T14:35:54.366+0000] {logging_mixin.py:188} INFO - Date config for this run: {'train_test_start_date': '2023-07-01', 'train_test_end_date': '2024-12-31', 'oot_start_date': '2025-01-01', 'oot_end_date': '2025-03-31', 'train_test_ratio': 0.8, 'model_train_date_str': '2025-04-01'}
[2025-06-26T14:35:57.277+0000] {logging_mixin.py:188} INFO - Fitting 3 folds for each of 10 candidates, totalling 30 fits
[2025-06-26T14:38:26.759+0000] {logging_mixin.py:188} INFO - ✓ Model artefact saved → model_bank/credit_model_2025_04_01.pkl
[2025-06-26T14:38:26.923+0000] {python.py:237} INFO - Done. Returned value was: None
[2025-06-26T14:38:26.924+0000] {taskinstance.py:441} INFO - ::group::Post task execution logs
[2025-06-26T14:38:26.995+0000] {taskinstance.py:1206} INFO - Marking task as SUCCESS. dag_id=loan_credit_ml, task_id=training, run_id=scheduled__2025-04-01T03:00:00+00:00, execution_date=20250401T030000, start_date=20250626T143554, end_date=20250626T143826
[2025-06-26T14:38:27.122+0000] {local_task_job_runner.py:240} INFO - Task exited with return code 0
[2025-06-26T14:38:27.212+0000] {taskinstance.py:3503} INFO - 1 downstream tasks scheduled from follow-on schedule check
[2025-06-26T14:38:27.218+0000] {local_task_job_runner.py:222} INFO - ::endgroup::
