[2025-06-26T12:51:15.632+0000] {local_task_job_runner.py:120} INFO - ::group::Pre task execution logs
[2025-06-26T12:51:15.818+0000] {taskinstance.py:2076} INFO - Dependencies all met for dep_context=non-requeueable deps ti=<TaskInstance: loan_credit_ml.load_data scheduled__2024-10-01T03:00:00+00:00 [queued]>
[2025-06-26T12:51:15.866+0000] {taskinstance.py:2076} INFO - Dependencies all met for dep_context=requeueable deps ti=<TaskInstance: loan_credit_ml.load_data scheduled__2024-10-01T03:00:00+00:00 [queued]>
[2025-06-26T12:51:15.868+0000] {taskinstance.py:2306} INFO - Starting attempt 2 of 3
[2025-06-26T12:51:15.917+0000] {taskinstance.py:2330} INFO - Executing <Task(PythonOperator): load_data> on 2024-10-01 03:00:00+00:00
[2025-06-26T12:51:15.998+0000] {logging_mixin.py:188} WARNING - /home/***/.local/lib/python3.12/site-packages/***/task/task_runner/standard_task_runner.py:61 DeprecationWarning: This process (pid=242) is multi-threaded, use of fork() may lead to deadlocks in the child.
[2025-06-26T12:51:16.007+0000] {standard_task_runner.py:63} INFO - Started process 252 to run task
[2025-06-26T12:51:15.999+0000] {standard_task_runner.py:90} INFO - Running: ['***', 'tasks', 'run', 'loan_credit_ml', 'load_data', 'scheduled__2024-10-01T03:00:00+00:00', '--job-id', '86', '--raw', '--subdir', 'DAGS_FOLDER/loan_ml_pipeline_dag.py', '--cfg-path', '/tmp/tmps9vlrf9g']
[2025-06-26T12:51:16.026+0000] {standard_task_runner.py:91} INFO - Job 86: Subtask load_data
[2025-06-26T12:51:16.618+0000] {task_command.py:426} INFO - Running <TaskInstance: loan_credit_ml.load_data scheduled__2024-10-01T03:00:00+00:00 [running]> on host 8f2f3e3d4d73
[2025-06-26T12:51:17.200+0000] {taskinstance.py:2648} INFO - Exporting env vars: AIRFLOW_CTX_DAG_OWNER='data-team' AIRFLOW_CTX_DAG_ID='loan_credit_ml' AIRFLOW_CTX_TASK_ID='load_data' AIRFLOW_CTX_EXECUTION_DATE='2024-10-01T03:00:00+00:00' AIRFLOW_CTX_TRY_NUMBER='2' AIRFLOW_CTX_DAG_RUN_ID='scheduled__2024-10-01T03:00:00+00:00'
[2025-06-26T12:51:17.222+0000] {taskinstance.py:430} INFO - ::endgroup::
[2025-06-26T12:51:21.752+0000] {logging_mixin.py:188} INFO - [✓] Dataset 2023-01-01 → 2024-10-01: 10,971 rows, 73 features.
[2025-06-26T12:51:21.758+0000] {python.py:237} INFO - Done. Returned value was: None
[2025-06-26T12:51:21.759+0000] {taskinstance.py:441} INFO - ::group::Post task execution logs
[2025-06-26T12:51:21.775+0000] {taskinstance.py:1206} INFO - Marking task as SUCCESS. dag_id=loan_credit_ml, task_id=load_data, run_id=scheduled__2024-10-01T03:00:00+00:00, execution_date=20241001T030000, start_date=20250626T125115, end_date=20250626T125121
[2025-06-26T12:51:21.846+0000] {local_task_job_runner.py:240} INFO - Task exited with return code 0
[2025-06-26T12:51:21.877+0000] {taskinstance.py:3503} INFO - 0 downstream tasks scheduled from follow-on schedule check
[2025-06-26T12:51:21.881+0000] {local_task_job_runner.py:222} INFO - ::endgroup::
[2025-06-26T13:44:25.926+0000] {local_task_job_runner.py:120} INFO - ::group::Pre task execution logs
[2025-06-26T13:44:26.025+0000] {taskinstance.py:2076} INFO - Dependencies all met for dep_context=non-requeueable deps ti=<TaskInstance: loan_credit_ml.load_data scheduled__2024-10-01T03:00:00+00:00 [queued]>
[2025-06-26T13:44:26.040+0000] {taskinstance.py:2076} INFO - Dependencies all met for dep_context=requeueable deps ti=<TaskInstance: loan_credit_ml.load_data scheduled__2024-10-01T03:00:00+00:00 [queued]>
[2025-06-26T13:44:26.041+0000] {taskinstance.py:2306} INFO - Starting attempt 2 of 3
[2025-06-26T13:44:26.063+0000] {taskinstance.py:2330} INFO - Executing <Task(PythonOperator): load_data> on 2024-10-01 03:00:00+00:00
[2025-06-26T13:44:26.079+0000] {standard_task_runner.py:90} INFO - Running: ['***', 'tasks', 'run', 'loan_credit_ml', 'load_data', 'scheduled__2024-10-01T03:00:00+00:00', '--job-id', '118', '--raw', '--subdir', 'DAGS_FOLDER/loan_ml_pipeline_dag.py', '--cfg-path', '/tmp/tmpijrp0bic']
[2025-06-26T13:44:26.083+0000] {standard_task_runner.py:91} INFO - Job 118: Subtask load_data
[2025-06-26T13:44:26.135+0000] {logging_mixin.py:188} WARNING - /home/***/.local/lib/python3.12/site-packages/***/task/task_runner/standard_task_runner.py:61 DeprecationWarning: This process (pid=386) is multi-threaded, use of fork() may lead to deadlocks in the child.
[2025-06-26T13:44:26.137+0000] {standard_task_runner.py:63} INFO - Started process 396 to run task
[2025-06-26T13:44:26.335+0000] {task_command.py:426} INFO - Running <TaskInstance: loan_credit_ml.load_data scheduled__2024-10-01T03:00:00+00:00 [running]> on host b7323eaf5bba
[2025-06-26T13:44:26.613+0000] {taskinstance.py:2648} INFO - Exporting env vars: AIRFLOW_CTX_DAG_OWNER='data-team' AIRFLOW_CTX_DAG_ID='loan_credit_ml' AIRFLOW_CTX_TASK_ID='load_data' AIRFLOW_CTX_EXECUTION_DATE='2024-10-01T03:00:00+00:00' AIRFLOW_CTX_TRY_NUMBER='2' AIRFLOW_CTX_DAG_RUN_ID='scheduled__2024-10-01T03:00:00+00:00'
[2025-06-26T13:44:26.617+0000] {taskinstance.py:430} INFO - ::endgroup::
[2025-06-26T13:44:40.741+0000] {logging_mixin.py:188} INFO - [✓] Dataset 2023-01-01 → 2024-10-01: 10,971 rows, 73 features.
[2025-06-26T13:44:40.758+0000] {python.py:237} INFO - Done. Returned value was: None
[2025-06-26T13:44:40.759+0000] {taskinstance.py:441} INFO - ::group::Post task execution logs
[2025-06-26T13:44:40.863+0000] {taskinstance.py:1206} INFO - Marking task as SUCCESS. dag_id=loan_credit_ml, task_id=load_data, run_id=scheduled__2024-10-01T03:00:00+00:00, execution_date=20241001T030000, start_date=20250626T134426, end_date=20250626T134440
[2025-06-26T13:44:41.026+0000] {local_task_job_runner.py:240} INFO - Task exited with return code 0
[2025-06-26T13:44:41.135+0000] {taskinstance.py:3503} INFO - 1 downstream tasks scheduled from follow-on schedule check
[2025-06-26T13:44:41.141+0000] {local_task_job_runner.py:222} INFO - ::endgroup::
