[2025-06-26T14:06:52.431+0000] {local_task_job_runner.py:120} INFO - ::group::Pre task execution logs
[2025-06-26T14:06:52.462+0000] {taskinstance.py:2076} INFO - Dependencies all met for dep_context=non-requeueable deps ti=<TaskInstance: loan_credit_ml.training scheduled__2024-12-01T03:00:00+00:00 [queued]>
[2025-06-26T14:06:52.471+0000] {taskinstance.py:2076} INFO - Dependencies all met for dep_context=requeueable deps ti=<TaskInstance: loan_credit_ml.training scheduled__2024-12-01T03:00:00+00:00 [queued]>
[2025-06-26T14:06:52.472+0000] {taskinstance.py:2306} INFO - Starting attempt 1 of 2
[2025-06-26T14:06:52.493+0000] {taskinstance.py:2330} INFO - Executing <Task(PythonOperator): training> on 2024-12-01 03:00:00+00:00
[2025-06-26T14:06:52.506+0000] {standard_task_runner.py:90} INFO - Running: ['***', 'tasks', 'run', 'loan_credit_ml', 'training', 'scheduled__2024-12-01T03:00:00+00:00', '--job-id', '13', '--raw', '--subdir', 'DAGS_FOLDER/loan_ml_pipeline_dag.py', '--cfg-path', '/tmp/tmpohdjjc9m']
[2025-06-26T14:06:52.509+0000] {standard_task_runner.py:91} INFO - Job 13: Subtask training
[2025-06-26T14:06:52.511+0000] {logging_mixin.py:188} WARNING - /home/***/.local/lib/python3.12/site-packages/***/task/task_runner/standard_task_runner.py:61 DeprecationWarning: This process (pid=669) is multi-threaded, use of fork() may lead to deadlocks in the child.
[2025-06-26T14:06:52.512+0000] {standard_task_runner.py:63} INFO - Started process 679 to run task
[2025-06-26T14:06:52.572+0000] {task_command.py:426} INFO - Running <TaskInstance: loan_credit_ml.training scheduled__2024-12-01T03:00:00+00:00 [running]> on host ab9233100691
[2025-06-26T14:06:52.680+0000] {taskinstance.py:2648} INFO - Exporting env vars: AIRFLOW_CTX_DAG_OWNER='data-team' AIRFLOW_CTX_DAG_ID='loan_credit_ml' AIRFLOW_CTX_TASK_ID='training' AIRFLOW_CTX_EXECUTION_DATE='2024-12-01T03:00:00+00:00' AIRFLOW_CTX_TRY_NUMBER='1' AIRFLOW_CTX_DAG_RUN_ID='scheduled__2024-12-01T03:00:00+00:00'
[2025-06-26T14:06:52.681+0000] {taskinstance.py:430} INFO - ::endgroup::
[2025-06-26T14:06:52.705+0000] {logging_mixin.py:188} INFO - Date config for this run: {'train_test_start_date': '2023-03-01', 'train_test_end_date': '2024-08-31', 'oot_start_date': '2024-09-01', 'oot_end_date': '2024-11-30', 'train_test_ratio': 0.8, 'model_train_date_str': '2024-12-01'}
[2025-06-26T14:06:55.275+0000] {logging_mixin.py:188} INFO - Fitting 3 folds for each of 10 candidates, totalling 30 fits
[2025-06-26T14:09:52.205+0000] {logging_mixin.py:188} INFO - ✓ Model artefact saved → model_bank/credit_model_2024_12_01.pkl
[2025-06-26T14:09:52.243+0000] {python.py:237} INFO - Done. Returned value was: None
[2025-06-26T14:09:52.244+0000] {taskinstance.py:441} INFO - ::group::Post task execution logs
[2025-06-26T14:09:52.275+0000] {taskinstance.py:1206} INFO - Marking task as SUCCESS. dag_id=loan_credit_ml, task_id=training, run_id=scheduled__2024-12-01T03:00:00+00:00, execution_date=20241201T030000, start_date=20250626T140652, end_date=20250626T140952
[2025-06-26T14:09:52.364+0000] {local_task_job_runner.py:240} INFO - Task exited with return code 0
[2025-06-26T14:09:52.420+0000] {taskinstance.py:3503} INFO - 1 downstream tasks scheduled from follow-on schedule check
[2025-06-26T14:09:52.431+0000] {local_task_job_runner.py:222} INFO - ::endgroup::
[2025-06-26T14:21:49.061+0000] {local_task_job_runner.py:120} INFO - ::group::Pre task execution logs
[2025-06-26T14:21:49.096+0000] {taskinstance.py:2076} INFO - Dependencies all met for dep_context=non-requeueable deps ti=<TaskInstance: loan_credit_ml.training scheduled__2024-12-01T03:00:00+00:00 [queued]>
[2025-06-26T14:21:49.107+0000] {taskinstance.py:2076} INFO - Dependencies all met for dep_context=requeueable deps ti=<TaskInstance: loan_credit_ml.training scheduled__2024-12-01T03:00:00+00:00 [queued]>
[2025-06-26T14:21:49.108+0000] {taskinstance.py:2306} INFO - Starting attempt 1 of 2
[2025-06-26T14:21:49.127+0000] {taskinstance.py:2330} INFO - Executing <Task(PythonOperator): training> on 2024-12-01 03:00:00+00:00
[2025-06-26T14:21:49.146+0000] {standard_task_runner.py:90} INFO - Running: ['***', 'tasks', 'run', 'loan_credit_ml', 'training', 'scheduled__2024-12-01T03:00:00+00:00', '--job-id', '13', '--raw', '--subdir', 'DAGS_FOLDER/loan_ml_pipeline_dag.py', '--cfg-path', '/tmp/tmphf74wcrg']
[2025-06-26T14:21:49.150+0000] {standard_task_runner.py:91} INFO - Job 13: Subtask training
[2025-06-26T14:21:49.151+0000] {logging_mixin.py:188} WARNING - /home/***/.local/lib/python3.12/site-packages/***/task/task_runner/standard_task_runner.py:61 DeprecationWarning: This process (pid=655) is multi-threaded, use of fork() may lead to deadlocks in the child.
[2025-06-26T14:21:49.153+0000] {standard_task_runner.py:63} INFO - Started process 665 to run task
[2025-06-26T14:21:49.224+0000] {task_command.py:426} INFO - Running <TaskInstance: loan_credit_ml.training scheduled__2024-12-01T03:00:00+00:00 [running]> on host 0192db86dfc6
[2025-06-26T14:21:49.368+0000] {taskinstance.py:2648} INFO - Exporting env vars: AIRFLOW_CTX_DAG_OWNER='data-team' AIRFLOW_CTX_DAG_ID='loan_credit_ml' AIRFLOW_CTX_TASK_ID='training' AIRFLOW_CTX_EXECUTION_DATE='2024-12-01T03:00:00+00:00' AIRFLOW_CTX_TRY_NUMBER='1' AIRFLOW_CTX_DAG_RUN_ID='scheduled__2024-12-01T03:00:00+00:00'
[2025-06-26T14:21:49.370+0000] {taskinstance.py:430} INFO - ::endgroup::
[2025-06-26T14:21:49.388+0000] {logging_mixin.py:188} INFO - Date config for this run: {'train_test_start_date': '2023-03-01', 'train_test_end_date': '2024-08-31', 'oot_start_date': '2024-09-01', 'oot_end_date': '2024-11-30', 'train_test_ratio': 0.8, 'model_train_date_str': '2024-12-01'}
[2025-06-26T14:21:52.162+0000] {logging_mixin.py:188} INFO - Fitting 3 folds for each of 10 candidates, totalling 30 fits
[2025-06-26T14:25:16.536+0000] {logging_mixin.py:188} INFO - ✓ Model artefact saved → model_bank/credit_model_2024_12_01.pkl
[2025-06-26T14:25:16.913+0000] {python.py:237} INFO - Done. Returned value was: None
[2025-06-26T14:25:16.916+0000] {taskinstance.py:441} INFO - ::group::Post task execution logs
[2025-06-26T14:25:17.055+0000] {taskinstance.py:1206} INFO - Marking task as SUCCESS. dag_id=loan_credit_ml, task_id=training, run_id=scheduled__2024-12-01T03:00:00+00:00, execution_date=20241201T030000, start_date=20250626T142149, end_date=20250626T142517
[2025-06-26T14:25:17.304+0000] {local_task_job_runner.py:240} INFO - Task exited with return code 0
[2025-06-26T14:25:17.463+0000] {taskinstance.py:3503} INFO - 1 downstream tasks scheduled from follow-on schedule check
[2025-06-26T14:25:17.487+0000] {local_task_job_runner.py:222} INFO - ::endgroup::
