[2025-06-26T14:32:29.048+0000] {local_task_job_runner.py:120} INFO - ::group::Pre task execution logs
[2025-06-26T14:32:29.090+0000] {taskinstance.py:2076} INFO - Dependencies all met for dep_context=non-requeueable deps ti=<TaskInstance: loan_credit_ml.inference scheduled__2025-02-01T03:00:00+00:00 [queued]>
[2025-06-26T14:32:29.105+0000] {taskinstance.py:2076} INFO - Dependencies all met for dep_context=requeueable deps ti=<TaskInstance: loan_credit_ml.inference scheduled__2025-02-01T03:00:00+00:00 [queued]>
[2025-06-26T14:32:29.106+0000] {taskinstance.py:2306} INFO - Starting attempt 1 of 2
[2025-06-26T14:32:29.126+0000] {taskinstance.py:2330} INFO - Executing <Task(PythonOperator): inference> on 2025-02-01 03:00:00+00:00
[2025-06-26T14:32:29.180+0000] {logging_mixin.py:188} WARNING - /home/***/.local/lib/python3.12/site-packages/***/task/task_runner/standard_task_runner.py:61 DeprecationWarning: This process (pid=1132) is multi-threaded, use of fork() may lead to deadlocks in the child.
[2025-06-26T14:32:29.142+0000] {standard_task_runner.py:90} INFO - Running: ['***', 'tasks', 'run', 'loan_credit_ml', 'inference', 'scheduled__2025-02-01T03:00:00+00:00', '--job-id', '22', '--raw', '--subdir', 'DAGS_FOLDER/loan_ml_pipeline_dag.py', '--cfg-path', '/tmp/tmp47jejfum']
[2025-06-26T14:32:29.189+0000] {standard_task_runner.py:63} INFO - Started process 1142 to run task
[2025-06-26T14:32:29.190+0000] {standard_task_runner.py:91} INFO - Job 22: Subtask inference
[2025-06-26T14:32:29.273+0000] {task_command.py:426} INFO - Running <TaskInstance: loan_credit_ml.inference scheduled__2025-02-01T03:00:00+00:00 [running]> on host 0192db86dfc6
[2025-06-26T14:32:29.405+0000] {taskinstance.py:2648} INFO - Exporting env vars: AIRFLOW_CTX_DAG_OWNER='data-team' AIRFLOW_CTX_DAG_ID='loan_credit_ml' AIRFLOW_CTX_TASK_ID='inference' AIRFLOW_CTX_EXECUTION_DATE='2025-02-01T03:00:00+00:00' AIRFLOW_CTX_TRY_NUMBER='1' AIRFLOW_CTX_DAG_RUN_ID='scheduled__2025-02-01T03:00:00+00:00'
[2025-06-26T14:32:29.407+0000] {taskinstance.py:430} INFO - ::endgroup::
[2025-06-26T14:32:29.712+0000] {logging_mixin.py:188} INFO - [✓] Selected best model 'credit_model_2025_01_01.pkl'  (auc_oot=0.8134)
[2025-06-26T14:32:31.809+0000] {logging_mixin.py:188} INFO - [!] Skipped 2025-02 – No feature data.
[2025-06-26T14:32:31.811+0000] {python.py:237} INFO - Done. Returned value was: None
[2025-06-26T14:32:31.812+0000] {taskinstance.py:441} INFO - ::group::Post task execution logs
[2025-06-26T14:32:31.826+0000] {taskinstance.py:1206} INFO - Marking task as SUCCESS. dag_id=loan_credit_ml, task_id=inference, run_id=scheduled__2025-02-01T03:00:00+00:00, execution_date=20250201T030000, start_date=20250626T143229, end_date=20250626T143231
[2025-06-26T14:32:31.901+0000] {local_task_job_runner.py:240} INFO - Task exited with return code 0
[2025-06-26T14:32:31.932+0000] {taskinstance.py:3503} INFO - 1 downstream tasks scheduled from follow-on schedule check
[2025-06-26T14:32:31.936+0000] {local_task_job_runner.py:222} INFO - ::endgroup::
