[2025-06-26T13:01:41.288+0000] {local_task_job_runner.py:120} INFO - ::group::Pre task execution logs
[2025-06-26T13:01:41.372+0000] {taskinstance.py:2076} INFO - Dependencies all met for dep_context=non-requeueable deps ti=<TaskInstance: loan_credit_ml.inference scheduled__2024-10-01T03:00:00+00:00 [queued]>
[2025-06-26T13:01:41.385+0000] {taskinstance.py:2076} INFO - Dependencies all met for dep_context=requeueable deps ti=<TaskInstance: loan_credit_ml.inference scheduled__2024-10-01T03:00:00+00:00 [queued]>
[2025-06-26T13:01:41.386+0000] {taskinstance.py:2306} INFO - Starting attempt 1 of 2
[2025-06-26T13:01:41.406+0000] {taskinstance.py:2330} INFO - Executing <Task(PythonOperator): inference> on 2024-10-01 03:00:00+00:00
[2025-06-26T13:01:41.432+0000] {logging_mixin.py:188} WARNING - /home/***/.local/lib/python3.12/site-packages/***/task/task_runner/standard_task_runner.py:61 DeprecationWarning: This process (pid=503) is multi-threaded, use of fork() may lead to deadlocks in the child.
[2025-06-26T13:01:41.438+0000] {standard_task_runner.py:63} INFO - Started process 513 to run task
[2025-06-26T13:01:41.432+0000] {standard_task_runner.py:90} INFO - Running: ['***', 'tasks', 'run', 'loan_credit_ml', 'inference', 'scheduled__2024-10-01T03:00:00+00:00', '--job-id', '95', '--raw', '--subdir', 'DAGS_FOLDER/loan_ml_pipeline_dag.py', '--cfg-path', '/tmp/tmpohxihde1']
[2025-06-26T13:01:41.440+0000] {standard_task_runner.py:91} INFO - Job 95: Subtask inference
[2025-06-26T13:01:41.561+0000] {task_command.py:426} INFO - Running <TaskInstance: loan_credit_ml.inference scheduled__2024-10-01T03:00:00+00:00 [running]> on host 1874434f82c9
[2025-06-26T13:01:41.760+0000] {taskinstance.py:2648} INFO - Exporting env vars: AIRFLOW_CTX_DAG_OWNER='data-team' AIRFLOW_CTX_DAG_ID='loan_credit_ml' AIRFLOW_CTX_TASK_ID='inference' AIRFLOW_CTX_EXECUTION_DATE='2024-10-01T03:00:00+00:00' AIRFLOW_CTX_TRY_NUMBER='1' AIRFLOW_CTX_DAG_RUN_ID='scheduled__2024-10-01T03:00:00+00:00'
[2025-06-26T13:01:41.763+0000] {taskinstance.py:430} INFO - ::endgroup::
[2025-06-26T13:01:42.022+0000] {logging_mixin.py:188} INFO - [✓] Selected best model 'credit_model_2025_06_26.pkl'  (auc_oot=0.7992)
[2025-06-26T13:01:44.279+0000] {logging_mixin.py:188} INFO - [✓] Saved /opt/***/data_mart/gold/predictions/preds_2024-10.parquet  (456 rows)
[2025-06-26T13:01:44.280+0000] {logging_mixin.py:188} INFO - [✓] Inference complete – 456 rows scored.
[2025-06-26T13:01:44.282+0000] {python.py:237} INFO - Done. Returned value was: None
[2025-06-26T13:01:44.283+0000] {taskinstance.py:441} INFO - ::group::Post task execution logs
[2025-06-26T13:01:44.297+0000] {taskinstance.py:1206} INFO - Marking task as SUCCESS. dag_id=loan_credit_ml, task_id=inference, run_id=scheduled__2024-10-01T03:00:00+00:00, execution_date=20241001T030000, start_date=20250626T130141, end_date=20250626T130144
[2025-06-26T13:01:44.553+0000] {local_task_job_runner.py:240} INFO - Task exited with return code 0
[2025-06-26T13:01:44.582+0000] {taskinstance.py:3503} INFO - 1 downstream tasks scheduled from follow-on schedule check
[2025-06-26T13:01:44.588+0000] {local_task_job_runner.py:222} INFO - ::endgroup::
[2025-06-26T13:17:48.775+0000] {local_task_job_runner.py:120} INFO - ::group::Pre task execution logs
[2025-06-26T13:17:48.842+0000] {taskinstance.py:2076} INFO - Dependencies all met for dep_context=non-requeueable deps ti=<TaskInstance: loan_credit_ml.inference scheduled__2024-10-01T03:00:00+00:00 [queued]>
[2025-06-26T13:17:48.852+0000] {taskinstance.py:2076} INFO - Dependencies all met for dep_context=requeueable deps ti=<TaskInstance: loan_credit_ml.inference scheduled__2024-10-01T03:00:00+00:00 [queued]>
[2025-06-26T13:17:48.853+0000] {taskinstance.py:2306} INFO - Starting attempt 1 of 2
[2025-06-26T13:17:48.870+0000] {taskinstance.py:2330} INFO - Executing <Task(PythonOperator): inference> on 2024-10-01 03:00:00+00:00
[2025-06-26T13:17:48.894+0000] {standard_task_runner.py:90} INFO - Running: ['***', 'tasks', 'run', 'loan_credit_ml', 'inference', 'scheduled__2024-10-01T03:00:00+00:00', '--job-id', '104', '--raw', '--subdir', 'DAGS_FOLDER/loan_ml_pipeline_dag.py', '--cfg-path', '/tmp/tmp41wuqmkw']
[2025-06-26T13:17:48.897+0000] {standard_task_runner.py:91} INFO - Job 104: Subtask inference
[2025-06-26T13:17:48.898+0000] {logging_mixin.py:188} WARNING - /home/***/.local/lib/python3.12/site-packages/***/task/task_runner/standard_task_runner.py:61 DeprecationWarning: This process (pid=453) is multi-threaded, use of fork() may lead to deadlocks in the child.
[2025-06-26T13:17:48.899+0000] {standard_task_runner.py:63} INFO - Started process 463 to run task
[2025-06-26T13:17:48.967+0000] {task_command.py:426} INFO - Running <TaskInstance: loan_credit_ml.inference scheduled__2024-10-01T03:00:00+00:00 [running]> on host f73c0c6d85d6
[2025-06-26T13:17:49.093+0000] {taskinstance.py:2648} INFO - Exporting env vars: AIRFLOW_CTX_DAG_OWNER='data-team' AIRFLOW_CTX_DAG_ID='loan_credit_ml' AIRFLOW_CTX_TASK_ID='inference' AIRFLOW_CTX_EXECUTION_DATE='2024-10-01T03:00:00+00:00' AIRFLOW_CTX_TRY_NUMBER='1' AIRFLOW_CTX_DAG_RUN_ID='scheduled__2024-10-01T03:00:00+00:00'
[2025-06-26T13:17:49.094+0000] {taskinstance.py:430} INFO - ::endgroup::
[2025-06-26T13:17:49.247+0000] {logging_mixin.py:188} INFO - [✓] Selected best model 'credit_model_2025_06_26.pkl'  (auc_oot=0.7992)
[2025-06-26T13:17:51.089+0000] {logging_mixin.py:188} INFO - [✓] Saved /opt/***/data_mart/gold/predictions/preds_2024-10.parquet  (456 rows)
[2025-06-26T13:17:51.090+0000] {logging_mixin.py:188} INFO - [✓] Inference complete – 456 rows scored.
[2025-06-26T13:17:51.091+0000] {python.py:237} INFO - Done. Returned value was: None
[2025-06-26T13:17:51.092+0000] {taskinstance.py:441} INFO - ::group::Post task execution logs
[2025-06-26T13:17:51.111+0000] {taskinstance.py:1206} INFO - Marking task as SUCCESS. dag_id=loan_credit_ml, task_id=inference, run_id=scheduled__2024-10-01T03:00:00+00:00, execution_date=20241001T030000, start_date=20250626T131748, end_date=20250626T131751
[2025-06-26T13:17:51.363+0000] {local_task_job_runner.py:240} INFO - Task exited with return code 0
[2025-06-26T13:17:51.388+0000] {taskinstance.py:3503} INFO - 1 downstream tasks scheduled from follow-on schedule check
[2025-06-26T13:17:51.396+0000] {local_task_job_runner.py:222} INFO - ::endgroup::
[2025-06-26T13:26:44.570+0000] {local_task_job_runner.py:120} INFO - ::group::Pre task execution logs
[2025-06-26T13:26:44.652+0000] {taskinstance.py:2076} INFO - Dependencies all met for dep_context=non-requeueable deps ti=<TaskInstance: loan_credit_ml.inference scheduled__2024-10-01T03:00:00+00:00 [queued]>
[2025-06-26T13:26:44.663+0000] {taskinstance.py:2076} INFO - Dependencies all met for dep_context=requeueable deps ti=<TaskInstance: loan_credit_ml.inference scheduled__2024-10-01T03:00:00+00:00 [queued]>
[2025-06-26T13:26:44.664+0000] {taskinstance.py:2306} INFO - Starting attempt 1 of 2
[2025-06-26T13:26:44.688+0000] {taskinstance.py:2330} INFO - Executing <Task(PythonOperator): inference> on 2024-10-01 03:00:00+00:00
[2025-06-26T13:26:44.740+0000] {logging_mixin.py:188} WARNING - /home/***/.local/lib/python3.12/site-packages/***/task/task_runner/standard_task_runner.py:61 DeprecationWarning: This process (pid=374) is multi-threaded, use of fork() may lead to deadlocks in the child.
[2025-06-26T13:26:44.732+0000] {standard_task_runner.py:90} INFO - Running: ['***', 'tasks', 'run', 'loan_credit_ml', 'inference', 'scheduled__2024-10-01T03:00:00+00:00', '--job-id', '109', '--raw', '--subdir', 'DAGS_FOLDER/loan_ml_pipeline_dag.py', '--cfg-path', '/tmp/tmpc3jgw5h6']
[2025-06-26T13:26:44.744+0000] {standard_task_runner.py:63} INFO - Started process 384 to run task
[2025-06-26T13:26:44.745+0000] {standard_task_runner.py:91} INFO - Job 109: Subtask inference
[2025-06-26T13:26:44.927+0000] {task_command.py:426} INFO - Running <TaskInstance: loan_credit_ml.inference scheduled__2024-10-01T03:00:00+00:00 [running]> on host 408a45b37ace
[2025-06-26T13:26:45.123+0000] {taskinstance.py:2648} INFO - Exporting env vars: AIRFLOW_CTX_DAG_OWNER='data-team' AIRFLOW_CTX_DAG_ID='loan_credit_ml' AIRFLOW_CTX_TASK_ID='inference' AIRFLOW_CTX_EXECUTION_DATE='2024-10-01T03:00:00+00:00' AIRFLOW_CTX_TRY_NUMBER='1' AIRFLOW_CTX_DAG_RUN_ID='scheduled__2024-10-01T03:00:00+00:00'
[2025-06-26T13:26:45.127+0000] {taskinstance.py:430} INFO - ::endgroup::
[2025-06-26T13:26:45.351+0000] {logging_mixin.py:188} INFO - [✓] Selected best model 'credit_model_2025_06_26.pkl'  (auc_oot=0.7992)
[2025-06-26T13:26:48.145+0000] {logging_mixin.py:188} INFO - [✓] Saved /opt/***/data_mart/gold/predictions/preds_2024-10.parquet  (456 rows)
[2025-06-26T13:26:48.147+0000] {logging_mixin.py:188} INFO - [✓] Inference complete – 456 rows scored.
[2025-06-26T13:26:48.149+0000] {python.py:237} INFO - Done. Returned value was: None
[2025-06-26T13:26:48.150+0000] {taskinstance.py:441} INFO - ::group::Post task execution logs
[2025-06-26T13:26:48.167+0000] {taskinstance.py:1206} INFO - Marking task as SUCCESS. dag_id=loan_credit_ml, task_id=inference, run_id=scheduled__2024-10-01T03:00:00+00:00, execution_date=20241001T030000, start_date=20250626T132644, end_date=20250626T132648
[2025-06-26T13:26:48.585+0000] {local_task_job_runner.py:240} INFO - Task exited with return code 0
[2025-06-26T13:26:48.635+0000] {taskinstance.py:3503} INFO - 1 downstream tasks scheduled from follow-on schedule check
[2025-06-26T13:26:48.638+0000] {local_task_job_runner.py:222} INFO - ::endgroup::
[2025-06-26T14:01:15.352+0000] {local_task_job_runner.py:120} INFO - ::group::Pre task execution logs
[2025-06-26T14:01:15.459+0000] {taskinstance.py:2076} INFO - Dependencies all met for dep_context=non-requeueable deps ti=<TaskInstance: loan_credit_ml.inference scheduled__2024-10-01T03:00:00+00:00 [queued]>
[2025-06-26T14:01:15.484+0000] {taskinstance.py:2076} INFO - Dependencies all met for dep_context=requeueable deps ti=<TaskInstance: loan_credit_ml.inference scheduled__2024-10-01T03:00:00+00:00 [queued]>
[2025-06-26T14:01:15.485+0000] {taskinstance.py:2306} INFO - Starting attempt 1 of 2
[2025-06-26T14:01:15.509+0000] {taskinstance.py:2330} INFO - Executing <Task(PythonOperator): inference> on 2024-10-01 03:00:00+00:00
[2025-06-26T14:01:15.549+0000] {standard_task_runner.py:90} INFO - Running: ['***', 'tasks', 'run', 'loan_credit_ml', 'inference', 'scheduled__2024-10-01T03:00:00+00:00', '--job-id', '4', '--raw', '--subdir', 'DAGS_FOLDER/loan_ml_pipeline_dag.py', '--cfg-path', '/tmp/tmphg26josq']
[2025-06-26T14:01:15.574+0000] {logging_mixin.py:188} WARNING - /home/***/.local/lib/python3.12/site-packages/***/task/task_runner/standard_task_runner.py:61 DeprecationWarning: This process (pid=346) is multi-threaded, use of fork() may lead to deadlocks in the child.
[2025-06-26T14:01:15.577+0000] {standard_task_runner.py:91} INFO - Job 4: Subtask inference
[2025-06-26T14:01:15.578+0000] {standard_task_runner.py:63} INFO - Started process 356 to run task
[2025-06-26T14:01:15.784+0000] {task_command.py:426} INFO - Running <TaskInstance: loan_credit_ml.inference scheduled__2024-10-01T03:00:00+00:00 [running]> on host ab9233100691
[2025-06-26T14:01:15.976+0000] {taskinstance.py:2648} INFO - Exporting env vars: AIRFLOW_CTX_DAG_OWNER='data-team' AIRFLOW_CTX_DAG_ID='loan_credit_ml' AIRFLOW_CTX_TASK_ID='inference' AIRFLOW_CTX_EXECUTION_DATE='2024-10-01T03:00:00+00:00' AIRFLOW_CTX_TRY_NUMBER='1' AIRFLOW_CTX_DAG_RUN_ID='scheduled__2024-10-01T03:00:00+00:00'
[2025-06-26T14:01:15.979+0000] {taskinstance.py:430} INFO - ::endgroup::
[2025-06-26T14:01:16.309+0000] {logging_mixin.py:188} INFO - [✓] Selected best model 'credit_model_2025_06_26.pkl'  (auc_oot=0.7992)
[2025-06-26T14:01:19.360+0000] {logging_mixin.py:188} INFO - [✓] Saved /opt/***/data_mart/gold/predictions/preds_2024-10.parquet  (456 rows)
[2025-06-26T14:01:19.361+0000] {logging_mixin.py:188} INFO - [✓] Inference complete – 456 rows scored.
[2025-06-26T14:01:19.362+0000] {python.py:237} INFO - Done. Returned value was: None
[2025-06-26T14:01:19.363+0000] {taskinstance.py:441} INFO - ::group::Post task execution logs
[2025-06-26T14:01:19.379+0000] {taskinstance.py:1206} INFO - Marking task as SUCCESS. dag_id=loan_credit_ml, task_id=inference, run_id=scheduled__2024-10-01T03:00:00+00:00, execution_date=20241001T030000, start_date=20250626T140115, end_date=20250626T140119
[2025-06-26T14:01:19.458+0000] {local_task_job_runner.py:240} INFO - Task exited with return code 0
[2025-06-26T14:01:19.493+0000] {taskinstance.py:3503} INFO - 1 downstream tasks scheduled from follow-on schedule check
[2025-06-26T14:01:19.497+0000] {local_task_job_runner.py:222} INFO - ::endgroup::
[2025-06-26T14:17:07.843+0000] {local_task_job_runner.py:120} INFO - ::group::Pre task execution logs
[2025-06-26T14:17:07.902+0000] {taskinstance.py:2076} INFO - Dependencies all met for dep_context=non-requeueable deps ti=<TaskInstance: loan_credit_ml.inference scheduled__2024-10-01T03:00:00+00:00 [queued]>
[2025-06-26T14:17:07.917+0000] {taskinstance.py:2076} INFO - Dependencies all met for dep_context=requeueable deps ti=<TaskInstance: loan_credit_ml.inference scheduled__2024-10-01T03:00:00+00:00 [queued]>
[2025-06-26T14:17:07.918+0000] {taskinstance.py:2306} INFO - Starting attempt 1 of 2
[2025-06-26T14:17:07.939+0000] {taskinstance.py:2330} INFO - Executing <Task(PythonOperator): inference> on 2024-10-01 03:00:00+00:00
[2025-06-26T14:17:07.982+0000] {logging_mixin.py:188} WARNING - /home/***/.local/lib/python3.12/site-packages/***/task/task_runner/standard_task_runner.py:61 DeprecationWarning: This process (pid=346) is multi-threaded, use of fork() may lead to deadlocks in the child.
[2025-06-26T14:17:07.985+0000] {standard_task_runner.py:63} INFO - Started process 356 to run task
[2025-06-26T14:17:07.982+0000] {standard_task_runner.py:90} INFO - Running: ['***', 'tasks', 'run', 'loan_credit_ml', 'inference', 'scheduled__2024-10-01T03:00:00+00:00', '--job-id', '4', '--raw', '--subdir', 'DAGS_FOLDER/loan_ml_pipeline_dag.py', '--cfg-path', '/tmp/tmp1bxy2ex_']
[2025-06-26T14:17:08.010+0000] {standard_task_runner.py:91} INFO - Job 4: Subtask inference
[2025-06-26T14:17:08.383+0000] {task_command.py:426} INFO - Running <TaskInstance: loan_credit_ml.inference scheduled__2024-10-01T03:00:00+00:00 [running]> on host 0192db86dfc6
[2025-06-26T14:17:08.711+0000] {taskinstance.py:2648} INFO - Exporting env vars: AIRFLOW_CTX_DAG_OWNER='data-team' AIRFLOW_CTX_DAG_ID='loan_credit_ml' AIRFLOW_CTX_TASK_ID='inference' AIRFLOW_CTX_EXECUTION_DATE='2024-10-01T03:00:00+00:00' AIRFLOW_CTX_TRY_NUMBER='1' AIRFLOW_CTX_DAG_RUN_ID='scheduled__2024-10-01T03:00:00+00:00'
[2025-06-26T14:17:08.720+0000] {taskinstance.py:430} INFO - ::endgroup::
[2025-06-26T14:17:09.090+0000] {logging_mixin.py:188} INFO - [✓] Selected best model 'credit_model_2024_10_01.pkl'  (auc_oot=0.7974)
[2025-06-26T14:17:13.165+0000] {logging_mixin.py:188} INFO - [✓] Saved /opt/***/data_mart/gold/predictions/preds_2024-10.parquet  (456 rows)
[2025-06-26T14:17:13.167+0000] {logging_mixin.py:188} INFO - [✓] Inference complete – 456 rows scored.
[2025-06-26T14:17:13.169+0000] {python.py:237} INFO - Done. Returned value was: None
[2025-06-26T14:17:13.171+0000] {taskinstance.py:441} INFO - ::group::Post task execution logs
[2025-06-26T14:17:13.191+0000] {taskinstance.py:1206} INFO - Marking task as SUCCESS. dag_id=loan_credit_ml, task_id=inference, run_id=scheduled__2024-10-01T03:00:00+00:00, execution_date=20241001T030000, start_date=20250626T141707, end_date=20250626T141713
[2025-06-26T14:17:13.243+0000] {local_task_job_runner.py:240} INFO - Task exited with return code 0
[2025-06-26T14:17:13.275+0000] {taskinstance.py:3503} INFO - 1 downstream tasks scheduled from follow-on schedule check
[2025-06-26T14:17:13.280+0000] {local_task_job_runner.py:222} INFO - ::endgroup::
