[2025-06-26T13:12:00.139+0000] {local_task_job_runner.py:120} INFO - ::group::Pre task execution logs
[2025-06-26T13:12:00.181+0000] {taskinstance.py:2076} INFO - Dependencies all met for dep_context=non-requeueable deps ti=<TaskInstance: loan_credit_ml.load_data scheduled__2024-11-01T03:00:00+00:00 [queued]>
[2025-06-26T13:12:00.195+0000] {taskinstance.py:2076} INFO - Dependencies all met for dep_context=requeueable deps ti=<TaskInstance: loan_credit_ml.load_data scheduled__2024-11-01T03:00:00+00:00 [queued]>
[2025-06-26T13:12:00.196+0000] {taskinstance.py:2306} INFO - Starting attempt 1 of 2
[2025-06-26T13:12:00.217+0000] {taskinstance.py:2330} INFO - Executing <Task(PythonOperator): load_data> on 2024-11-01 03:00:00+00:00
[2025-06-26T13:12:00.231+0000] {standard_task_runner.py:90} INFO - Running: ['***', 'tasks', 'run', 'loan_credit_ml', 'load_data', 'scheduled__2024-11-01T03:00:00+00:00', '--job-id', '99', '--raw', '--subdir', 'DAGS_FOLDER/loan_ml_pipeline_dag.py', '--cfg-path', '/tmp/tmpxr7qrmql']
[2025-06-26T13:12:00.237+0000] {standard_task_runner.py:91} INFO - Job 99: Subtask load_data
[2025-06-26T13:12:00.240+0000] {logging_mixin.py:188} WARNING - /home/***/.local/lib/python3.12/site-packages/***/task/task_runner/standard_task_runner.py:61 DeprecationWarning: This process (pid=203) is multi-threaded, use of fork() may lead to deadlocks in the child.
[2025-06-26T13:12:00.242+0000] {standard_task_runner.py:63} INFO - Started process 213 to run task
[2025-06-26T13:12:00.329+0000] {task_command.py:426} INFO - Running <TaskInstance: loan_credit_ml.load_data scheduled__2024-11-01T03:00:00+00:00 [running]> on host f73c0c6d85d6
[2025-06-26T13:12:00.457+0000] {taskinstance.py:2648} INFO - Exporting env vars: AIRFLOW_CTX_DAG_OWNER='data-team' AIRFLOW_CTX_DAG_ID='loan_credit_ml' AIRFLOW_CTX_TASK_ID='load_data' AIRFLOW_CTX_EXECUTION_DATE='2024-11-01T03:00:00+00:00' AIRFLOW_CTX_TRY_NUMBER='1' AIRFLOW_CTX_DAG_RUN_ID='scheduled__2024-11-01T03:00:00+00:00'
[2025-06-26T13:12:00.460+0000] {taskinstance.py:430} INFO - ::endgroup::
[2025-06-26T13:12:04.731+0000] {logging_mixin.py:188} INFO - [✓] Dataset 2023-01-01 → 2024-11-01: 11,459 rows, 73 features.
[2025-06-26T13:12:04.738+0000] {python.py:237} INFO - Done. Returned value was: None
[2025-06-26T13:12:04.739+0000] {taskinstance.py:441} INFO - ::group::Post task execution logs
[2025-06-26T13:12:04.758+0000] {taskinstance.py:1206} INFO - Marking task as SUCCESS. dag_id=loan_credit_ml, task_id=load_data, run_id=scheduled__2024-11-01T03:00:00+00:00, execution_date=20241101T030000, start_date=20250626T131200, end_date=20250626T131204
[2025-06-26T13:12:04.843+0000] {local_task_job_runner.py:240} INFO - Task exited with return code 0
[2025-06-26T13:12:04.909+0000] {taskinstance.py:3503} INFO - 1 downstream tasks scheduled from follow-on schedule check
[2025-06-26T13:12:04.915+0000] {local_task_job_runner.py:222} INFO - ::endgroup::
[2025-06-26T13:27:46.920+0000] {local_task_job_runner.py:120} INFO - ::group::Pre task execution logs
[2025-06-26T13:27:47.068+0000] {taskinstance.py:2076} INFO - Dependencies all met for dep_context=non-requeueable deps ti=<TaskInstance: loan_credit_ml.load_data scheduled__2024-11-01T03:00:00+00:00 [queued]>
[2025-06-26T13:27:47.100+0000] {taskinstance.py:2076} INFO - Dependencies all met for dep_context=requeueable deps ti=<TaskInstance: loan_credit_ml.load_data scheduled__2024-11-01T03:00:00+00:00 [queued]>
[2025-06-26T13:27:47.102+0000] {taskinstance.py:2306} INFO - Starting attempt 1 of 2
[2025-06-26T13:27:47.147+0000] {taskinstance.py:2330} INFO - Executing <Task(PythonOperator): load_data> on 2024-11-01 03:00:00+00:00
[2025-06-26T13:27:47.178+0000] {standard_task_runner.py:90} INFO - Running: ['***', 'tasks', 'run', 'loan_credit_ml', 'load_data', 'scheduled__2024-11-01T03:00:00+00:00', '--job-id', '113', '--raw', '--subdir', 'DAGS_FOLDER/loan_ml_pipeline_dag.py', '--cfg-path', '/tmp/tmp_5klw71c']
[2025-06-26T13:27:47.186+0000] {standard_task_runner.py:91} INFO - Job 113: Subtask load_data
[2025-06-26T13:27:47.192+0000] {logging_mixin.py:188} WARNING - /home/***/.local/lib/python3.12/site-packages/***/task/task_runner/standard_task_runner.py:61 DeprecationWarning: This process (pid=494) is multi-threaded, use of fork() may lead to deadlocks in the child.
[2025-06-26T13:27:47.197+0000] {standard_task_runner.py:63} INFO - Started process 504 to run task
[2025-06-26T13:27:47.318+0000] {task_command.py:426} INFO - Running <TaskInstance: loan_credit_ml.load_data scheduled__2024-11-01T03:00:00+00:00 [running]> on host 408a45b37ace
[2025-06-26T13:27:47.470+0000] {taskinstance.py:2648} INFO - Exporting env vars: AIRFLOW_CTX_DAG_OWNER='data-team' AIRFLOW_CTX_DAG_ID='loan_credit_ml' AIRFLOW_CTX_TASK_ID='load_data' AIRFLOW_CTX_EXECUTION_DATE='2024-11-01T03:00:00+00:00' AIRFLOW_CTX_TRY_NUMBER='1' AIRFLOW_CTX_DAG_RUN_ID='scheduled__2024-11-01T03:00:00+00:00'
[2025-06-26T13:27:47.472+0000] {taskinstance.py:430} INFO - ::endgroup::
[2025-06-26T13:27:50.945+0000] {logging_mixin.py:188} INFO - [✓] Dataset 2023-01-01 → 2024-11-01: 11,459 rows, 73 features.
[2025-06-26T13:27:50.952+0000] {python.py:237} INFO - Done. Returned value was: None
[2025-06-26T13:27:50.953+0000] {taskinstance.py:441} INFO - ::group::Post task execution logs
[2025-06-26T13:27:50.969+0000] {taskinstance.py:1206} INFO - Marking task as SUCCESS. dag_id=loan_credit_ml, task_id=load_data, run_id=scheduled__2024-11-01T03:00:00+00:00, execution_date=20241101T030000, start_date=20250626T132747, end_date=20250626T132750
[2025-06-26T13:27:51.033+0000] {local_task_job_runner.py:240} INFO - Task exited with return code 0
[2025-06-26T13:27:51.062+0000] {taskinstance.py:3503} INFO - 1 downstream tasks scheduled from follow-on schedule check
[2025-06-26T13:27:51.067+0000] {local_task_job_runner.py:222} INFO - ::endgroup::
[2025-06-26T14:02:39.299+0000] {local_task_job_runner.py:120} INFO - ::group::Pre task execution logs
[2025-06-26T14:02:39.350+0000] {taskinstance.py:2076} INFO - Dependencies all met for dep_context=non-requeueable deps ti=<TaskInstance: loan_credit_ml.load_data scheduled__2024-11-01T03:00:00+00:00 [queued]>
[2025-06-26T14:02:39.363+0000] {taskinstance.py:2076} INFO - Dependencies all met for dep_context=requeueable deps ti=<TaskInstance: loan_credit_ml.load_data scheduled__2024-11-01T03:00:00+00:00 [queued]>
[2025-06-26T14:02:39.364+0000] {taskinstance.py:2306} INFO - Starting attempt 1 of 2
[2025-06-26T14:02:39.381+0000] {taskinstance.py:2330} INFO - Executing <Task(PythonOperator): load_data> on 2024-11-01 03:00:00+00:00
[2025-06-26T14:02:39.401+0000] {standard_task_runner.py:90} INFO - Running: ['***', 'tasks', 'run', 'loan_credit_ml', 'load_data', 'scheduled__2024-11-01T03:00:00+00:00', '--job-id', '8', '--raw', '--subdir', 'DAGS_FOLDER/loan_ml_pipeline_dag.py', '--cfg-path', '/tmp/tmpo61kdw50']
[2025-06-26T14:02:39.405+0000] {standard_task_runner.py:91} INFO - Job 8: Subtask load_data
[2025-06-26T14:02:39.408+0000] {logging_mixin.py:188} WARNING - /home/***/.local/lib/python3.12/site-packages/***/task/task_runner/standard_task_runner.py:61 DeprecationWarning: This process (pid=473) is multi-threaded, use of fork() may lead to deadlocks in the child.
[2025-06-26T14:02:39.410+0000] {standard_task_runner.py:63} INFO - Started process 483 to run task
[2025-06-26T14:02:39.484+0000] {task_command.py:426} INFO - Running <TaskInstance: loan_credit_ml.load_data scheduled__2024-11-01T03:00:00+00:00 [running]> on host ab9233100691
[2025-06-26T14:02:39.608+0000] {taskinstance.py:2648} INFO - Exporting env vars: AIRFLOW_CTX_DAG_OWNER='data-team' AIRFLOW_CTX_DAG_ID='loan_credit_ml' AIRFLOW_CTX_TASK_ID='load_data' AIRFLOW_CTX_EXECUTION_DATE='2024-11-01T03:00:00+00:00' AIRFLOW_CTX_TRY_NUMBER='1' AIRFLOW_CTX_DAG_RUN_ID='scheduled__2024-11-01T03:00:00+00:00'
[2025-06-26T14:02:39.610+0000] {taskinstance.py:430} INFO - ::endgroup::
[2025-06-26T14:02:44.442+0000] {logging_mixin.py:188} INFO - [✓] Dataset 2023-01-01 → 2024-11-01: 11,459 rows, 73 features.
[2025-06-26T14:02:44.455+0000] {python.py:237} INFO - Done. Returned value was: None
[2025-06-26T14:02:44.455+0000] {taskinstance.py:441} INFO - ::group::Post task execution logs
[2025-06-26T14:02:44.515+0000] {taskinstance.py:1206} INFO - Marking task as SUCCESS. dag_id=loan_credit_ml, task_id=load_data, run_id=scheduled__2024-11-01T03:00:00+00:00, execution_date=20241101T030000, start_date=20250626T140239, end_date=20250626T140244
[2025-06-26T14:02:44.598+0000] {local_task_job_runner.py:240} INFO - Task exited with return code 0
[2025-06-26T14:02:44.639+0000] {taskinstance.py:3503} INFO - 1 downstream tasks scheduled from follow-on schedule check
[2025-06-26T14:02:44.643+0000] {local_task_job_runner.py:222} INFO - ::endgroup::
[2025-06-26T14:18:09.129+0000] {local_task_job_runner.py:120} INFO - ::group::Pre task execution logs
[2025-06-26T14:18:09.172+0000] {taskinstance.py:2076} INFO - Dependencies all met for dep_context=non-requeueable deps ti=<TaskInstance: loan_credit_ml.load_data scheduled__2024-11-01T03:00:00+00:00 [queued]>
[2025-06-26T14:18:09.183+0000] {taskinstance.py:2076} INFO - Dependencies all met for dep_context=requeueable deps ti=<TaskInstance: loan_credit_ml.load_data scheduled__2024-11-01T03:00:00+00:00 [queued]>
[2025-06-26T14:18:09.185+0000] {taskinstance.py:2306} INFO - Starting attempt 1 of 2
[2025-06-26T14:18:09.208+0000] {taskinstance.py:2330} INFO - Executing <Task(PythonOperator): load_data> on 2024-11-01 03:00:00+00:00
[2025-06-26T14:18:09.230+0000] {standard_task_runner.py:90} INFO - Running: ['***', 'tasks', 'run', 'loan_credit_ml', 'load_data', 'scheduled__2024-11-01T03:00:00+00:00', '--job-id', '8', '--raw', '--subdir', 'DAGS_FOLDER/loan_ml_pipeline_dag.py', '--cfg-path', '/tmp/tmp46jtor4i']
[2025-06-26T14:18:09.236+0000] {standard_task_runner.py:91} INFO - Job 8: Subtask load_data
[2025-06-26T14:18:09.237+0000] {logging_mixin.py:188} WARNING - /home/***/.local/lib/python3.12/site-packages/***/task/task_runner/standard_task_runner.py:61 DeprecationWarning: This process (pid=459) is multi-threaded, use of fork() may lead to deadlocks in the child.
[2025-06-26T14:18:09.239+0000] {standard_task_runner.py:63} INFO - Started process 469 to run task
[2025-06-26T14:18:09.325+0000] {task_command.py:426} INFO - Running <TaskInstance: loan_credit_ml.load_data scheduled__2024-11-01T03:00:00+00:00 [running]> on host 0192db86dfc6
[2025-06-26T14:18:09.516+0000] {taskinstance.py:2648} INFO - Exporting env vars: AIRFLOW_CTX_DAG_OWNER='data-team' AIRFLOW_CTX_DAG_ID='loan_credit_ml' AIRFLOW_CTX_TASK_ID='load_data' AIRFLOW_CTX_EXECUTION_DATE='2024-11-01T03:00:00+00:00' AIRFLOW_CTX_TRY_NUMBER='1' AIRFLOW_CTX_DAG_RUN_ID='scheduled__2024-11-01T03:00:00+00:00'
[2025-06-26T14:18:09.527+0000] {taskinstance.py:430} INFO - ::endgroup::
[2025-06-26T14:18:13.114+0000] {logging_mixin.py:188} INFO - [✓] Dataset 2023-01-01 → 2024-11-01: 11,459 rows, 73 features.
[2025-06-26T14:18:13.122+0000] {python.py:237} INFO - Done. Returned value was: None
[2025-06-26T14:18:13.123+0000] {taskinstance.py:441} INFO - ::group::Post task execution logs
[2025-06-26T14:18:13.143+0000] {taskinstance.py:1206} INFO - Marking task as SUCCESS. dag_id=loan_credit_ml, task_id=load_data, run_id=scheduled__2024-11-01T03:00:00+00:00, execution_date=20241101T030000, start_date=20250626T141809, end_date=20250626T141813
[2025-06-26T14:18:13.210+0000] {local_task_job_runner.py:240} INFO - Task exited with return code 0
[2025-06-26T14:18:13.229+0000] {local_task_job_runner.py:222} INFO - ::endgroup::
