[2025-06-26T14:32:34.477+0000] {local_task_job_runner.py:120} INFO - ::group::Pre task execution logs
[2025-06-26T14:32:34.515+0000] {taskinstance.py:2076} INFO - Dependencies all met for dep_context=non-requeueable deps ti=<TaskInstance: loan_credit_ml.monitoring scheduled__2025-02-01T03:00:00+00:00 [queued]>
[2025-06-26T14:32:34.534+0000] {taskinstance.py:2076} INFO - Dependencies all met for dep_context=requeueable deps ti=<TaskInstance: loan_credit_ml.monitoring scheduled__2025-02-01T03:00:00+00:00 [queued]>
[2025-06-26T14:32:34.535+0000] {taskinstance.py:2306} INFO - Starting attempt 1 of 2
[2025-06-26T14:32:34.557+0000] {taskinstance.py:2330} INFO - Executing <Task(PythonOperator): monitoring> on 2025-02-01 03:00:00+00:00
[2025-06-26T14:32:34.572+0000] {standard_task_runner.py:90} INFO - Running: ['***', 'tasks', 'run', 'loan_credit_ml', 'monitoring', 'scheduled__2025-02-01T03:00:00+00:00', '--job-id', '23', '--raw', '--subdir', 'DAGS_FOLDER/loan_ml_pipeline_dag.py', '--cfg-path', '/tmp/tmp0u_0jcxy']
[2025-06-26T14:32:34.575+0000] {standard_task_runner.py:91} INFO - Job 23: Subtask monitoring
[2025-06-26T14:32:34.577+0000] {logging_mixin.py:188} WARNING - /home/***/.local/lib/python3.12/site-packages/***/task/task_runner/standard_task_runner.py:61 DeprecationWarning: This process (pid=1159) is multi-threaded, use of fork() may lead to deadlocks in the child.
[2025-06-26T14:32:34.578+0000] {standard_task_runner.py:63} INFO - Started process 1181 to run task
[2025-06-26T14:32:34.640+0000] {task_command.py:426} INFO - Running <TaskInstance: loan_credit_ml.monitoring scheduled__2025-02-01T03:00:00+00:00 [running]> on host 0192db86dfc6
[2025-06-26T14:32:34.777+0000] {taskinstance.py:2648} INFO - Exporting env vars: AIRFLOW_CTX_DAG_OWNER='data-team' AIRFLOW_CTX_DAG_ID='loan_credit_ml' AIRFLOW_CTX_TASK_ID='monitoring' AIRFLOW_CTX_EXECUTION_DATE='2025-02-01T03:00:00+00:00' AIRFLOW_CTX_TRY_NUMBER='1' AIRFLOW_CTX_DAG_RUN_ID='scheduled__2025-02-01T03:00:00+00:00'
[2025-06-26T14:32:34.779+0000] {taskinstance.py:430} INFO - ::endgroup::
[2025-06-26T14:32:35.515+0000] {logging_mixin.py:188} INFO - [✓] Processed snapshot 2024-10
[2025-06-26T14:32:36.041+0000] {logging_mixin.py:188} INFO - [✓] Processed snapshot 2024-11
[2025-06-26T14:32:36.851+0000] {logging_mixin.py:188} INFO - [✓] Processed snapshot 2024-12
[2025-06-26T14:32:37.471+0000] {logging_mixin.py:188} INFO - [✓] Processed snapshot 2025-01
[2025-06-26T14:32:37.515+0000] {logging_mixin.py:188} INFO - [✓] Monitoring summary saved to data_mart/gold/monitoring/monitoring_20250626_143237.parquet
[2025-06-26T14:32:37.516+0000] {python.py:237} INFO - Done. Returned value was: None
[2025-06-26T14:32:37.518+0000] {taskinstance.py:441} INFO - ::group::Post task execution logs
[2025-06-26T14:32:37.536+0000] {taskinstance.py:1206} INFO - Marking task as SUCCESS. dag_id=loan_credit_ml, task_id=monitoring, run_id=scheduled__2025-02-01T03:00:00+00:00, execution_date=20250201T030000, start_date=20250626T143234, end_date=20250626T143237
[2025-06-26T14:32:37.568+0000] {local_task_job_runner.py:240} INFO - Task exited with return code 0
[2025-06-26T14:32:37.593+0000] {taskinstance.py:3503} INFO - 0 downstream tasks scheduled from follow-on schedule check
[2025-06-26T14:32:37.598+0000] {local_task_job_runner.py:222} INFO - ::endgroup::
