[2025-06-26T14:29:26.781+0000] {local_task_job_runner.py:120} INFO - ::group::Pre task execution logs
[2025-06-26T14:29:26.819+0000] {taskinstance.py:2076} INFO - Dependencies all met for dep_context=non-requeueable deps ti=<TaskInstance: loan_credit_ml.monitoring scheduled__2025-01-01T03:00:00+00:00 [queued]>
[2025-06-26T14:29:26.830+0000] {taskinstance.py:2076} INFO - Dependencies all met for dep_context=requeueable deps ti=<TaskInstance: loan_credit_ml.monitoring scheduled__2025-01-01T03:00:00+00:00 [queued]>
[2025-06-26T14:29:26.831+0000] {taskinstance.py:2306} INFO - Starting attempt 1 of 2
[2025-06-26T14:29:26.853+0000] {taskinstance.py:2330} INFO - Executing <Task(PythonOperator): monitoring> on 2025-01-01 03:00:00+00:00
[2025-06-26T14:29:26.867+0000] {standard_task_runner.py:90} INFO - Running: ['***', 'tasks', 'run', 'loan_credit_ml', 'monitoring', 'scheduled__2025-01-01T03:00:00+00:00', '--job-id', '19', '--raw', '--subdir', 'DAGS_FOLDER/loan_ml_pipeline_dag.py', '--cfg-path', '/tmp/tmp_mhm_woq']
[2025-06-26T14:29:26.870+0000] {standard_task_runner.py:91} INFO - Job 19: Subtask monitoring
[2025-06-26T14:29:26.871+0000] {logging_mixin.py:188} WARNING - /home/***/.local/lib/python3.12/site-packages/***/task/task_runner/standard_task_runner.py:61 DeprecationWarning: This process (pid=999) is multi-threaded, use of fork() may lead to deadlocks in the child.
[2025-06-26T14:29:26.872+0000] {standard_task_runner.py:63} INFO - Started process 1009 to run task
[2025-06-26T14:29:26.943+0000] {task_command.py:426} INFO - Running <TaskInstance: loan_credit_ml.monitoring scheduled__2025-01-01T03:00:00+00:00 [running]> on host 0192db86dfc6
[2025-06-26T14:29:27.090+0000] {taskinstance.py:2648} INFO - Exporting env vars: AIRFLOW_CTX_DAG_OWNER='data-team' AIRFLOW_CTX_DAG_ID='loan_credit_ml' AIRFLOW_CTX_TASK_ID='monitoring' AIRFLOW_CTX_EXECUTION_DATE='2025-01-01T03:00:00+00:00' AIRFLOW_CTX_TRY_NUMBER='1' AIRFLOW_CTX_DAG_RUN_ID='scheduled__2025-01-01T03:00:00+00:00'
[2025-06-26T14:29:27.092+0000] {taskinstance.py:430} INFO - ::endgroup::
[2025-06-26T14:29:28.022+0000] {logging_mixin.py:188} INFO - [✓] Processed snapshot 2024-10
[2025-06-26T14:29:28.613+0000] {logging_mixin.py:188} INFO - [✓] Processed snapshot 2024-11
[2025-06-26T14:29:29.038+0000] {logging_mixin.py:188} INFO - [✓] Processed snapshot 2024-12
[2025-06-26T14:29:29.436+0000] {logging_mixin.py:188} INFO - [✓] Processed snapshot 2025-01
[2025-06-26T14:29:29.493+0000] {logging_mixin.py:188} INFO - [✓] Monitoring summary saved to data_mart/gold/monitoring/monitoring_20250626_142929.parquet
[2025-06-26T14:29:29.494+0000] {python.py:237} INFO - Done. Returned value was: None
[2025-06-26T14:29:29.495+0000] {taskinstance.py:441} INFO - ::group::Post task execution logs
[2025-06-26T14:29:29.509+0000] {taskinstance.py:1206} INFO - Marking task as SUCCESS. dag_id=loan_credit_ml, task_id=monitoring, run_id=scheduled__2025-01-01T03:00:00+00:00, execution_date=20250101T030000, start_date=20250626T142926, end_date=20250626T142929
[2025-06-26T14:29:29.579+0000] {local_task_job_runner.py:240} INFO - Task exited with return code 0
[2025-06-26T14:29:29.603+0000] {taskinstance.py:3503} INFO - 0 downstream tasks scheduled from follow-on schedule check
[2025-06-26T14:29:29.607+0000] {local_task_job_runner.py:222} INFO - ::endgroup::
