[2025-06-26T14:29:46.349+0000] {local_task_job_runner.py:120} INFO - ::group::Pre task execution logs
[2025-06-26T14:29:46.399+0000] {taskinstance.py:2076} INFO - Dependencies all met for dep_context=non-requeueable deps ti=<TaskInstance: loan_credit_ml.training scheduled__2025-02-01T03:00:00+00:00 [queued]>
[2025-06-26T14:29:46.416+0000] {taskinstance.py:2076} INFO - Dependencies all met for dep_context=requeueable deps ti=<TaskInstance: loan_credit_ml.training scheduled__2025-02-01T03:00:00+00:00 [queued]>
[2025-06-26T14:29:46.417+0000] {taskinstance.py:2306} INFO - Starting attempt 1 of 2
[2025-06-26T14:29:46.438+0000] {taskinstance.py:2330} INFO - Executing <Task(PythonOperator): training> on 2025-02-01 03:00:00+00:00
[2025-06-26T14:29:46.456+0000] {standard_task_runner.py:90} INFO - Running: ['***', 'tasks', 'run', 'loan_credit_ml', 'training', 'scheduled__2025-02-01T03:00:00+00:00', '--job-id', '21', '--raw', '--subdir', 'DAGS_FOLDER/loan_ml_pipeline_dag.py', '--cfg-path', '/tmp/tmpw16l15k0']
[2025-06-26T14:29:46.459+0000] {standard_task_runner.py:91} INFO - Job 21: Subtask training
[2025-06-26T14:29:46.460+0000] {logging_mixin.py:188} WARNING - /home/***/.local/lib/python3.12/site-packages/***/task/task_runner/standard_task_runner.py:61 DeprecationWarning: This process (pid=1035) is multi-threaded, use of fork() may lead to deadlocks in the child.
[2025-06-26T14:29:46.461+0000] {standard_task_runner.py:63} INFO - Started process 1045 to run task
[2025-06-26T14:29:46.533+0000] {task_command.py:426} INFO - Running <TaskInstance: loan_credit_ml.training scheduled__2025-02-01T03:00:00+00:00 [running]> on host 0192db86dfc6
[2025-06-26T14:29:46.672+0000] {taskinstance.py:2648} INFO - Exporting env vars: AIRFLOW_CTX_DAG_OWNER='data-team' AIRFLOW_CTX_DAG_ID='loan_credit_ml' AIRFLOW_CTX_TASK_ID='training' AIRFLOW_CTX_EXECUTION_DATE='2025-02-01T03:00:00+00:00' AIRFLOW_CTX_TRY_NUMBER='1' AIRFLOW_CTX_DAG_RUN_ID='scheduled__2025-02-01T03:00:00+00:00'
[2025-06-26T14:29:46.674+0000] {taskinstance.py:430} INFO - ::endgroup::
[2025-06-26T14:29:46.701+0000] {logging_mixin.py:188} INFO - Date config for this run: {'train_test_start_date': '2023-05-01', 'train_test_end_date': '2024-10-31', 'oot_start_date': '2024-11-01', 'oot_end_date': '2025-01-31', 'train_test_ratio': 0.8, 'model_train_date_str': '2025-02-01'}
[2025-06-26T14:29:49.591+0000] {logging_mixin.py:188} INFO - Fitting 3 folds for each of 10 candidates, totalling 30 fits
[2025-06-26T14:32:26.468+0000] {logging_mixin.py:188} INFO - ✓ Model artefact saved → model_bank/credit_model_2025_02_01.pkl
[2025-06-26T14:32:26.475+0000] {python.py:237} INFO - Done. Returned value was: None
[2025-06-26T14:32:26.477+0000] {taskinstance.py:441} INFO - ::group::Post task execution logs
[2025-06-26T14:32:26.491+0000] {taskinstance.py:1206} INFO - Marking task as SUCCESS. dag_id=loan_credit_ml, task_id=training, run_id=scheduled__2025-02-01T03:00:00+00:00, execution_date=20250201T030000, start_date=20250626T142946, end_date=20250626T143226
[2025-06-26T14:32:26.546+0000] {local_task_job_runner.py:240} INFO - Task exited with return code 0
[2025-06-26T14:32:26.576+0000] {taskinstance.py:3503} INFO - 1 downstream tasks scheduled from follow-on schedule check
[2025-06-26T14:32:26.581+0000] {local_task_job_runner.py:222} INFO - ::endgroup::
