[2025-06-26T14:09:59.448+0000] {local_task_job_runner.py:120} INFO - ::group::Pre task execution logs
[2025-06-26T14:09:59.479+0000] {taskinstance.py:2076} INFO - Dependencies all met for dep_context=non-requeueable deps ti=<TaskInstance: loan_credit_ml.monitoring scheduled__2024-12-01T03:00:00+00:00 [queued]>
[2025-06-26T14:09:59.489+0000] {taskinstance.py:2076} INFO - Dependencies all met for dep_context=requeueable deps ti=<TaskInstance: loan_credit_ml.monitoring scheduled__2024-12-01T03:00:00+00:00 [queued]>
[2025-06-26T14:09:59.489+0000] {taskinstance.py:2306} INFO - Starting attempt 1 of 2
[2025-06-26T14:09:59.507+0000] {taskinstance.py:2330} INFO - Executing <Task(PythonOperator): monitoring> on 2024-12-01 03:00:00+00:00
[2025-06-26T14:09:59.521+0000] {standard_task_runner.py:90} INFO - Running: ['***', 'tasks', 'run', 'loan_credit_ml', 'monitoring', 'scheduled__2024-12-01T03:00:00+00:00', '--job-id', '15', '--raw', '--subdir', 'DAGS_FOLDER/loan_ml_pipeline_dag.py', '--cfg-path', '/tmp/tmpjfail429']
[2025-06-26T14:09:59.524+0000] {standard_task_runner.py:91} INFO - Job 15: Subtask monitoring
[2025-06-26T14:09:59.525+0000] {logging_mixin.py:188} WARNING - /home/***/.local/lib/python3.12/site-packages/***/task/task_runner/standard_task_runner.py:61 DeprecationWarning: This process (pid=809) is multi-threaded, use of fork() may lead to deadlocks in the child.
[2025-06-26T14:09:59.526+0000] {standard_task_runner.py:63} INFO - Started process 819 to run task
[2025-06-26T14:09:59.584+0000] {task_command.py:426} INFO - Running <TaskInstance: loan_credit_ml.monitoring scheduled__2024-12-01T03:00:00+00:00 [running]> on host ab9233100691
[2025-06-26T14:09:59.725+0000] {taskinstance.py:2648} INFO - Exporting env vars: AIRFLOW_CTX_DAG_OWNER='data-team' AIRFLOW_CTX_DAG_ID='loan_credit_ml' AIRFLOW_CTX_TASK_ID='monitoring' AIRFLOW_CTX_EXECUTION_DATE='2024-12-01T03:00:00+00:00' AIRFLOW_CTX_TRY_NUMBER='1' AIRFLOW_CTX_DAG_RUN_ID='scheduled__2024-12-01T03:00:00+00:00'
[2025-06-26T14:09:59.727+0000] {taskinstance.py:430} INFO - ::endgroup::
[2025-06-26T14:10:00.299+0000] {logging_mixin.py:188} INFO - [✓] Processed snapshot 2024-10
[2025-06-26T14:10:00.888+0000] {logging_mixin.py:188} INFO - [✓] Processed snapshot 2024-11
[2025-06-26T14:10:01.445+0000] {logging_mixin.py:188} INFO - [✓] Processed snapshot 2024-12
[2025-06-26T14:10:01.521+0000] {logging_mixin.py:188} INFO - [✓] Monitoring summary saved to data_mart/gold/monitoring/monitoring_20250626_141001.parquet
[2025-06-26T14:10:01.523+0000] {python.py:237} INFO - Done. Returned value was: None
[2025-06-26T14:10:01.524+0000] {taskinstance.py:441} INFO - ::group::Post task execution logs
[2025-06-26T14:10:01.538+0000] {taskinstance.py:1206} INFO - Marking task as SUCCESS. dag_id=loan_credit_ml, task_id=monitoring, run_id=scheduled__2024-12-01T03:00:00+00:00, execution_date=20241201T030000, start_date=20250626T140959, end_date=20250626T141001
[2025-06-26T14:10:01.591+0000] {local_task_job_runner.py:240} INFO - Task exited with return code 0
[2025-06-26T14:10:01.615+0000] {taskinstance.py:3503} INFO - 0 downstream tasks scheduled from follow-on schedule check
[2025-06-26T14:10:01.622+0000] {local_task_job_runner.py:222} INFO - ::endgroup::
[2025-06-26T14:25:30.837+0000] {local_task_job_runner.py:120} INFO - ::group::Pre task execution logs
[2025-06-26T14:25:30.885+0000] {taskinstance.py:2076} INFO - Dependencies all met for dep_context=non-requeueable deps ti=<TaskInstance: loan_credit_ml.monitoring scheduled__2024-12-01T03:00:00+00:00 [queued]>
[2025-06-26T14:25:30.897+0000] {taskinstance.py:2076} INFO - Dependencies all met for dep_context=requeueable deps ti=<TaskInstance: loan_credit_ml.monitoring scheduled__2024-12-01T03:00:00+00:00 [queued]>
[2025-06-26T14:25:30.898+0000] {taskinstance.py:2306} INFO - Starting attempt 1 of 2
[2025-06-26T14:25:30.924+0000] {taskinstance.py:2330} INFO - Executing <Task(PythonOperator): monitoring> on 2024-12-01 03:00:00+00:00
[2025-06-26T14:25:30.940+0000] {standard_task_runner.py:90} INFO - Running: ['***', 'tasks', 'run', 'loan_credit_ml', 'monitoring', 'scheduled__2024-12-01T03:00:00+00:00', '--job-id', '15', '--raw', '--subdir', 'DAGS_FOLDER/loan_ml_pipeline_dag.py', '--cfg-path', '/tmp/tmp2jv0ewke']
[2025-06-26T14:25:30.944+0000] {standard_task_runner.py:91} INFO - Job 15: Subtask monitoring
[2025-06-26T14:25:30.945+0000] {logging_mixin.py:188} WARNING - /home/***/.local/lib/python3.12/site-packages/***/task/task_runner/standard_task_runner.py:61 DeprecationWarning: This process (pid=809) is multi-threaded, use of fork() may lead to deadlocks in the child.
[2025-06-26T14:25:30.947+0000] {standard_task_runner.py:63} INFO - Started process 819 to run task
[2025-06-26T14:25:31.026+0000] {task_command.py:426} INFO - Running <TaskInstance: loan_credit_ml.monitoring scheduled__2024-12-01T03:00:00+00:00 [running]> on host 0192db86dfc6
[2025-06-26T14:25:31.174+0000] {taskinstance.py:2648} INFO - Exporting env vars: AIRFLOW_CTX_DAG_OWNER='data-team' AIRFLOW_CTX_DAG_ID='loan_credit_ml' AIRFLOW_CTX_TASK_ID='monitoring' AIRFLOW_CTX_EXECUTION_DATE='2024-12-01T03:00:00+00:00' AIRFLOW_CTX_TRY_NUMBER='1' AIRFLOW_CTX_DAG_RUN_ID='scheduled__2024-12-01T03:00:00+00:00'
[2025-06-26T14:25:31.176+0000] {taskinstance.py:430} INFO - ::endgroup::
[2025-06-26T14:25:32.534+0000] {logging_mixin.py:188} INFO - [✓] Processed snapshot 2024-10
[2025-06-26T14:25:33.265+0000] {logging_mixin.py:188} INFO - [✓] Processed snapshot 2024-11
[2025-06-26T14:25:34.012+0000] {logging_mixin.py:188} INFO - [✓] Processed snapshot 2024-12
[2025-06-26T14:25:34.069+0000] {logging_mixin.py:188} INFO - [✓] Monitoring summary saved to data_mart/gold/monitoring/monitoring_20250626_142534.parquet
[2025-06-26T14:25:34.070+0000] {python.py:237} INFO - Done. Returned value was: None
[2025-06-26T14:25:34.071+0000] {taskinstance.py:441} INFO - ::group::Post task execution logs
[2025-06-26T14:25:34.088+0000] {taskinstance.py:1206} INFO - Marking task as SUCCESS. dag_id=loan_credit_ml, task_id=monitoring, run_id=scheduled__2024-12-01T03:00:00+00:00, execution_date=20241201T030000, start_date=20250626T142530, end_date=20250626T142534
[2025-06-26T14:25:34.138+0000] {local_task_job_runner.py:240} INFO - Task exited with return code 0
[2025-06-26T14:25:34.169+0000] {taskinstance.py:3503} INFO - 0 downstream tasks scheduled from follow-on schedule check
[2025-06-26T14:25:34.173+0000] {local_task_job_runner.py:222} INFO - ::endgroup::
