[2025-06-26T14:35:33.677+0000] {local_task_job_runner.py:120} INFO - ::group::Pre task execution logs
[2025-06-26T14:35:33.722+0000] {taskinstance.py:2076} INFO - Dependencies all met for dep_context=non-requeueable deps ti=<TaskInstance: loan_credit_ml.inference scheduled__2025-03-01T03:00:00+00:00 [queued]>
[2025-06-26T14:35:33.732+0000] {taskinstance.py:2076} INFO - Dependencies all met for dep_context=requeueable deps ti=<TaskInstance: loan_credit_ml.inference scheduled__2025-03-01T03:00:00+00:00 [queued]>
[2025-06-26T14:35:33.733+0000] {taskinstance.py:2306} INFO - Starting attempt 1 of 2
[2025-06-26T14:35:33.752+0000] {taskinstance.py:2330} INFO - Executing <Task(PythonOperator): inference> on 2025-03-01 03:00:00+00:00
[2025-06-26T14:35:33.767+0000] {standard_task_runner.py:90} INFO - Running: ['***', 'tasks', 'run', 'loan_credit_ml', 'inference', 'scheduled__2025-03-01T03:00:00+00:00', '--job-id', '26', '--raw', '--subdir', 'DAGS_FOLDER/loan_ml_pipeline_dag.py', '--cfg-path', '/tmp/tmpevuhsffr']
[2025-06-26T14:35:33.772+0000] {logging_mixin.py:188} WARNING - /home/***/.local/lib/python3.12/site-packages/***/task/task_runner/standard_task_runner.py:61 DeprecationWarning: This process (pid=1306) is multi-threaded, use of fork() may lead to deadlocks in the child.
[2025-06-26T14:35:33.774+0000] {standard_task_runner.py:91} INFO - Job 26: Subtask inference
[2025-06-26T14:35:33.774+0000] {standard_task_runner.py:63} INFO - Started process 1316 to run task
[2025-06-26T14:35:33.860+0000] {task_command.py:426} INFO - Running <TaskInstance: loan_credit_ml.inference scheduled__2025-03-01T03:00:00+00:00 [running]> on host 0192db86dfc6
[2025-06-26T14:35:33.994+0000] {taskinstance.py:2648} INFO - Exporting env vars: AIRFLOW_CTX_DAG_OWNER='data-team' AIRFLOW_CTX_DAG_ID='loan_credit_ml' AIRFLOW_CTX_TASK_ID='inference' AIRFLOW_CTX_EXECUTION_DATE='2025-03-01T03:00:00+00:00' AIRFLOW_CTX_TRY_NUMBER='1' AIRFLOW_CTX_DAG_RUN_ID='scheduled__2025-03-01T03:00:00+00:00'
[2025-06-26T14:35:33.997+0000] {taskinstance.py:430} INFO - ::endgroup::
[2025-06-26T14:35:34.386+0000] {logging_mixin.py:188} INFO - [✓] Selected best model 'credit_model_2025_01_01.pkl'  (auc_oot=0.8134)
[2025-06-26T14:35:36.925+0000] {logging_mixin.py:188} INFO - [!] Skipped 2025-03 – No feature data.
[2025-06-26T14:35:36.927+0000] {python.py:237} INFO - Done. Returned value was: None
[2025-06-26T14:35:36.928+0000] {taskinstance.py:441} INFO - ::group::Post task execution logs
[2025-06-26T14:35:36.944+0000] {taskinstance.py:1206} INFO - Marking task as SUCCESS. dag_id=loan_credit_ml, task_id=inference, run_id=scheduled__2025-03-01T03:00:00+00:00, execution_date=20250301T030000, start_date=20250626T143533, end_date=20250626T143536
[2025-06-26T14:35:37.010+0000] {local_task_job_runner.py:240} INFO - Task exited with return code 0
[2025-06-26T14:35:37.046+0000] {taskinstance.py:3503} INFO - 1 downstream tasks scheduled from follow-on schedule check
[2025-06-26T14:35:37.052+0000] {local_task_job_runner.py:222} INFO - ::endgroup::
