[2025-06-26T14:06:39.960+0000] {local_task_job_runner.py:120} INFO - ::group::Pre task execution logs
[2025-06-26T14:06:39.997+0000] {taskinstance.py:2076} INFO - Dependencies all met for dep_context=non-requeueable deps ti=<TaskInstance: loan_credit_ml.monitoring scheduled__2024-11-01T03:00:00+00:00 [queued]>
[2025-06-26T14:06:40.009+0000] {taskinstance.py:2076} INFO - Dependencies all met for dep_context=requeueable deps ti=<TaskInstance: loan_credit_ml.monitoring scheduled__2024-11-01T03:00:00+00:00 [queued]>
[2025-06-26T14:06:40.010+0000] {taskinstance.py:2306} INFO - Starting attempt 1 of 2
[2025-06-26T14:06:40.034+0000] {taskinstance.py:2330} INFO - Executing <Task(PythonOperator): monitoring> on 2024-11-01 03:00:00+00:00
[2025-06-26T14:06:40.056+0000] {standard_task_runner.py:90} INFO - Running: ['***', 'tasks', 'run', 'loan_credit_ml', 'monitoring', 'scheduled__2024-11-01T03:00:00+00:00', '--job-id', '11', '--raw', '--subdir', 'DAGS_FOLDER/loan_ml_pipeline_dag.py', '--cfg-path', '/tmp/tmp4y6u4m7v']
[2025-06-26T14:06:40.062+0000] {standard_task_runner.py:91} INFO - Job 11: Subtask monitoring
[2025-06-26T14:06:40.065+0000] {logging_mixin.py:188} WARNING - /home/***/.local/lib/python3.12/site-packages/***/task/task_runner/standard_task_runner.py:61 DeprecationWarning: This process (pid=633) is multi-threaded, use of fork() may lead to deadlocks in the child.
[2025-06-26T14:06:40.067+0000] {standard_task_runner.py:63} INFO - Started process 643 to run task
[2025-06-26T14:06:40.134+0000] {task_command.py:426} INFO - Running <TaskInstance: loan_credit_ml.monitoring scheduled__2024-11-01T03:00:00+00:00 [running]> on host ab9233100691
[2025-06-26T14:06:40.269+0000] {taskinstance.py:2648} INFO - Exporting env vars: AIRFLOW_CTX_DAG_OWNER='data-team' AIRFLOW_CTX_DAG_ID='loan_credit_ml' AIRFLOW_CTX_TASK_ID='monitoring' AIRFLOW_CTX_EXECUTION_DATE='2024-11-01T03:00:00+00:00' AIRFLOW_CTX_TRY_NUMBER='1' AIRFLOW_CTX_DAG_RUN_ID='scheduled__2024-11-01T03:00:00+00:00'
[2025-06-26T14:06:40.270+0000] {taskinstance.py:430} INFO - ::endgroup::
[2025-06-26T14:06:41.053+0000] {logging_mixin.py:188} INFO - [✓] Processed snapshot 2024-10
[2025-06-26T14:06:41.505+0000] {logging_mixin.py:188} INFO - [✓] Processed snapshot 2024-11
[2025-06-26T14:06:41.579+0000] {logging_mixin.py:188} INFO - [✓] Monitoring summary saved to data_mart/gold/monitoring/monitoring_20250626_140641.parquet
[2025-06-26T14:06:41.580+0000] {python.py:237} INFO - Done. Returned value was: None
[2025-06-26T14:06:41.580+0000] {taskinstance.py:441} INFO - ::group::Post task execution logs
[2025-06-26T14:06:41.593+0000] {taskinstance.py:1206} INFO - Marking task as SUCCESS. dag_id=loan_credit_ml, task_id=monitoring, run_id=scheduled__2024-11-01T03:00:00+00:00, execution_date=20241101T030000, start_date=20250626T140639, end_date=20250626T140641
[2025-06-26T14:06:41.648+0000] {local_task_job_runner.py:240} INFO - Task exited with return code 0
[2025-06-26T14:06:41.668+0000] {taskinstance.py:3503} INFO - 0 downstream tasks scheduled from follow-on schedule check
[2025-06-26T14:06:41.673+0000] {local_task_job_runner.py:222} INFO - ::endgroup::
[2025-06-26T14:21:36.821+0000] {local_task_job_runner.py:120} INFO - ::group::Pre task execution logs
[2025-06-26T14:21:36.858+0000] {taskinstance.py:2076} INFO - Dependencies all met for dep_context=non-requeueable deps ti=<TaskInstance: loan_credit_ml.monitoring scheduled__2024-11-01T03:00:00+00:00 [queued]>
[2025-06-26T14:21:36.871+0000] {taskinstance.py:2076} INFO - Dependencies all met for dep_context=requeueable deps ti=<TaskInstance: loan_credit_ml.monitoring scheduled__2024-11-01T03:00:00+00:00 [queued]>
[2025-06-26T14:21:36.872+0000] {taskinstance.py:2306} INFO - Starting attempt 1 of 2
[2025-06-26T14:21:36.890+0000] {taskinstance.py:2330} INFO - Executing <Task(PythonOperator): monitoring> on 2024-11-01 03:00:00+00:00
[2025-06-26T14:21:36.910+0000] {standard_task_runner.py:90} INFO - Running: ['***', 'tasks', 'run', 'loan_credit_ml', 'monitoring', 'scheduled__2024-11-01T03:00:00+00:00', '--job-id', '11', '--raw', '--subdir', 'DAGS_FOLDER/loan_ml_pipeline_dag.py', '--cfg-path', '/tmp/tmpdxs930yo']
[2025-06-26T14:21:36.915+0000] {standard_task_runner.py:91} INFO - Job 11: Subtask monitoring
[2025-06-26T14:21:36.918+0000] {logging_mixin.py:188} WARNING - /home/***/.local/lib/python3.12/site-packages/***/task/task_runner/standard_task_runner.py:61 DeprecationWarning: This process (pid=619) is multi-threaded, use of fork() may lead to deadlocks in the child.
[2025-06-26T14:21:36.919+0000] {standard_task_runner.py:63} INFO - Started process 629 to run task
[2025-06-26T14:21:37.012+0000] {task_command.py:426} INFO - Running <TaskInstance: loan_credit_ml.monitoring scheduled__2024-11-01T03:00:00+00:00 [running]> on host 0192db86dfc6
[2025-06-26T14:21:37.178+0000] {taskinstance.py:2648} INFO - Exporting env vars: AIRFLOW_CTX_DAG_OWNER='data-team' AIRFLOW_CTX_DAG_ID='loan_credit_ml' AIRFLOW_CTX_TASK_ID='monitoring' AIRFLOW_CTX_EXECUTION_DATE='2024-11-01T03:00:00+00:00' AIRFLOW_CTX_TRY_NUMBER='1' AIRFLOW_CTX_DAG_RUN_ID='scheduled__2024-11-01T03:00:00+00:00'
[2025-06-26T14:21:37.180+0000] {taskinstance.py:430} INFO - ::endgroup::
[2025-06-26T14:21:37.818+0000] {logging_mixin.py:188} INFO - [✓] Processed snapshot 2024-10
[2025-06-26T14:21:38.279+0000] {logging_mixin.py:188} INFO - [✓] Processed snapshot 2024-11
[2025-06-26T14:21:38.344+0000] {logging_mixin.py:188} INFO - [✓] Monitoring summary saved to data_mart/gold/monitoring/monitoring_20250626_142138.parquet
[2025-06-26T14:21:38.345+0000] {python.py:237} INFO - Done. Returned value was: None
[2025-06-26T14:21:38.346+0000] {taskinstance.py:441} INFO - ::group::Post task execution logs
[2025-06-26T14:21:38.366+0000] {taskinstance.py:1206} INFO - Marking task as SUCCESS. dag_id=loan_credit_ml, task_id=monitoring, run_id=scheduled__2024-11-01T03:00:00+00:00, execution_date=20241101T030000, start_date=20250626T142136, end_date=20250626T142138
[2025-06-26T14:21:38.422+0000] {local_task_job_runner.py:240} INFO - Task exited with return code 0
[2025-06-26T14:21:38.446+0000] {taskinstance.py:3503} INFO - 0 downstream tasks scheduled from follow-on schedule check
[2025-06-26T14:21:38.450+0000] {local_task_job_runner.py:222} INFO - ::endgroup::
