[2025-06-26T11:33:16.409+0000] {local_task_job_runner.py:120} INFO - ::group::Pre task execution logs
[2025-06-26T11:33:16.532+0000] {taskinstance.py:2076} INFO - Dependencies all met for dep_context=non-requeueable deps ti=<TaskInstance: loan_credit_ml.inference manual__2025-06-26T11:26:12.608957+00:00 [queued]>
[2025-06-26T11:33:16.561+0000] {taskinstance.py:2076} INFO - Dependencies all met for dep_context=requeueable deps ti=<TaskInstance: loan_credit_ml.inference manual__2025-06-26T11:26:12.608957+00:00 [queued]>
[2025-06-26T11:33:16.562+0000] {taskinstance.py:2306} INFO - Starting attempt 1 of 2
[2025-06-26T11:33:16.614+0000] {taskinstance.py:2330} INFO - Executing <Task(PythonOperator): inference> on 2025-06-26 11:26:12.608957+00:00
[2025-06-26T11:33:16.672+0000] {standard_task_runner.py:90} INFO - Running: ['***', 'tasks', 'run', 'loan_credit_ml', 'inference', 'manual__2025-06-26T11:26:12.608957+00:00', '--job-id', '72', '--raw', '--subdir', 'DAGS_FOLDER/loan_ml_pipeline_dag.py', '--cfg-path', '/tmp/tmpclsidisr']
[2025-06-26T11:33:16.680+0000] {standard_task_runner.py:91} INFO - Job 72: Subtask inference
[2025-06-26T11:33:16.697+0000] {logging_mixin.py:188} WARNING - /home/***/.local/lib/python3.12/site-packages/***/task/task_runner/standard_task_runner.py:61 DeprecationWarning: This process (pid=486) is multi-threaded, use of fork() may lead to deadlocks in the child.
[2025-06-26T11:33:16.701+0000] {standard_task_runner.py:63} INFO - Started process 496 to run task
[2025-06-26T11:33:17.031+0000] {task_command.py:426} INFO - Running <TaskInstance: loan_credit_ml.inference manual__2025-06-26T11:26:12.608957+00:00 [running]> on host 0aa00e2dc6c2
[2025-06-26T11:33:17.185+0000] {taskinstance.py:2648} INFO - Exporting env vars: AIRFLOW_CTX_DAG_OWNER='data-team' AIRFLOW_CTX_DAG_ID='loan_credit_ml' AIRFLOW_CTX_TASK_ID='inference' AIRFLOW_CTX_EXECUTION_DATE='2025-06-26T11:26:12.608957+00:00' AIRFLOW_CTX_TRY_NUMBER='1' AIRFLOW_CTX_DAG_RUN_ID='manual__2025-06-26T11:26:12.608957+00:00'
[2025-06-26T11:33:17.188+0000] {taskinstance.py:430} INFO - ::endgroup::
[2025-06-26T11:33:17.310+0000] {logging_mixin.py:188} INFO - [✓] Selected best model 'credit_model_2025_06_26.pkl'  (auc_oot=0.7992)
[2025-06-26T11:33:21.873+0000] {logging_mixin.py:188} INFO - [!] Skipped 2025-06 – No feature data.
[2025-06-26T11:33:21.875+0000] {python.py:237} INFO - Done. Returned value was: None
[2025-06-26T11:33:21.877+0000] {taskinstance.py:441} INFO - ::group::Post task execution logs
[2025-06-26T11:33:21.892+0000] {taskinstance.py:1206} INFO - Marking task as SUCCESS. dag_id=loan_credit_ml, task_id=inference, run_id=manual__2025-06-26T11:26:12.608957+00:00, execution_date=20250626T112612, start_date=20250626T113316, end_date=20250626T113321
[2025-06-26T11:33:21.937+0000] {local_task_job_runner.py:240} INFO - Task exited with return code 0
[2025-06-26T11:33:21.974+0000] {taskinstance.py:3503} INFO - 1 downstream tasks scheduled from follow-on schedule check
[2025-06-26T11:33:21.978+0000] {local_task_job_runner.py:222} INFO - ::endgroup::
